<?xml version="1.0" encoding="UTF-8"?>
<testsuite xmlns:xsi="http://www.w3.org/2001/XMLSchema-instance" xsi:noNamespaceSchemaLocation="https://maven.apache.org/surefire/maven-surefire-plugin/xsd/surefire-test-report-3.0.xsd" version="3.0" name="com.example.rentalcars.RentalcarsApplicationTests" time="6.009" tests="1" errors="1" skipped="0" failures="0">
  <properties>
    <property name="java.specification.version" value="17"/>
    <property name="sun.cpu.isalist" value="amd64"/>
    <property name="sun.jnu.encoding" value="Cp1250"/>
    <property name="java.class.path" value="E:\lukkulrepo\Rental-Car-App\rentalcars\target\test-classes;E:\lukkulrepo\Rental-Car-App\rentalcars\target\classes;C:\Users\PROBIZ\.m2\repository\com\vaadin\vaadin\24.1.3\vaadin-24.1.3.jar;C:\Users\PROBIZ\.m2\repository\com\vaadin\vaadin-internal\24.1.3\vaadin-internal-24.1.3.jar;C:\Users\PROBIZ\.m2\repository\com\vaadin\vaadin-core-internal\24.1.3\vaadin-core-internal-24.1.3.jar;C:\Users\PROBIZ\.m2\repository\com\vaadin\flow-lit-template\24.1.4\flow-lit-template-24.1.4.jar;C:\Users\PROBIZ\.m2\repository\com\vaadin\flow-html-components\24.1.4\flow-html-components-24.1.4.jar;C:\Users\PROBIZ\.m2\repository\com\vaadin\flow-data\24.1.4\flow-data-24.1.4.jar;C:\Users\PROBIZ\.m2\repository\com\vaadin\flow-dnd\24.1.4\flow-dnd-24.1.4.jar;C:\Users\PROBIZ\.m2\repository\com\vaadin\vaadin-lumo-theme\24.1.3\vaadin-lumo-theme-24.1.3.jar;C:\Users\PROBIZ\.m2\repository\com\vaadin\vaadin-material-theme\24.1.3\vaadin-material-theme-24.1.3.jar;C:\Users\PROBIZ\.m2\repository\com\vaadin\vaadin-accordion-flow\24.1.3\vaadin-accordion-flow-24.1.3.jar;C:\Users\PROBIZ\.m2\repository\com\vaadin\vaadin-avatar-flow\24.1.3\vaadin-avatar-flow-24.1.3.jar;C:\Users\PROBIZ\.m2\repository\com\vaadin\vaadin-button-flow\24.1.3\vaadin-button-flow-24.1.3.jar;C:\Users\PROBIZ\.m2\repository\com\vaadin\vaadin-checkbox-flow\24.1.3\vaadin-checkbox-flow-24.1.3.jar;C:\Users\PROBIZ\.m2\repository\com\vaadin\vaadin-combo-box-flow\24.1.3\vaadin-combo-box-flow-24.1.3.jar;C:\Users\PROBIZ\.m2\repository\com\vaadin\vaadin-confirm-dialog-flow\24.1.3\vaadin-confirm-dialog-flow-24.1.3.jar;C:\Users\PROBIZ\.m2\repository\com\vaadin\vaadin-custom-field-flow\24.1.3\vaadin-custom-field-flow-24.1.3.jar;C:\Users\PROBIZ\.m2\repository\com\vaadin\vaadin-date-picker-flow\24.1.3\vaadin-date-picker-flow-24.1.3.jar;C:\Users\PROBIZ\.m2\repository\com\vaadin\vaadin-date-time-picker-flow\24.1.3\vaadin-date-time-picker-flow-24.1.3.jar;C:\Users\PROBIZ\.m2\repository\com\vaadin\vaadin-details-flow\24.1.3\vaadin-details-flow-24.1.3.jar;C:\Users\PROBIZ\.m2\repository\com\vaadin\vaadin-time-picker-flow\24.1.3\vaadin-time-picker-flow-24.1.3.jar;C:\Users\PROBIZ\.m2\repository\com\vaadin\vaadin-select-flow\24.1.3\vaadin-select-flow-24.1.3.jar;C:\Users\PROBIZ\.m2\repository\com\vaadin\vaadin-side-nav-flow\24.1.3\vaadin-side-nav-flow-24.1.3.jar;C:\Users\PROBIZ\.m2\repository\com\vaadin\vaadin-dialog-flow\24.1.3\vaadin-dialog-flow-24.1.3.jar;C:\Users\PROBIZ\.m2\repository\com\vaadin\vaadin-form-layout-flow\24.1.3\vaadin-form-layout-flow-24.1.3.jar;C:\Users\PROBIZ\.m2\repository\com\vaadin\vaadin-field-highlighter-flow\24.1.3\vaadin-field-highlighter-flow-24.1.3.jar;C:\Users\PROBIZ\.m2\repository\com\vaadin\vaadin-grid-flow\24.1.3\vaadin-grid-flow-24.1.3.jar;C:\Users\PROBIZ\.m2\repository\org\apache\commons\commons-lang3\3.12.0\commons-lang3-3.12.0.jar;C:\Users\PROBIZ\.m2\repository\com\vaadin\vaadin-icons-flow\24.1.3\vaadin-icons-flow-24.1.3.jar;C:\Users\PROBIZ\.m2\repository\com\vaadin\vaadin-virtual-list-flow\24.1.3\vaadin-virtual-list-flow-24.1.3.jar;C:\Users\PROBIZ\.m2\repository\com\vaadin\vaadin-list-box-flow\24.1.3\vaadin-list-box-flow-24.1.3.jar;C:\Users\PROBIZ\.m2\repository\com\vaadin\vaadin-login-flow\24.1.3\vaadin-login-flow-24.1.3.jar;C:\Users\PROBIZ\.m2\repository\com\vaadin\vaadin-messages-flow\24.1.3\vaadin-messages-flow-24.1.3.jar;C:\Users\PROBIZ\.m2\repository\com\vaadin\vaadin-ordered-layout-flow\24.1.3\vaadin-ordered-layout-flow-24.1.3.jar;C:\Users\PROBIZ\.m2\repository\com\vaadin\vaadin-progress-bar-flow\24.1.3\vaadin-progress-bar-flow-24.1.3.jar;C:\Users\PROBIZ\.m2\repository\com\vaadin\vaadin-radio-button-flow\24.1.3\vaadin-radio-button-flow-24.1.3.jar;C:\Users\PROBIZ\.m2\repository\com\vaadin\vaadin-renderer-flow\24.1.3\vaadin-renderer-flow-24.1.3.jar;C:\Users\PROBIZ\.m2\repository\com\vaadin\vaadin-split-layout-flow\24.1.3\vaadin-split-layout-flow-24.1.3.jar;C:\Users\PROBIZ\.m2\repository\com\vaadin\vaadin-tabs-flow\24.1.3\vaadin-tabs-flow-24.1.3.jar;C:\Users\PROBIZ\.m2\repository\com\vaadin\vaadin-text-field-flow\24.1.3\vaadin-text-field-flow-24.1.3.jar;C:\Users\PROBIZ\.m2\repository\com\vaadin\vaadin-upload-flow\24.1.3\vaadin-upload-flow-24.1.3.jar;C:\Users\PROBIZ\.m2\repository\com\vaadin\vaadin-notification-flow\24.1.3\vaadin-notification-flow-24.1.3.jar;C:\Users\PROBIZ\.m2\repository\com\vaadin\vaadin-app-layout-flow\24.1.3\vaadin-app-layout-flow-24.1.3.jar;C:\Users\PROBIZ\.m2\repository\com\vaadin\vaadin-context-menu-flow\24.1.3\vaadin-context-menu-flow-24.1.3.jar;C:\Users\PROBIZ\.m2\repository\com\vaadin\vaadin-menu-bar-flow\24.1.3\vaadin-menu-bar-flow-24.1.3.jar;C:\Users\PROBIZ\.m2\repository\com\vaadin\vaadin-board-flow\24.1.3\vaadin-board-flow-24.1.3.jar;C:\Users\PROBIZ\.m2\repository\com\vaadin\vaadin-charts-flow\24.1.3\vaadin-charts-flow-24.1.3.jar;C:\Users\PROBIZ\.m2\repository\com\vaadin\vaadin-cookie-consent-flow\24.1.3\vaadin-cookie-consent-flow-24.1.3.jar;C:\Users\PROBIZ\.m2\repository\com\vaadin\vaadin-crud-flow\24.1.3\vaadin-crud-flow-24.1.3.jar;C:\Users\PROBIZ\.m2\repository\com\vaadin\vaadin-flow-components-base\24.1.3\vaadin-flow-components-base-24.1.3.jar;C:\Users\PROBIZ\.m2\repository\com\vaadin\vaadin-grid-pro-flow\24.1.3\vaadin-grid-pro-flow-24.1.3.jar;C:\Users\PROBIZ\.m2\repository\com\vaadin\vaadin-map-flow\24.1.3\vaadin-map-flow-24.1.3.jar;C:\Users\PROBIZ\.m2\repository\com\vaadin\vaadin-rich-text-editor-flow\24.1.3\vaadin-rich-text-editor-flow-24.1.3.jar;C:\Users\PROBIZ\.m2\repository\com\vaadin\collaboration-engine\6.0.0\collaboration-engine-6.0.0.jar;C:\Users\PROBIZ\.m2\repository\com\vaadin\license-checker\1.12.3\license-checker-1.12.3.jar;C:\Users\PROBIZ\.m2\repository\com\github\oshi\oshi-core\6.4.1\oshi-core-6.4.1.jar;C:\Users\PROBIZ\.m2\repository\net\java\dev\jna\jna\5.13.0\jna-5.13.0.jar;C:\Users\PROBIZ\.m2\repository\net\java\dev\jna\jna-platform\5.13.0\jna-platform-5.13.0.jar;C:\Users\PROBIZ\.m2\repository\com\nimbusds\nimbus-jose-jwt\9.31\nimbus-jose-jwt-9.31.jar;C:\Users\PROBIZ\.m2\repository\org\lucee\jcip-annotations\1.0.0\jcip-annotations-1.0.0.jar;C:\Users\PROBIZ\.m2\repository\com\vaadin\open\8.5.0\open-8.5.0.jar;C:\Users\PROBIZ\.m2\repository\com\vaadin\vaadin-core\24.1.3\vaadin-core-24.1.3.jar;C:\Users\PROBIZ\.m2\repository\com\vaadin\vaadin-dev\24.1.3\vaadin-dev-24.1.3.jar;C:\Users\PROBIZ\.m2\repository\com\vaadin\vaadin-dev-server\24.1.4\vaadin-dev-server-24.1.4.jar;C:\Users\PROBIZ\.m2\repository\com\github\javaparser\javaparser-core\3.25.3\javaparser-core-3.25.3.jar;C:\Users\PROBIZ\.m2\repository\io\methvin\directory-watcher\0.18.0\directory-watcher-0.18.0.jar;C:\Users\PROBIZ\.m2\repository\com\vaadin\vaadin-dev-bundle\24.1.3\vaadin-dev-bundle-24.1.3.jar;C:\Users\PROBIZ\.m2\repository\com\vaadin\vaadin-spring-boot-starter\24.1.3\vaadin-spring-boot-starter-24.1.3.jar;C:\Users\PROBIZ\.m2\repository\com\vaadin\vaadin-spring\24.1.4\vaadin-spring-24.1.4.jar;C:\Users\PROBIZ\.m2\repository\com\vaadin\flow-server\24.1.4\flow-server-24.1.4.jar;C:\Users\PROBIZ\.m2\repository\com\vaadin\servletdetector\throw-if-servlet3\1.0.2\throw-if-servlet3-1.0.2.jar;C:\Users\PROBIZ\.m2\repository\com\vaadin\external\gwt\gwt-elemental\2.8.2.vaadin2\gwt-elemental-2.8.2.vaadin2.jar;C:\Users\PROBIZ\.m2\repository\com\vaadin\flow-commons-upload\24.1.4\flow-commons-upload-24.1.4.jar;C:\Users\PROBIZ\.m2\repository\commons-io\commons-io\2.11.0\commons-io-2.11.0.jar;C:\Users\PROBIZ\.m2\repository\com\fasterxml\jackson\core\jackson-core\2.15.2\jackson-core-2.15.2.jar;C:\Users\PROBIZ\.m2\repository\org\jsoup\jsoup\1.16.1\jsoup-1.16.1.jar;C:\Users\PROBIZ\.m2\repository\com\helger\ph-css\7.0.0\ph-css-7.0.0.jar;C:\Users\PROBIZ\.m2\repository\com\helger\commons\ph-commons\11.0.1\ph-commons-11.0.1.jar;C:\Users\PROBIZ\.m2\repository\org\ow2\asm\asm\9.5\asm-9.5.jar;C:\Users\PROBIZ\.m2\repository\com\vaadin\external\gentyref\1.2.0.vaadin1\gentyref-1.2.0.vaadin1.jar;C:\Users\PROBIZ\.m2\repository\org\apache\commons\commons-compress\1.23.0\commons-compress-1.23.0.jar;C:\Users\PROBIZ\.m2\repository\org\apache\httpcomponents\httpclient\4.5.14\httpclient-4.5.14.jar;C:\Users\PROBIZ\.m2\repository\org\apache\httpcomponents\httpcore\4.4.16\httpcore-4.4.16.jar;C:\Users\PROBIZ\.m2\repository\commons-logging\commons-logging\1.2\commons-logging-1.2.jar;C:\Users\PROBIZ\.m2\repository\commons-codec\commons-codec\1.15\commons-codec-1.15.jar;C:\Users\PROBIZ\.m2\repository\com\vaadin\flow-push\24.1.4\flow-push-24.1.4.jar;C:\Users\PROBIZ\.m2\repository\com\vaadin\external\atmosphere\atmosphere-runtime\3.0.3.slf4jvaadin1\atmosphere-runtime-3.0.3.slf4jvaadin1.jar;C:\Users\PROBIZ\.m2\repository\com\vaadin\flow-client\24.1.4\flow-client-24.1.4.jar;C:\Users\PROBIZ\.m2\repository\org\springframework\spring-websocket\6.0.10\spring-websocket-6.0.10.jar;C:\Users\PROBIZ\.m2\repository\org\hibernate\validator\hibernate-validator\8.0.0.Final\hibernate-validator-8.0.0.Final.jar;C:\Users\PROBIZ\.m2\repository\jakarta\validation\jakarta.validation-api\3.0.2\jakarta.validation-api-3.0.2.jar;C:\Users\PROBIZ\.m2\repository\org\reflections\reflections\0.10.2\reflections-0.10.2.jar;C:\Users\PROBIZ\.m2\repository\org\javassist\javassist\3.28.0-GA\javassist-3.28.0-GA.jar;C:\Users\PROBIZ\.m2\repository\com\google\code\findbugs\jsr305\3.0.2\jsr305-3.0.2.jar;C:\Users\PROBIZ\.m2\repository\org\parttio\line-awesome\1.1.0\line-awesome-1.1.0.jar;C:\Users\PROBIZ\.m2\repository\org\springframework\boot\spring-boot-starter-data-jpa\3.1.1\spring-boot-starter-data-jpa-3.1.1.jar;C:\Users\PROBIZ\.m2\repository\org\springframework\boot\spring-boot-starter-aop\3.1.1\spring-boot-starter-aop-3.1.1.jar;C:\Users\PROBIZ\.m2\repository\org\aspectj\aspectjweaver\1.9.19\aspectjweaver-1.9.19.jar;C:\Users\PROBIZ\.m2\repository\org\springframework\boot\spring-boot-starter-jdbc\3.1.1\spring-boot-starter-jdbc-3.1.1.jar;C:\Users\PROBIZ\.m2\repository\com\zaxxer\HikariCP\5.0.1\HikariCP-5.0.1.jar;C:\Users\PROBIZ\.m2\repository\org\springframework\spring-jdbc\6.0.10\spring-jdbc-6.0.10.jar;C:\Users\PROBIZ\.m2\repository\org\hibernate\orm\hibernate-core\6.2.5.Final\hibernate-core-6.2.5.Final.jar;C:\Users\PROBIZ\.m2\repository\jakarta\persistence\jakarta.persistence-api\3.1.0\jakarta.persistence-api-3.1.0.jar;C:\Users\PROBIZ\.m2\repository\jakarta\transaction\jakarta.transaction-api\2.0.1\jakarta.transaction-api-2.0.1.jar;C:\Users\PROBIZ\.m2\repository\org\jboss\logging\jboss-logging\3.5.1.Final\jboss-logging-3.5.1.Final.jar;C:\Users\PROBIZ\.m2\repository\org\hibernate\common\hibernate-commons-annotations\6.0.6.Final\hibernate-commons-annotations-6.0.6.Final.jar;C:\Users\PROBIZ\.m2\repository\io\smallrye\jandex\3.0.5\jandex-3.0.5.jar;C:\Users\PROBIZ\.m2\repository\com\fasterxml\classmate\1.5.1\classmate-1.5.1.jar;C:\Users\PROBIZ\.m2\repository\net\bytebuddy\byte-buddy\1.14.5\byte-buddy-1.14.5.jar;C:\Users\PROBIZ\.m2\repository\org\glassfish\jaxb\jaxb-runtime\4.0.3\jaxb-runtime-4.0.3.jar;C:\Users\PROBIZ\.m2\repository\org\glassfish\jaxb\jaxb-core\4.0.3\jaxb-core-4.0.3.jar;C:\Users\PROBIZ\.m2\repository\org\eclipse\angus\angus-activation\2.0.1\angus-activation-2.0.1.jar;C:\Users\PROBIZ\.m2\repository\org\glassfish\jaxb\txw2\4.0.3\txw2-4.0.3.jar;C:\Users\PROBIZ\.m2\repository\com\sun\istack\istack-commons-runtime\4.1.2\istack-commons-runtime-4.1.2.jar;C:\Users\PROBIZ\.m2\repository\jakarta\inject\jakarta.inject-api\2.0.1\jakarta.inject-api-2.0.1.jar;C:\Users\PROBIZ\.m2\repository\org\antlr\antlr4-runtime\4.10.1\antlr4-runtime-4.10.1.jar;C:\Users\PROBIZ\.m2\repository\org\springframework\data\spring-data-jpa\3.1.1\spring-data-jpa-3.1.1.jar;C:\Users\PROBIZ\.m2\repository\org\springframework\data\spring-data-commons\3.1.1\spring-data-commons-3.1.1.jar;C:\Users\PROBIZ\.m2\repository\org\springframework\spring-orm\6.0.10\spring-orm-6.0.10.jar;C:\Users\PROBIZ\.m2\repository\org\springframework\spring-context\6.0.10\spring-context-6.0.10.jar;C:\Users\PROBIZ\.m2\repository\org\springframework\spring-tx\6.0.10\spring-tx-6.0.10.jar;C:\Users\PROBIZ\.m2\repository\org\springframework\spring-beans\6.0.10\spring-beans-6.0.10.jar;C:\Users\PROBIZ\.m2\repository\jakarta\annotation\jakarta.annotation-api\2.1.1\jakarta.annotation-api-2.1.1.jar;C:\Users\PROBIZ\.m2\repository\org\slf4j\slf4j-api\2.0.7\slf4j-api-2.0.7.jar;C:\Users\PROBIZ\.m2\repository\org\springframework\spring-aspects\6.0.10\spring-aspects-6.0.10.jar;C:\Users\PROBIZ\.m2\repository\org\projectlombok\lombok\1.18.28\lombok-1.18.28.jar;C:\Users\PROBIZ\.m2\repository\org\springframework\boot\spring-boot-starter-test\3.1.1\spring-boot-starter-test-3.1.1.jar;C:\Users\PROBIZ\.m2\repository\org\springframework\boot\spring-boot-starter\3.1.1\spring-boot-starter-3.1.1.jar;C:\Users\PROBIZ\.m2\repository\org\springframework\boot\spring-boot\3.1.1\spring-boot-3.1.1.jar;C:\Users\PROBIZ\.m2\repository\org\springframework\boot\spring-boot-autoconfigure\3.1.1\spring-boot-autoconfigure-3.1.1.jar;C:\Users\PROBIZ\.m2\repository\org\springframework\boot\spring-boot-starter-logging\3.1.1\spring-boot-starter-logging-3.1.1.jar;C:\Users\PROBIZ\.m2\repository\ch\qos\logback\logback-classic\1.4.8\logback-classic-1.4.8.jar;C:\Users\PROBIZ\.m2\repository\ch\qos\logback\logback-core\1.4.8\logback-core-1.4.8.jar;C:\Users\PROBIZ\.m2\repository\org\apache\logging\log4j\log4j-to-slf4j\2.20.0\log4j-to-slf4j-2.20.0.jar;C:\Users\PROBIZ\.m2\repository\org\apache\logging\log4j\log4j-api\2.20.0\log4j-api-2.20.0.jar;C:\Users\PROBIZ\.m2\repository\org\slf4j\jul-to-slf4j\2.0.7\jul-to-slf4j-2.0.7.jar;C:\Users\PROBIZ\.m2\repository\org\yaml\snakeyaml\1.33\snakeyaml-1.33.jar;C:\Users\PROBIZ\.m2\repository\org\springframework\boot\spring-boot-test\3.1.1\spring-boot-test-3.1.1.jar;C:\Users\PROBIZ\.m2\repository\org\springframework\boot\spring-boot-test-autoconfigure\3.1.1\spring-boot-test-autoconfigure-3.1.1.jar;C:\Users\PROBIZ\.m2\repository\com\jayway\jsonpath\json-path\2.8.0\json-path-2.8.0.jar;C:\Users\PROBIZ\.m2\repository\jakarta\xml\bind\jakarta.xml.bind-api\4.0.0\jakarta.xml.bind-api-4.0.0.jar;C:\Users\PROBIZ\.m2\repository\jakarta\activation\jakarta.activation-api\2.1.2\jakarta.activation-api-2.1.2.jar;C:\Users\PROBIZ\.m2\repository\net\minidev\json-smart\2.4.11\json-smart-2.4.11.jar;C:\Users\PROBIZ\.m2\repository\net\minidev\accessors-smart\2.4.11\accessors-smart-2.4.11.jar;C:\Users\PROBIZ\.m2\repository\org\assertj\assertj-core\3.24.2\assertj-core-3.24.2.jar;C:\Users\PROBIZ\.m2\repository\org\hamcrest\hamcrest\2.2\hamcrest-2.2.jar;C:\Users\PROBIZ\.m2\repository\org\junit\jupiter\junit-jupiter\5.9.3\junit-jupiter-5.9.3.jar;C:\Users\PROBIZ\.m2\repository\org\junit\jupiter\junit-jupiter-api\5.9.3\junit-jupiter-api-5.9.3.jar;C:\Users\PROBIZ\.m2\repository\org\opentest4j\opentest4j\1.2.0\opentest4j-1.2.0.jar;C:\Users\PROBIZ\.m2\repository\org\junit\platform\junit-platform-commons\1.9.3\junit-platform-commons-1.9.3.jar;C:\Users\PROBIZ\.m2\repository\org\apiguardian\apiguardian-api\1.1.2\apiguardian-api-1.1.2.jar;C:\Users\PROBIZ\.m2\repository\org\junit\jupiter\junit-jupiter-params\5.9.3\junit-jupiter-params-5.9.3.jar;C:\Users\PROBIZ\.m2\repository\org\junit\jupiter\junit-jupiter-engine\5.9.3\junit-jupiter-engine-5.9.3.jar;C:\Users\PROBIZ\.m2\repository\org\junit\platform\junit-platform-engine\1.9.3\junit-platform-engine-1.9.3.jar;C:\Users\PROBIZ\.m2\repository\org\mockito\mockito-core\5.3.1\mockito-core-5.3.1.jar;C:\Users\PROBIZ\.m2\repository\net\bytebuddy\byte-buddy-agent\1.14.5\byte-buddy-agent-1.14.5.jar;C:\Users\PROBIZ\.m2\repository\org\objenesis\objenesis\3.3\objenesis-3.3.jar;C:\Users\PROBIZ\.m2\repository\org\mockito\mockito-junit-jupiter\5.3.1\mockito-junit-jupiter-5.3.1.jar;C:\Users\PROBIZ\.m2\repository\org\skyscreamer\jsonassert\1.5.1\jsonassert-1.5.1.jar;C:\Users\PROBIZ\.m2\repository\com\vaadin\external\google\android-json\0.0.20131108.vaadin1\android-json-0.0.20131108.vaadin1.jar;C:\Users\PROBIZ\.m2\repository\org\springframework\spring-core\6.0.10\spring-core-6.0.10.jar;C:\Users\PROBIZ\.m2\repository\org\springframework\spring-jcl\6.0.10\spring-jcl-6.0.10.jar;C:\Users\PROBIZ\.m2\repository\org\springframework\spring-test\6.0.10\spring-test-6.0.10.jar;C:\Users\PROBIZ\.m2\repository\org\xmlunit\xmlunit-core\2.9.1\xmlunit-core-2.9.1.jar;C:\Users\PROBIZ\.m2\repository\org\springframework\boot\spring-boot-starter-web\3.1.1\spring-boot-starter-web-3.1.1.jar;C:\Users\PROBIZ\.m2\repository\org\springframework\boot\spring-boot-starter-json\3.1.1\spring-boot-starter-json-3.1.1.jar;C:\Users\PROBIZ\.m2\repository\com\fasterxml\jackson\core\jackson-databind\2.15.2\jackson-databind-2.15.2.jar;C:\Users\PROBIZ\.m2\repository\com\fasterxml\jackson\core\jackson-annotations\2.15.2\jackson-annotations-2.15.2.jar;C:\Users\PROBIZ\.m2\repository\com\fasterxml\jackson\datatype\jackson-datatype-jdk8\2.15.2\jackson-datatype-jdk8-2.15.2.jar;C:\Users\PROBIZ\.m2\repository\com\fasterxml\jackson\datatype\jackson-datatype-jsr310\2.15.2\jackson-datatype-jsr310-2.15.2.jar;C:\Users\PROBIZ\.m2\repository\com\fasterxml\jackson\module\jackson-module-parameter-names\2.15.2\jackson-module-parameter-names-2.15.2.jar;C:\Users\PROBIZ\.m2\repository\org\springframework\boot\spring-boot-starter-tomcat\3.1.1\spring-boot-starter-tomcat-3.1.1.jar;C:\Users\PROBIZ\.m2\repository\org\apache\tomcat\embed\tomcat-embed-websocket\10.1.10\tomcat-embed-websocket-10.1.10.jar;C:\Users\PROBIZ\.m2\repository\org\springframework\spring-web\6.0.10\spring-web-6.0.10.jar;C:\Users\PROBIZ\.m2\repository\io\micrometer\micrometer-observation\1.11.1\micrometer-observation-1.11.1.jar;C:\Users\PROBIZ\.m2\repository\io\micrometer\micrometer-commons\1.11.1\micrometer-commons-1.11.1.jar;C:\Users\PROBIZ\.m2\repository\org\springframework\spring-webmvc\6.0.10\spring-webmvc-6.0.10.jar;C:\Users\PROBIZ\.m2\repository\org\springframework\spring-expression\6.0.10\spring-expression-6.0.10.jar;C:\Users\PROBIZ\.m2\repository\mysql\mysql-connector-java\8.0.28\mysql-connector-java-8.0.28.jar;C:\Users\PROBIZ\.m2\repository\com\google\protobuf\protobuf-java\3.11.4\protobuf-java-3.11.4.jar;C:\Users\PROBIZ\.m2\repository\org\apache\tomcat\embed\tomcat-embed-jasper\10.1.10\tomcat-embed-jasper-10.1.10.jar;C:\Users\PROBIZ\.m2\repository\org\apache\tomcat\embed\tomcat-embed-core\10.1.10\tomcat-embed-core-10.1.10.jar;C:\Users\PROBIZ\.m2\repository\org\apache\tomcat\tomcat-annotations-api\10.1.10\tomcat-annotations-api-10.1.10.jar;C:\Users\PROBIZ\.m2\repository\org\apache\tomcat\embed\tomcat-embed-el\10.1.10\tomcat-embed-el-10.1.10.jar;C:\Users\PROBIZ\.m2\repository\org\eclipse\jdt\ecj\3.33.0\ecj-3.33.0.jar;C:\Users\PROBIZ\.m2\repository\org\springframework\boot\spring-boot-starter-security\3.1.1\spring-boot-starter-security-3.1.1.jar;C:\Users\PROBIZ\.m2\repository\org\springframework\spring-aop\6.0.10\spring-aop-6.0.10.jar;C:\Users\PROBIZ\.m2\repository\org\springframework\security\spring-security-config\6.1.1\spring-security-config-6.1.1.jar;C:\Users\PROBIZ\.m2\repository\org\springframework\security\spring-security-core\6.1.1\spring-security-core-6.1.1.jar;C:\Users\PROBIZ\.m2\repository\org\springframework\security\spring-security-crypto\6.1.1\spring-security-crypto-6.1.1.jar;C:\Users\PROBIZ\.m2\repository\org\springframework\security\spring-security-web\6.1.1\spring-security-web-6.1.1.jar;C:\Users\PROBIZ\.m2\repository\com\h2database\h2\2.1.214\h2-2.1.214.jar;"/>
    <property name="java.vm.vendor" value="Eclipse Adoptium"/>
    <property name="sun.arch.data.model" value="64"/>
    <property name="user.variant" value=""/>
    <property name="spring.devtools.livereload.port" value="35729"/>
    <property name="java.vendor.url" value="https://adoptium.net/"/>
    <property name="user.timezone" value="Europe/Warsaw"/>
    <property name="org.jboss.logging.provider" value="slf4j"/>
    <property name="os.name" value="Windows 10"/>
    <property name="java.vm.specification.version" value="17"/>
    <property name="sun.java.launcher" value="SUN_STANDARD"/>
    <property name="user.country" value="PL"/>
    <property name="sun.boot.library.path" value="C:\Program Files\Eclipse Adoptium\jdk-17.0.6.10-hotspot\bin"/>
    <property name="sun.java.command" value="C:\Users\PROBIZ\AppData\Local\Temp\surefire924226525932636296\surefirebooter-20231104141211779_3.jar C:\Users\PROBIZ\AppData\Local\Temp\surefire924226525932636296 2023-11-04T14-12-11_694-jvmRun1 surefire-20231104141211779_1tmp surefire_0-20231104141211779_2tmp"/>
    <property name="jdk.debug" value="release"/>
    <property name="surefire.test.class.path" value="E:\lukkulrepo\Rental-Car-App\rentalcars\target\test-classes;E:\lukkulrepo\Rental-Car-App\rentalcars\target\classes;C:\Users\PROBIZ\.m2\repository\com\vaadin\vaadin\24.1.3\vaadin-24.1.3.jar;C:\Users\PROBIZ\.m2\repository\com\vaadin\vaadin-internal\24.1.3\vaadin-internal-24.1.3.jar;C:\Users\PROBIZ\.m2\repository\com\vaadin\vaadin-core-internal\24.1.3\vaadin-core-internal-24.1.3.jar;C:\Users\PROBIZ\.m2\repository\com\vaadin\flow-lit-template\24.1.4\flow-lit-template-24.1.4.jar;C:\Users\PROBIZ\.m2\repository\com\vaadin\flow-html-components\24.1.4\flow-html-components-24.1.4.jar;C:\Users\PROBIZ\.m2\repository\com\vaadin\flow-data\24.1.4\flow-data-24.1.4.jar;C:\Users\PROBIZ\.m2\repository\com\vaadin\flow-dnd\24.1.4\flow-dnd-24.1.4.jar;C:\Users\PROBIZ\.m2\repository\com\vaadin\vaadin-lumo-theme\24.1.3\vaadin-lumo-theme-24.1.3.jar;C:\Users\PROBIZ\.m2\repository\com\vaadin\vaadin-material-theme\24.1.3\vaadin-material-theme-24.1.3.jar;C:\Users\PROBIZ\.m2\repository\com\vaadin\vaadin-accordion-flow\24.1.3\vaadin-accordion-flow-24.1.3.jar;C:\Users\PROBIZ\.m2\repository\com\vaadin\vaadin-avatar-flow\24.1.3\vaadin-avatar-flow-24.1.3.jar;C:\Users\PROBIZ\.m2\repository\com\vaadin\vaadin-button-flow\24.1.3\vaadin-button-flow-24.1.3.jar;C:\Users\PROBIZ\.m2\repository\com\vaadin\vaadin-checkbox-flow\24.1.3\vaadin-checkbox-flow-24.1.3.jar;C:\Users\PROBIZ\.m2\repository\com\vaadin\vaadin-combo-box-flow\24.1.3\vaadin-combo-box-flow-24.1.3.jar;C:\Users\PROBIZ\.m2\repository\com\vaadin\vaadin-confirm-dialog-flow\24.1.3\vaadin-confirm-dialog-flow-24.1.3.jar;C:\Users\PROBIZ\.m2\repository\com\vaadin\vaadin-custom-field-flow\24.1.3\vaadin-custom-field-flow-24.1.3.jar;C:\Users\PROBIZ\.m2\repository\com\vaadin\vaadin-date-picker-flow\24.1.3\vaadin-date-picker-flow-24.1.3.jar;C:\Users\PROBIZ\.m2\repository\com\vaadin\vaadin-date-time-picker-flow\24.1.3\vaadin-date-time-picker-flow-24.1.3.jar;C:\Users\PROBIZ\.m2\repository\com\vaadin\vaadin-details-flow\24.1.3\vaadin-details-flow-24.1.3.jar;C:\Users\PROBIZ\.m2\repository\com\vaadin\vaadin-time-picker-flow\24.1.3\vaadin-time-picker-flow-24.1.3.jar;C:\Users\PROBIZ\.m2\repository\com\vaadin\vaadin-select-flow\24.1.3\vaadin-select-flow-24.1.3.jar;C:\Users\PROBIZ\.m2\repository\com\vaadin\vaadin-side-nav-flow\24.1.3\vaadin-side-nav-flow-24.1.3.jar;C:\Users\PROBIZ\.m2\repository\com\vaadin\vaadin-dialog-flow\24.1.3\vaadin-dialog-flow-24.1.3.jar;C:\Users\PROBIZ\.m2\repository\com\vaadin\vaadin-form-layout-flow\24.1.3\vaadin-form-layout-flow-24.1.3.jar;C:\Users\PROBIZ\.m2\repository\com\vaadin\vaadin-field-highlighter-flow\24.1.3\vaadin-field-highlighter-flow-24.1.3.jar;C:\Users\PROBIZ\.m2\repository\com\vaadin\vaadin-grid-flow\24.1.3\vaadin-grid-flow-24.1.3.jar;C:\Users\PROBIZ\.m2\repository\org\apache\commons\commons-lang3\3.12.0\commons-lang3-3.12.0.jar;C:\Users\PROBIZ\.m2\repository\com\vaadin\vaadin-icons-flow\24.1.3\vaadin-icons-flow-24.1.3.jar;C:\Users\PROBIZ\.m2\repository\com\vaadin\vaadin-virtual-list-flow\24.1.3\vaadin-virtual-list-flow-24.1.3.jar;C:\Users\PROBIZ\.m2\repository\com\vaadin\vaadin-list-box-flow\24.1.3\vaadin-list-box-flow-24.1.3.jar;C:\Users\PROBIZ\.m2\repository\com\vaadin\vaadin-login-flow\24.1.3\vaadin-login-flow-24.1.3.jar;C:\Users\PROBIZ\.m2\repository\com\vaadin\vaadin-messages-flow\24.1.3\vaadin-messages-flow-24.1.3.jar;C:\Users\PROBIZ\.m2\repository\com\vaadin\vaadin-ordered-layout-flow\24.1.3\vaadin-ordered-layout-flow-24.1.3.jar;C:\Users\PROBIZ\.m2\repository\com\vaadin\vaadin-progress-bar-flow\24.1.3\vaadin-progress-bar-flow-24.1.3.jar;C:\Users\PROBIZ\.m2\repository\com\vaadin\vaadin-radio-button-flow\24.1.3\vaadin-radio-button-flow-24.1.3.jar;C:\Users\PROBIZ\.m2\repository\com\vaadin\vaadin-renderer-flow\24.1.3\vaadin-renderer-flow-24.1.3.jar;C:\Users\PROBIZ\.m2\repository\com\vaadin\vaadin-split-layout-flow\24.1.3\vaadin-split-layout-flow-24.1.3.jar;C:\Users\PROBIZ\.m2\repository\com\vaadin\vaadin-tabs-flow\24.1.3\vaadin-tabs-flow-24.1.3.jar;C:\Users\PROBIZ\.m2\repository\com\vaadin\vaadin-text-field-flow\24.1.3\vaadin-text-field-flow-24.1.3.jar;C:\Users\PROBIZ\.m2\repository\com\vaadin\vaadin-upload-flow\24.1.3\vaadin-upload-flow-24.1.3.jar;C:\Users\PROBIZ\.m2\repository\com\vaadin\vaadin-notification-flow\24.1.3\vaadin-notification-flow-24.1.3.jar;C:\Users\PROBIZ\.m2\repository\com\vaadin\vaadin-app-layout-flow\24.1.3\vaadin-app-layout-flow-24.1.3.jar;C:\Users\PROBIZ\.m2\repository\com\vaadin\vaadin-context-menu-flow\24.1.3\vaadin-context-menu-flow-24.1.3.jar;C:\Users\PROBIZ\.m2\repository\com\vaadin\vaadin-menu-bar-flow\24.1.3\vaadin-menu-bar-flow-24.1.3.jar;C:\Users\PROBIZ\.m2\repository\com\vaadin\vaadin-board-flow\24.1.3\vaadin-board-flow-24.1.3.jar;C:\Users\PROBIZ\.m2\repository\com\vaadin\vaadin-charts-flow\24.1.3\vaadin-charts-flow-24.1.3.jar;C:\Users\PROBIZ\.m2\repository\com\vaadin\vaadin-cookie-consent-flow\24.1.3\vaadin-cookie-consent-flow-24.1.3.jar;C:\Users\PROBIZ\.m2\repository\com\vaadin\vaadin-crud-flow\24.1.3\vaadin-crud-flow-24.1.3.jar;C:\Users\PROBIZ\.m2\repository\com\vaadin\vaadin-flow-components-base\24.1.3\vaadin-flow-components-base-24.1.3.jar;C:\Users\PROBIZ\.m2\repository\com\vaadin\vaadin-grid-pro-flow\24.1.3\vaadin-grid-pro-flow-24.1.3.jar;C:\Users\PROBIZ\.m2\repository\com\vaadin\vaadin-map-flow\24.1.3\vaadin-map-flow-24.1.3.jar;C:\Users\PROBIZ\.m2\repository\com\vaadin\vaadin-rich-text-editor-flow\24.1.3\vaadin-rich-text-editor-flow-24.1.3.jar;C:\Users\PROBIZ\.m2\repository\com\vaadin\collaboration-engine\6.0.0\collaboration-engine-6.0.0.jar;C:\Users\PROBIZ\.m2\repository\com\vaadin\license-checker\1.12.3\license-checker-1.12.3.jar;C:\Users\PROBIZ\.m2\repository\com\github\oshi\oshi-core\6.4.1\oshi-core-6.4.1.jar;C:\Users\PROBIZ\.m2\repository\net\java\dev\jna\jna\5.13.0\jna-5.13.0.jar;C:\Users\PROBIZ\.m2\repository\net\java\dev\jna\jna-platform\5.13.0\jna-platform-5.13.0.jar;C:\Users\PROBIZ\.m2\repository\com\nimbusds\nimbus-jose-jwt\9.31\nimbus-jose-jwt-9.31.jar;C:\Users\PROBIZ\.m2\repository\org\lucee\jcip-annotations\1.0.0\jcip-annotations-1.0.0.jar;C:\Users\PROBIZ\.m2\repository\com\vaadin\open\8.5.0\open-8.5.0.jar;C:\Users\PROBIZ\.m2\repository\com\vaadin\vaadin-core\24.1.3\vaadin-core-24.1.3.jar;C:\Users\PROBIZ\.m2\repository\com\vaadin\vaadin-dev\24.1.3\vaadin-dev-24.1.3.jar;C:\Users\PROBIZ\.m2\repository\com\vaadin\vaadin-dev-server\24.1.4\vaadin-dev-server-24.1.4.jar;C:\Users\PROBIZ\.m2\repository\com\github\javaparser\javaparser-core\3.25.3\javaparser-core-3.25.3.jar;C:\Users\PROBIZ\.m2\repository\io\methvin\directory-watcher\0.18.0\directory-watcher-0.18.0.jar;C:\Users\PROBIZ\.m2\repository\com\vaadin\vaadin-dev-bundle\24.1.3\vaadin-dev-bundle-24.1.3.jar;C:\Users\PROBIZ\.m2\repository\com\vaadin\vaadin-spring-boot-starter\24.1.3\vaadin-spring-boot-starter-24.1.3.jar;C:\Users\PROBIZ\.m2\repository\com\vaadin\vaadin-spring\24.1.4\vaadin-spring-24.1.4.jar;C:\Users\PROBIZ\.m2\repository\com\vaadin\flow-server\24.1.4\flow-server-24.1.4.jar;C:\Users\PROBIZ\.m2\repository\com\vaadin\servletdetector\throw-if-servlet3\1.0.2\throw-if-servlet3-1.0.2.jar;C:\Users\PROBIZ\.m2\repository\com\vaadin\external\gwt\gwt-elemental\2.8.2.vaadin2\gwt-elemental-2.8.2.vaadin2.jar;C:\Users\PROBIZ\.m2\repository\com\vaadin\flow-commons-upload\24.1.4\flow-commons-upload-24.1.4.jar;C:\Users\PROBIZ\.m2\repository\commons-io\commons-io\2.11.0\commons-io-2.11.0.jar;C:\Users\PROBIZ\.m2\repository\com\fasterxml\jackson\core\jackson-core\2.15.2\jackson-core-2.15.2.jar;C:\Users\PROBIZ\.m2\repository\org\jsoup\jsoup\1.16.1\jsoup-1.16.1.jar;C:\Users\PROBIZ\.m2\repository\com\helger\ph-css\7.0.0\ph-css-7.0.0.jar;C:\Users\PROBIZ\.m2\repository\com\helger\commons\ph-commons\11.0.1\ph-commons-11.0.1.jar;C:\Users\PROBIZ\.m2\repository\org\ow2\asm\asm\9.5\asm-9.5.jar;C:\Users\PROBIZ\.m2\repository\com\vaadin\external\gentyref\1.2.0.vaadin1\gentyref-1.2.0.vaadin1.jar;C:\Users\PROBIZ\.m2\repository\org\apache\commons\commons-compress\1.23.0\commons-compress-1.23.0.jar;C:\Users\PROBIZ\.m2\repository\org\apache\httpcomponents\httpclient\4.5.14\httpclient-4.5.14.jar;C:\Users\PROBIZ\.m2\repository\org\apache\httpcomponents\httpcore\4.4.16\httpcore-4.4.16.jar;C:\Users\PROBIZ\.m2\repository\commons-logging\commons-logging\1.2\commons-logging-1.2.jar;C:\Users\PROBIZ\.m2\repository\commons-codec\commons-codec\1.15\commons-codec-1.15.jar;C:\Users\PROBIZ\.m2\repository\com\vaadin\flow-push\24.1.4\flow-push-24.1.4.jar;C:\Users\PROBIZ\.m2\repository\com\vaadin\external\atmosphere\atmosphere-runtime\3.0.3.slf4jvaadin1\atmosphere-runtime-3.0.3.slf4jvaadin1.jar;C:\Users\PROBIZ\.m2\repository\com\vaadin\flow-client\24.1.4\flow-client-24.1.4.jar;C:\Users\PROBIZ\.m2\repository\org\springframework\spring-websocket\6.0.10\spring-websocket-6.0.10.jar;C:\Users\PROBIZ\.m2\repository\org\hibernate\validator\hibernate-validator\8.0.0.Final\hibernate-validator-8.0.0.Final.jar;C:\Users\PROBIZ\.m2\repository\jakarta\validation\jakarta.validation-api\3.0.2\jakarta.validation-api-3.0.2.jar;C:\Users\PROBIZ\.m2\repository\org\reflections\reflections\0.10.2\reflections-0.10.2.jar;C:\Users\PROBIZ\.m2\repository\org\javassist\javassist\3.28.0-GA\javassist-3.28.0-GA.jar;C:\Users\PROBIZ\.m2\repository\com\google\code\findbugs\jsr305\3.0.2\jsr305-3.0.2.jar;C:\Users\PROBIZ\.m2\repository\org\parttio\line-awesome\1.1.0\line-awesome-1.1.0.jar;C:\Users\PROBIZ\.m2\repository\org\springframework\boot\spring-boot-starter-data-jpa\3.1.1\spring-boot-starter-data-jpa-3.1.1.jar;C:\Users\PROBIZ\.m2\repository\org\springframework\boot\spring-boot-starter-aop\3.1.1\spring-boot-starter-aop-3.1.1.jar;C:\Users\PROBIZ\.m2\repository\org\aspectj\aspectjweaver\1.9.19\aspectjweaver-1.9.19.jar;C:\Users\PROBIZ\.m2\repository\org\springframework\boot\spring-boot-starter-jdbc\3.1.1\spring-boot-starter-jdbc-3.1.1.jar;C:\Users\PROBIZ\.m2\repository\com\zaxxer\HikariCP\5.0.1\HikariCP-5.0.1.jar;C:\Users\PROBIZ\.m2\repository\org\springframework\spring-jdbc\6.0.10\spring-jdbc-6.0.10.jar;C:\Users\PROBIZ\.m2\repository\org\hibernate\orm\hibernate-core\6.2.5.Final\hibernate-core-6.2.5.Final.jar;C:\Users\PROBIZ\.m2\repository\jakarta\persistence\jakarta.persistence-api\3.1.0\jakarta.persistence-api-3.1.0.jar;C:\Users\PROBIZ\.m2\repository\jakarta\transaction\jakarta.transaction-api\2.0.1\jakarta.transaction-api-2.0.1.jar;C:\Users\PROBIZ\.m2\repository\org\jboss\logging\jboss-logging\3.5.1.Final\jboss-logging-3.5.1.Final.jar;C:\Users\PROBIZ\.m2\repository\org\hibernate\common\hibernate-commons-annotations\6.0.6.Final\hibernate-commons-annotations-6.0.6.Final.jar;C:\Users\PROBIZ\.m2\repository\io\smallrye\jandex\3.0.5\jandex-3.0.5.jar;C:\Users\PROBIZ\.m2\repository\com\fasterxml\classmate\1.5.1\classmate-1.5.1.jar;C:\Users\PROBIZ\.m2\repository\net\bytebuddy\byte-buddy\1.14.5\byte-buddy-1.14.5.jar;C:\Users\PROBIZ\.m2\repository\org\glassfish\jaxb\jaxb-runtime\4.0.3\jaxb-runtime-4.0.3.jar;C:\Users\PROBIZ\.m2\repository\org\glassfish\jaxb\jaxb-core\4.0.3\jaxb-core-4.0.3.jar;C:\Users\PROBIZ\.m2\repository\org\eclipse\angus\angus-activation\2.0.1\angus-activation-2.0.1.jar;C:\Users\PROBIZ\.m2\repository\org\glassfish\jaxb\txw2\4.0.3\txw2-4.0.3.jar;C:\Users\PROBIZ\.m2\repository\com\sun\istack\istack-commons-runtime\4.1.2\istack-commons-runtime-4.1.2.jar;C:\Users\PROBIZ\.m2\repository\jakarta\inject\jakarta.inject-api\2.0.1\jakarta.inject-api-2.0.1.jar;C:\Users\PROBIZ\.m2\repository\org\antlr\antlr4-runtime\4.10.1\antlr4-runtime-4.10.1.jar;C:\Users\PROBIZ\.m2\repository\org\springframework\data\spring-data-jpa\3.1.1\spring-data-jpa-3.1.1.jar;C:\Users\PROBIZ\.m2\repository\org\springframework\data\spring-data-commons\3.1.1\spring-data-commons-3.1.1.jar;C:\Users\PROBIZ\.m2\repository\org\springframework\spring-orm\6.0.10\spring-orm-6.0.10.jar;C:\Users\PROBIZ\.m2\repository\org\springframework\spring-context\6.0.10\spring-context-6.0.10.jar;C:\Users\PROBIZ\.m2\repository\org\springframework\spring-tx\6.0.10\spring-tx-6.0.10.jar;C:\Users\PROBIZ\.m2\repository\org\springframework\spring-beans\6.0.10\spring-beans-6.0.10.jar;C:\Users\PROBIZ\.m2\repository\jakarta\annotation\jakarta.annotation-api\2.1.1\jakarta.annotation-api-2.1.1.jar;C:\Users\PROBIZ\.m2\repository\org\slf4j\slf4j-api\2.0.7\slf4j-api-2.0.7.jar;C:\Users\PROBIZ\.m2\repository\org\springframework\spring-aspects\6.0.10\spring-aspects-6.0.10.jar;C:\Users\PROBIZ\.m2\repository\org\projectlombok\lombok\1.18.28\lombok-1.18.28.jar;C:\Users\PROBIZ\.m2\repository\org\springframework\boot\spring-boot-starter-test\3.1.1\spring-boot-starter-test-3.1.1.jar;C:\Users\PROBIZ\.m2\repository\org\springframework\boot\spring-boot-starter\3.1.1\spring-boot-starter-3.1.1.jar;C:\Users\PROBIZ\.m2\repository\org\springframework\boot\spring-boot\3.1.1\spring-boot-3.1.1.jar;C:\Users\PROBIZ\.m2\repository\org\springframework\boot\spring-boot-autoconfigure\3.1.1\spring-boot-autoconfigure-3.1.1.jar;C:\Users\PROBIZ\.m2\repository\org\springframework\boot\spring-boot-starter-logging\3.1.1\spring-boot-starter-logging-3.1.1.jar;C:\Users\PROBIZ\.m2\repository\ch\qos\logback\logback-classic\1.4.8\logback-classic-1.4.8.jar;C:\Users\PROBIZ\.m2\repository\ch\qos\logback\logback-core\1.4.8\logback-core-1.4.8.jar;C:\Users\PROBIZ\.m2\repository\org\apache\logging\log4j\log4j-to-slf4j\2.20.0\log4j-to-slf4j-2.20.0.jar;C:\Users\PROBIZ\.m2\repository\org\apache\logging\log4j\log4j-api\2.20.0\log4j-api-2.20.0.jar;C:\Users\PROBIZ\.m2\repository\org\slf4j\jul-to-slf4j\2.0.7\jul-to-slf4j-2.0.7.jar;C:\Users\PROBIZ\.m2\repository\org\yaml\snakeyaml\1.33\snakeyaml-1.33.jar;C:\Users\PROBIZ\.m2\repository\org\springframework\boot\spring-boot-test\3.1.1\spring-boot-test-3.1.1.jar;C:\Users\PROBIZ\.m2\repository\org\springframework\boot\spring-boot-test-autoconfigure\3.1.1\spring-boot-test-autoconfigure-3.1.1.jar;C:\Users\PROBIZ\.m2\repository\com\jayway\jsonpath\json-path\2.8.0\json-path-2.8.0.jar;C:\Users\PROBIZ\.m2\repository\jakarta\xml\bind\jakarta.xml.bind-api\4.0.0\jakarta.xml.bind-api-4.0.0.jar;C:\Users\PROBIZ\.m2\repository\jakarta\activation\jakarta.activation-api\2.1.2\jakarta.activation-api-2.1.2.jar;C:\Users\PROBIZ\.m2\repository\net\minidev\json-smart\2.4.11\json-smart-2.4.11.jar;C:\Users\PROBIZ\.m2\repository\net\minidev\accessors-smart\2.4.11\accessors-smart-2.4.11.jar;C:\Users\PROBIZ\.m2\repository\org\assertj\assertj-core\3.24.2\assertj-core-3.24.2.jar;C:\Users\PROBIZ\.m2\repository\org\hamcrest\hamcrest\2.2\hamcrest-2.2.jar;C:\Users\PROBIZ\.m2\repository\org\junit\jupiter\junit-jupiter\5.9.3\junit-jupiter-5.9.3.jar;C:\Users\PROBIZ\.m2\repository\org\junit\jupiter\junit-jupiter-api\5.9.3\junit-jupiter-api-5.9.3.jar;C:\Users\PROBIZ\.m2\repository\org\opentest4j\opentest4j\1.2.0\opentest4j-1.2.0.jar;C:\Users\PROBIZ\.m2\repository\org\junit\platform\junit-platform-commons\1.9.3\junit-platform-commons-1.9.3.jar;C:\Users\PROBIZ\.m2\repository\org\apiguardian\apiguardian-api\1.1.2\apiguardian-api-1.1.2.jar;C:\Users\PROBIZ\.m2\repository\org\junit\jupiter\junit-jupiter-params\5.9.3\junit-jupiter-params-5.9.3.jar;C:\Users\PROBIZ\.m2\repository\org\junit\jupiter\junit-jupiter-engine\5.9.3\junit-jupiter-engine-5.9.3.jar;C:\Users\PROBIZ\.m2\repository\org\junit\platform\junit-platform-engine\1.9.3\junit-platform-engine-1.9.3.jar;C:\Users\PROBIZ\.m2\repository\org\mockito\mockito-core\5.3.1\mockito-core-5.3.1.jar;C:\Users\PROBIZ\.m2\repository\net\bytebuddy\byte-buddy-agent\1.14.5\byte-buddy-agent-1.14.5.jar;C:\Users\PROBIZ\.m2\repository\org\objenesis\objenesis\3.3\objenesis-3.3.jar;C:\Users\PROBIZ\.m2\repository\org\mockito\mockito-junit-jupiter\5.3.1\mockito-junit-jupiter-5.3.1.jar;C:\Users\PROBIZ\.m2\repository\org\skyscreamer\jsonassert\1.5.1\jsonassert-1.5.1.jar;C:\Users\PROBIZ\.m2\repository\com\vaadin\external\google\android-json\0.0.20131108.vaadin1\android-json-0.0.20131108.vaadin1.jar;C:\Users\PROBIZ\.m2\repository\org\springframework\spring-core\6.0.10\spring-core-6.0.10.jar;C:\Users\PROBIZ\.m2\repository\org\springframework\spring-jcl\6.0.10\spring-jcl-6.0.10.jar;C:\Users\PROBIZ\.m2\repository\org\springframework\spring-test\6.0.10\spring-test-6.0.10.jar;C:\Users\PROBIZ\.m2\repository\org\xmlunit\xmlunit-core\2.9.1\xmlunit-core-2.9.1.jar;C:\Users\PROBIZ\.m2\repository\org\springframework\boot\spring-boot-starter-web\3.1.1\spring-boot-starter-web-3.1.1.jar;C:\Users\PROBIZ\.m2\repository\org\springframework\boot\spring-boot-starter-json\3.1.1\spring-boot-starter-json-3.1.1.jar;C:\Users\PROBIZ\.m2\repository\com\fasterxml\jackson\core\jackson-databind\2.15.2\jackson-databind-2.15.2.jar;C:\Users\PROBIZ\.m2\repository\com\fasterxml\jackson\core\jackson-annotations\2.15.2\jackson-annotations-2.15.2.jar;C:\Users\PROBIZ\.m2\repository\com\fasterxml\jackson\datatype\jackson-datatype-jdk8\2.15.2\jackson-datatype-jdk8-2.15.2.jar;C:\Users\PROBIZ\.m2\repository\com\fasterxml\jackson\datatype\jackson-datatype-jsr310\2.15.2\jackson-datatype-jsr310-2.15.2.jar;C:\Users\PROBIZ\.m2\repository\com\fasterxml\jackson\module\jackson-module-parameter-names\2.15.2\jackson-module-parameter-names-2.15.2.jar;C:\Users\PROBIZ\.m2\repository\org\springframework\boot\spring-boot-starter-tomcat\3.1.1\spring-boot-starter-tomcat-3.1.1.jar;C:\Users\PROBIZ\.m2\repository\org\apache\tomcat\embed\tomcat-embed-websocket\10.1.10\tomcat-embed-websocket-10.1.10.jar;C:\Users\PROBIZ\.m2\repository\org\springframework\spring-web\6.0.10\spring-web-6.0.10.jar;C:\Users\PROBIZ\.m2\repository\io\micrometer\micrometer-observation\1.11.1\micrometer-observation-1.11.1.jar;C:\Users\PROBIZ\.m2\repository\io\micrometer\micrometer-commons\1.11.1\micrometer-commons-1.11.1.jar;C:\Users\PROBIZ\.m2\repository\org\springframework\spring-webmvc\6.0.10\spring-webmvc-6.0.10.jar;C:\Users\PROBIZ\.m2\repository\org\springframework\spring-expression\6.0.10\spring-expression-6.0.10.jar;C:\Users\PROBIZ\.m2\repository\mysql\mysql-connector-java\8.0.28\mysql-connector-java-8.0.28.jar;C:\Users\PROBIZ\.m2\repository\com\google\protobuf\protobuf-java\3.11.4\protobuf-java-3.11.4.jar;C:\Users\PROBIZ\.m2\repository\org\apache\tomcat\embed\tomcat-embed-jasper\10.1.10\tomcat-embed-jasper-10.1.10.jar;C:\Users\PROBIZ\.m2\repository\org\apache\tomcat\embed\tomcat-embed-core\10.1.10\tomcat-embed-core-10.1.10.jar;C:\Users\PROBIZ\.m2\repository\org\apache\tomcat\tomcat-annotations-api\10.1.10\tomcat-annotations-api-10.1.10.jar;C:\Users\PROBIZ\.m2\repository\org\apache\tomcat\embed\tomcat-embed-el\10.1.10\tomcat-embed-el-10.1.10.jar;C:\Users\PROBIZ\.m2\repository\org\eclipse\jdt\ecj\3.33.0\ecj-3.33.0.jar;C:\Users\PROBIZ\.m2\repository\org\springframework\boot\spring-boot-starter-security\3.1.1\spring-boot-starter-security-3.1.1.jar;C:\Users\PROBIZ\.m2\repository\org\springframework\spring-aop\6.0.10\spring-aop-6.0.10.jar;C:\Users\PROBIZ\.m2\repository\org\springframework\security\spring-security-config\6.1.1\spring-security-config-6.1.1.jar;C:\Users\PROBIZ\.m2\repository\org\springframework\security\spring-security-core\6.1.1\spring-security-core-6.1.1.jar;C:\Users\PROBIZ\.m2\repository\org\springframework\security\spring-security-crypto\6.1.1\spring-security-crypto-6.1.1.jar;C:\Users\PROBIZ\.m2\repository\org\springframework\security\spring-security-web\6.1.1\spring-security-web-6.1.1.jar;C:\Users\PROBIZ\.m2\repository\com\h2database\h2\2.1.214\h2-2.1.214.jar;"/>
    <property name="sun.cpu.endian" value="little"/>
    <property name="user.home" value="C:\Users\PROBIZ"/>
    <property name="user.language" value="pl"/>
    <property name="java.specification.vendor" value="Oracle Corporation"/>
    <property name="java.version.date" value="2023-01-17"/>
    <property name="java.home" value="C:\Program Files\Eclipse Adoptium\jdk-17.0.6.10-hotspot"/>
    <property name="file.separator" value="\"/>
    <property name="basedir" value="E:\lukkulrepo\Rental-Car-App\rentalcars"/>
    <property name="java.vm.compressedOopsMode" value="Zero based"/>
    <property name="line.separator" value="&#10;"/>
    <property name="java.vm.specification.vendor" value="Oracle Corporation"/>
    <property name="java.specification.name" value="Java Platform API Specification"/>
    <property name="FILE_LOG_CHARSET" value="windows-1250"/>
    <property name="java.awt.headless" value="true"/>
    <property name="surefire.real.class.path" value="C:\Users\PROBIZ\AppData\Local\Temp\surefire924226525932636296\surefirebooter-20231104141211779_3.jar"/>
    <property name="user.script" value=""/>
    <property name="sun.management.compiler" value="HotSpot 64-Bit Tiered Compilers"/>
    <property name="java.runtime.version" value="17.0.6+10"/>
    <property name="user.name" value="PROBIZ"/>
    <property name="path.separator" value=";"/>
    <property name="os.version" value="10.0"/>
    <property name="java.runtime.name" value="OpenJDK Runtime Environment"/>
    <property name="file.encoding" value="Cp1250"/>
    <property name="java.vm.name" value="OpenJDK 64-Bit Server VM"/>
    <property name="java.vendor.version" value="Temurin-17.0.6+10"/>
    <property name="localRepository" value="C:\Users\PROBIZ\.m2\repository"/>
    <property name="java.vendor.url.bug" value="https://github.com/adoptium/adoptium-support/issues"/>
    <property name="java.io.tmpdir" value="C:\Users\PROBIZ\AppData\Local\Temp\"/>
    <property name="idea.version" value="2023.1.2"/>
    <property name="com.zaxxer.hikari.pool_number" value="1"/>
    <property name="java.version" value="17.0.6"/>
    <property name="user.dir" value="E:\lukkulrepo\Rental-Car-App\rentalcars"/>
    <property name="os.arch" value="amd64"/>
    <property name="java.vm.specification.name" value="Java Virtual Machine Specification"/>
    <property name="PID" value="27280"/>
    <property name="sun.os.patch.level" value=""/>
    <property name="CONSOLE_LOG_CHARSET" value="windows-1250"/>
    <property name="native.encoding" value="Cp1250"/>
    <property name="java.library.path" value="C:\Program Files\Eclipse Adoptium\jdk-17.0.6.10-hotspot\bin;C:\WINDOWS\Sun\Java\bin;C:\WINDOWS\system32;C:\WINDOWS;C:\Program Files\Eclipse Adoptium\jdk-17.0.6.10-hotspot\bin;C:\Program Files (x86)\Common Files\Oracle\Java\javapath;C:\Windows\system32;C:\Windows;C:\Windows\System32\Wbem;C:\Windows\System32\WindowsPowerShell\v1.0\;C:\Windows\System32\OpenSSH\;C:\Program Files (x86)\NVIDIA Corporation\PhysX\Common;c:\ediabas\bin;C:\WINDOWS\system32;C:\WINDOWS;C:\WINDOWS\System32\Wbem;C:\WINDOWS\System32\WindowsPowerShell\v1.0\;C:\WINDOWS\System32\OpenSSH\;C:\Program Files\NVIDIA Corporation\NVIDIA NvDLISR;C:\APP\ddc\bin;C:\WINDOWS\system32;C:\WINDOWS;C:\WINDOWS\System32\Wbem;C:\WINDOWS\System32\WindowsPowerShell\v1.0\;C:\WINDOWS\System32\OpenSSH\;C:\Program Files\Git\cmd;C:\Program Files\Maven\apache-maven-3.9.0\bin;C:\ProgramData\chocolatey\bin;C:\Program Files\nodejs\;C:\Program Files\MySQL\MySQL Shell 8.0\bin\;C:\Users\PROBIZ\AppData\Local\Microsoft\WindowsApps;D:\Program Files\JetBrains\IntelliJ IDEA Community Edition 2022.2.3\bin;;C:\Users\PROBIZ\AppData\Local\GitHubDesktop\bin;C:\Program Files\wget;;C:\Users\PROBIZ\AppData\Local\Programs\Microsoft VS Code\bin;C:\Users\PROBIZ\AppData\Roaming\npm;C:\Program Files\JetBrains\IntelliJ IDEA 2023.1.2\bin;;."/>
    <property name="java.vm.info" value="mixed mode, sharing"/>
    <property name="java.vendor" value="Eclipse Adoptium"/>
    <property name="java.vm.version" value="17.0.6+10"/>
    <property name="sun.io.unicode.encoding" value="UnicodeLittle"/>
    <property name="java.class.version" value="61.0"/>
  </properties>
  <testcase name="contextLoads" classname="com.example.rentalcars.RentalcarsApplicationTests" time="0.018">
    <error message="Failed to load ApplicationContext for [WebMergedContextConfiguration@57e2d15c testClass = com.example.rentalcars.RentalcarsApplicationTests, locations = [], classes = [com.example.rentalcars.RentalcarsApplication], contextInitializerClasses = [], activeProfiles = [], propertySourceLocations = [], propertySourceProperties = [&quot;org.springframework.boot.test.context.SpringBootTestContextBootstrapper=true&quot;], contextCustomizers = [org.springframework.boot.test.context.filter.ExcludeFilterContextCustomizer@2bdd8394, org.springframework.boot.test.json.DuplicateJsonObjectContextCustomizerFactory$DuplicateJsonObjectContextCustomizer@41488b16, org.springframework.boot.test.mock.mockito.MockitoContextCustomizer@0, org.springframework.boot.test.web.client.TestRestTemplateContextCustomizer@3e62d773, org.springframework.boot.test.autoconfigure.actuate.observability.ObservabilityContextCustomizerFactory$DisableObservabilityContextCustomizer@1f, org.springframework.boot.test.autoconfigure.properties.PropertyMappingContextCustomizer@0, org.springframework.boot.test.autoconfigure.web.servlet.WebDriverContextCustomizerFactory$Customizer@452e19ca, org.springframework.boot.test.context.SpringBootTestAnnotation@1f5390dc], resourceBasePath = &quot;src/main/webapp&quot;, contextLoader = org.springframework.boot.test.context.SpringBootContextLoader, parent = null]" type="java.lang.IllegalStateException"><![CDATA[java.lang.IllegalStateException: Failed to load ApplicationContext for [WebMergedContextConfiguration@57e2d15c testClass = com.example.rentalcars.RentalcarsApplicationTests, locations = [], classes = [com.example.rentalcars.RentalcarsApplication], contextInitializerClasses = [], activeProfiles = [], propertySourceLocations = [], propertySourceProperties = ["org.springframework.boot.test.context.SpringBootTestContextBootstrapper=true"], contextCustomizers = [org.springframework.boot.test.context.filter.ExcludeFilterContextCustomizer@2bdd8394, org.springframework.boot.test.json.DuplicateJsonObjectContextCustomizerFactory$DuplicateJsonObjectContextCustomizer@41488b16, org.springframework.boot.test.mock.mockito.MockitoContextCustomizer@0, org.springframework.boot.test.web.client.TestRestTemplateContextCustomizer@3e62d773, org.springframework.boot.test.autoconfigure.actuate.observability.ObservabilityContextCustomizerFactory$DisableObservabilityContextCustomizer@1f, org.springframework.boot.test.autoconfigure.properties.PropertyMappingContextCustomizer@0, org.springframework.boot.test.autoconfigure.web.servlet.WebDriverContextCustomizerFactory$Customizer@452e19ca, org.springframework.boot.test.context.SpringBootTestAnnotation@1f5390dc], resourceBasePath = "src/main/webapp", contextLoader = org.springframework.boot.test.context.SpringBootContextLoader, parent = null]
	at org.springframework.test.context.cache.DefaultCacheAwareContextLoaderDelegate.loadContext(DefaultCacheAwareContextLoaderDelegate.java:143)
	at org.springframework.test.context.support.DefaultTestContext.getApplicationContext(DefaultTestContext.java:127)
	at org.springframework.test.context.web.ServletTestExecutionListener.setUpRequestContextIfNecessary(ServletTestExecutionListener.java:191)
	at org.springframework.test.context.web.ServletTestExecutionListener.prepareTestInstance(ServletTestExecutionListener.java:130)
	at org.springframework.test.context.TestContextManager.prepareTestInstance(TestContextManager.java:241)
	at org.springframework.test.context.junit.jupiter.SpringExtension.postProcessTestInstance(SpringExtension.java:138)
	at org.junit.jupiter.engine.descriptor.ClassBasedTestDescriptor.lambda$invokeTestInstancePostProcessors$10(ClassBasedTestDescriptor.java:377)
	at org.junit.jupiter.engine.descriptor.ClassBasedTestDescriptor.executeAndMaskThrowable(ClassBasedTestDescriptor.java:382)
	at org.junit.jupiter.engine.descriptor.ClassBasedTestDescriptor.lambda$invokeTestInstancePostProcessors$11(ClassBasedTestDescriptor.java:377)
	at java.base/java.util.stream.ReferencePipeline$3$1.accept(ReferencePipeline.java:197)
	at java.base/java.util.stream.ReferencePipeline$2$1.accept(ReferencePipeline.java:179)
	at java.base/java.util.ArrayList$ArrayListSpliterator.forEachRemaining(ArrayList.java:1625)
	at java.base/java.util.stream.AbstractPipeline.copyInto(AbstractPipeline.java:509)
	at java.base/java.util.stream.AbstractPipeline.wrapAndCopyInto(AbstractPipeline.java:499)
	at java.base/java.util.stream.StreamSpliterators$WrappingSpliterator.forEachRemaining(StreamSpliterators.java:310)
	at java.base/java.util.stream.Streams$ConcatSpliterator.forEachRemaining(Streams.java:735)
	at java.base/java.util.stream.Streams$ConcatSpliterator.forEachRemaining(Streams.java:734)
	at java.base/java.util.stream.ReferencePipeline$Head.forEach(ReferencePipeline.java:762)
	at org.junit.jupiter.engine.descriptor.ClassBasedTestDescriptor.invokeTestInstancePostProcessors(ClassBasedTestDescriptor.java:376)
	at org.junit.jupiter.engine.descriptor.ClassBasedTestDescriptor.lambda$instantiateAndPostProcessTestInstance$6(ClassBasedTestDescriptor.java:289)
	at org.junit.platform.engine.support.hierarchical.ThrowableCollector.execute(ThrowableCollector.java:73)
	at org.junit.jupiter.engine.descriptor.ClassBasedTestDescriptor.instantiateAndPostProcessTestInstance(ClassBasedTestDescriptor.java:288)
	at org.junit.jupiter.engine.descriptor.ClassBasedTestDescriptor.lambda$testInstancesProvider$4(ClassBasedTestDescriptor.java:278)
	at java.base/java.util.Optional.orElseGet(Optional.java:364)
	at org.junit.jupiter.engine.descriptor.ClassBasedTestDescriptor.lambda$testInstancesProvider$5(ClassBasedTestDescriptor.java:277)
	at org.junit.jupiter.engine.execution.TestInstancesProvider.getTestInstances(TestInstancesProvider.java:31)
	at org.junit.jupiter.engine.descriptor.TestMethodTestDescriptor.lambda$prepare$0(TestMethodTestDescriptor.java:105)
	at org.junit.platform.engine.support.hierarchical.ThrowableCollector.execute(ThrowableCollector.java:73)
	at org.junit.jupiter.engine.descriptor.TestMethodTestDescriptor.prepare(TestMethodTestDescriptor.java:104)
	at org.junit.jupiter.engine.descriptor.TestMethodTestDescriptor.prepare(TestMethodTestDescriptor.java:68)
	at org.junit.platform.engine.support.hierarchical.NodeTestTask.lambda$prepare$2(NodeTestTask.java:123)
	at org.junit.platform.engine.support.hierarchical.ThrowableCollector.execute(ThrowableCollector.java:73)
	at org.junit.platform.engine.support.hierarchical.NodeTestTask.prepare(NodeTestTask.java:123)
	at org.junit.platform.engine.support.hierarchical.NodeTestTask.execute(NodeTestTask.java:90)
	at java.base/java.util.ArrayList.forEach(ArrayList.java:1511)
	at org.junit.platform.engine.support.hierarchical.SameThreadHierarchicalTestExecutorService.invokeAll(SameThreadHierarchicalTestExecutorService.java:41)
	at org.junit.platform.engine.support.hierarchical.NodeTestTask.lambda$executeRecursively$6(NodeTestTask.java:155)
	at org.junit.platform.engine.support.hierarchical.ThrowableCollector.execute(ThrowableCollector.java:73)
	at org.junit.platform.engine.support.hierarchical.NodeTestTask.lambda$executeRecursively$8(NodeTestTask.java:141)
	at org.junit.platform.engine.support.hierarchical.Node.around(Node.java:137)
	at org.junit.platform.engine.support.hierarchical.NodeTestTask.lambda$executeRecursively$9(NodeTestTask.java:139)
	at org.junit.platform.engine.support.hierarchical.ThrowableCollector.execute(ThrowableCollector.java:73)
	at org.junit.platform.engine.support.hierarchical.NodeTestTask.executeRecursively(NodeTestTask.java:138)
	at org.junit.platform.engine.support.hierarchical.NodeTestTask.execute(NodeTestTask.java:95)
	at java.base/java.util.ArrayList.forEach(ArrayList.java:1511)
	at org.junit.platform.engine.support.hierarchical.SameThreadHierarchicalTestExecutorService.invokeAll(SameThreadHierarchicalTestExecutorService.java:41)
	at org.junit.platform.engine.support.hierarchical.NodeTestTask.lambda$executeRecursively$6(NodeTestTask.java:155)
	at org.junit.platform.engine.support.hierarchical.ThrowableCollector.execute(ThrowableCollector.java:73)
	at org.junit.platform.engine.support.hierarchical.NodeTestTask.lambda$executeRecursively$8(NodeTestTask.java:141)
	at org.junit.platform.engine.support.hierarchical.Node.around(Node.java:137)
	at org.junit.platform.engine.support.hierarchical.NodeTestTask.lambda$executeRecursively$9(NodeTestTask.java:139)
	at org.junit.platform.engine.support.hierarchical.ThrowableCollector.execute(ThrowableCollector.java:73)
	at org.junit.platform.engine.support.hierarchical.NodeTestTask.executeRecursively(NodeTestTask.java:138)
	at org.junit.platform.engine.support.hierarchical.NodeTestTask.execute(NodeTestTask.java:95)
	at org.junit.platform.engine.support.hierarchical.SameThreadHierarchicalTestExecutorService.submit(SameThreadHierarchicalTestExecutorService.java:35)
	at org.junit.platform.engine.support.hierarchical.HierarchicalTestExecutor.execute(HierarchicalTestExecutor.java:57)
	at org.junit.platform.engine.support.hierarchical.HierarchicalTestEngine.execute(HierarchicalTestEngine.java:54)
	at org.junit.platform.launcher.core.EngineExecutionOrchestrator.execute(EngineExecutionOrchestrator.java:147)
	at org.junit.platform.launcher.core.EngineExecutionOrchestrator.execute(EngineExecutionOrchestrator.java:127)
	at org.junit.platform.launcher.core.EngineExecutionOrchestrator.execute(EngineExecutionOrchestrator.java:90)
	at org.junit.platform.launcher.core.EngineExecutionOrchestrator.lambda$execute$0(EngineExecutionOrchestrator.java:55)
	at org.junit.platform.launcher.core.EngineExecutionOrchestrator.withInterceptedStreams(EngineExecutionOrchestrator.java:102)
	at org.junit.platform.launcher.core.EngineExecutionOrchestrator.execute(EngineExecutionOrchestrator.java:54)
	at org.junit.platform.launcher.core.DefaultLauncher.execute(DefaultLauncher.java:114)
	at org.junit.platform.launcher.core.DefaultLauncher.execute(DefaultLauncher.java:86)
	at org.junit.platform.launcher.core.DefaultLauncherSession$DelegatingLauncher.execute(DefaultLauncherSession.java:86)
	at org.apache.maven.surefire.junitplatform.LazyLauncher.execute(LazyLauncher.java:50)
	at org.apache.maven.surefire.junitplatform.JUnitPlatformProvider.execute(JUnitPlatformProvider.java:184)
	at org.apache.maven.surefire.junitplatform.JUnitPlatformProvider.invokeAllTests(JUnitPlatformProvider.java:148)
	at org.apache.maven.surefire.junitplatform.JUnitPlatformProvider.invoke(JUnitPlatformProvider.java:122)
	at org.apache.maven.surefire.booter.ForkedBooter.runSuitesInProcess(ForkedBooter.java:385)
	at org.apache.maven.surefire.booter.ForkedBooter.execute(ForkedBooter.java:162)
	at org.apache.maven.surefire.booter.ForkedBooter.run(ForkedBooter.java:507)
	at org.apache.maven.surefire.booter.ForkedBooter.main(ForkedBooter.java:495)
Caused by: java.lang.IllegalStateException: Failed to execute ApplicationRunner
	at org.springframework.boot.SpringApplication.callRunner(SpringApplication.java:765)
	at org.springframework.boot.SpringApplication.callRunners(SpringApplication.java:752)
	at org.springframework.boot.SpringApplication.run(SpringApplication.java:319)
	at org.springframework.boot.test.context.SpringBootContextLoader.lambda$loadContext$3(SpringBootContextLoader.java:137)
	at org.springframework.util.function.ThrowingSupplier.get(ThrowingSupplier.java:58)
	at org.springframework.util.function.ThrowingSupplier.get(ThrowingSupplier.java:46)
	at org.springframework.boot.SpringApplication.withHook(SpringApplication.java:1406)
	at org.springframework.boot.test.context.SpringBootContextLoader$ContextLoaderHook.run(SpringBootContextLoader.java:545)
	at org.springframework.boot.test.context.SpringBootContextLoader.loadContext(SpringBootContextLoader.java:137)
	at org.springframework.boot.test.context.SpringBootContextLoader.loadContext(SpringBootContextLoader.java:108)
	at org.springframework.test.context.cache.DefaultCacheAwareContextLoaderDelegate.loadContextInternal(DefaultCacheAwareContextLoaderDelegate.java:187)
	at org.springframework.test.context.cache.DefaultCacheAwareContextLoaderDelegate.loadContext(DefaultCacheAwareContextLoaderDelegate.java:119)
	... 73 more
Caused by: org.springframework.dao.DataIntegrityViolationException: Could not extract column [4] from JDBC ResultSet [Value 'saaaa' is outside of valid range for type java.lang.Byte] [n/a]; SQL [n/a]
	at org.springframework.orm.jpa.vendor.HibernateJpaDialect.convertHibernateAccessException(HibernateJpaDialect.java:272)
	at org.springframework.orm.jpa.vendor.HibernateJpaDialect.translateExceptionIfPossible(HibernateJpaDialect.java:229)
	at org.springframework.orm.jpa.AbstractEntityManagerFactoryBean.translateExceptionIfPossible(AbstractEntityManagerFactoryBean.java:550)
	at org.springframework.dao.support.ChainedPersistenceExceptionTranslator.translateExceptionIfPossible(ChainedPersistenceExceptionTranslator.java:61)
	at org.springframework.dao.support.DataAccessUtils.translateIfNecessary(DataAccessUtils.java:242)
	at org.springframework.dao.support.PersistenceExceptionTranslationInterceptor.invoke(PersistenceExceptionTranslationInterceptor.java:152)
	at org.springframework.aop.framework.ReflectiveMethodInvocation.proceed(ReflectiveMethodInvocation.java:184)
	at org.springframework.data.jpa.repository.support.CrudMethodMetadataPostProcessor$CrudMethodMetadataPopulatingMethodInterceptor.invoke(CrudMethodMetadataPostProcessor.java:164)
	at org.springframework.aop.framework.ReflectiveMethodInvocation.proceed(ReflectiveMethodInvocation.java:184)
	at org.springframework.aop.interceptor.ExposeInvocationInterceptor.invoke(ExposeInvocationInterceptor.java:97)
	at org.springframework.aop.framework.ReflectiveMethodInvocation.proceed(ReflectiveMethodInvocation.java:184)
	at org.springframework.aop.framework.JdkDynamicAopProxy.invoke(JdkDynamicAopProxy.java:244)
	at jdk.proxy2/jdk.proxy2.$Proxy127.save(Unknown Source)
	at com.example.rentalcars.DbInitializer.run(DbInitializer.java:71)
	at org.springframework.boot.SpringApplication.callRunner(SpringApplication.java:762)
	... 84 more
Caused by: org.hibernate.exception.DataException: Could not extract column [4] from JDBC ResultSet [Value 'saaaa' is outside of valid range for type java.lang.Byte] [n/a]
	at org.hibernate.exception.internal.SQLExceptionTypeDelegate.convert(SQLExceptionTypeDelegate.java:53)
	at org.hibernate.exception.internal.StandardSQLExceptionConverter.convert(StandardSQLExceptionConverter.java:56)
	at org.hibernate.engine.jdbc.spi.SqlExceptionHelper.convert(SqlExceptionHelper.java:108)
	at org.hibernate.engine.jdbc.spi.SqlExceptionHelper.convert(SqlExceptionHelper.java:94)
	at org.hibernate.sql.results.jdbc.internal.JdbcValuesResultSetImpl.readCurrentRowValues(JdbcValuesResultSetImpl.java:322)
	at org.hibernate.sql.results.jdbc.internal.JdbcValuesResultSetImpl.advance(JdbcValuesResultSetImpl.java:293)
	at org.hibernate.sql.results.jdbc.internal.JdbcValuesResultSetImpl.processNext(JdbcValuesResultSetImpl.java:134)
	at org.hibernate.sql.results.jdbc.internal.AbstractJdbcValues.next(AbstractJdbcValues.java:19)
	at org.hibernate.sql.results.internal.RowProcessingStateStandardImpl.next(RowProcessingStateStandardImpl.java:66)
	at org.hibernate.sql.results.spi.ListResultsConsumer.consume(ListResultsConsumer.java:184)
	at org.hibernate.sql.results.spi.ListResultsConsumer.consume(ListResultsConsumer.java:33)
	at org.hibernate.sql.exec.internal.JdbcSelectExecutorStandardImpl.doExecuteQuery(JdbcSelectExecutorStandardImpl.java:361)
	at org.hibernate.sql.exec.internal.JdbcSelectExecutorStandardImpl.executeQuery(JdbcSelectExecutorStandardImpl.java:168)
	at org.hibernate.sql.exec.internal.JdbcSelectExecutorStandardImpl.list(JdbcSelectExecutorStandardImpl.java:93)
	at org.hibernate.sql.exec.spi.JdbcSelectExecutor.list(JdbcSelectExecutor.java:31)
	at org.hibernate.loader.ast.internal.SingleIdLoadPlan.load(SingleIdLoadPlan.java:146)
	at org.hibernate.loader.ast.internal.SingleIdLoadPlan.load(SingleIdLoadPlan.java:118)
	at org.hibernate.loader.ast.internal.SingleIdEntityLoaderStandardImpl.load(SingleIdEntityLoaderStandardImpl.java:73)
	at org.hibernate.persister.entity.AbstractEntityPersister.doLoad(AbstractEntityPersister.java:3481)
	at org.hibernate.persister.entity.AbstractEntityPersister.load(AbstractEntityPersister.java:3471)
	at org.hibernate.event.internal.DefaultLoadEventListener.loadFromDatasource(DefaultLoadEventListener.java:581)
	at org.hibernate.event.internal.DefaultLoadEventListener.loadFromCacheOrDatasource(DefaultLoadEventListener.java:567)
	at org.hibernate.event.internal.DefaultLoadEventListener.load(DefaultLoadEventListener.java:536)
	at org.hibernate.event.internal.DefaultLoadEventListener.doLoad(DefaultLoadEventListener.java:529)
	at org.hibernate.event.internal.DefaultLoadEventListener.load(DefaultLoadEventListener.java:202)
	at org.hibernate.event.internal.DefaultLoadEventListener.loadWithRegularProxy(DefaultLoadEventListener.java:282)
	at org.hibernate.event.internal.DefaultLoadEventListener.proxyOrLoad(DefaultLoadEventListener.java:237)
	at org.hibernate.event.internal.DefaultLoadEventListener.doOnLoad(DefaultLoadEventListener.java:106)
	at org.hibernate.event.internal.DefaultLoadEventListener.onLoad(DefaultLoadEventListener.java:78)
	at org.hibernate.event.service.internal.EventListenerGroupImpl.fireEventOnEachListener(EventListenerGroupImpl.java:138)
	at org.hibernate.internal.SessionImpl.fireLoadNoChecks(SessionImpl.java:1231)
	at org.hibernate.internal.SessionImpl.fireLoad(SessionImpl.java:1219)
	at org.hibernate.loader.internal.IdentifierLoadAccessImpl.doLoad(IdentifierLoadAccessImpl.java:194)
	at org.hibernate.loader.internal.IdentifierLoadAccessImpl.lambda$load$1(IdentifierLoadAccessImpl.java:160)
	at org.hibernate.loader.internal.IdentifierLoadAccessImpl.perform(IdentifierLoadAccessImpl.java:107)
	at org.hibernate.loader.internal.IdentifierLoadAccessImpl.load(IdentifierLoadAccessImpl.java:160)
	at org.hibernate.internal.SessionImpl.get(SessionImpl.java:1024)
	at org.hibernate.event.internal.DefaultMergeEventListener.lambda$entityIsDetached$0(DefaultMergeEventListener.java:334)
	at org.hibernate.engine.spi.LoadQueryInfluencers.fromInternalFetchProfile(LoadQueryInfluencers.java:79)
	at org.hibernate.event.internal.DefaultMergeEventListener.entityIsDetached(DefaultMergeEventListener.java:332)
	at org.hibernate.event.internal.DefaultMergeEventListener.merge(DefaultMergeEventListener.java:149)
	at org.hibernate.event.internal.DefaultMergeEventListener.doMerge(DefaultMergeEventListener.java:142)
	at org.hibernate.event.internal.DefaultMergeEventListener.onMerge(DefaultMergeEventListener.java:126)
	at org.hibernate.event.internal.DefaultMergeEventListener.onMerge(DefaultMergeEventListener.java:80)
	at org.hibernate.event.service.internal.EventListenerGroupImpl.fireEventOnEachListener(EventListenerGroupImpl.java:127)
	at org.hibernate.internal.SessionImpl.fireMerge(SessionImpl.java:848)
	at org.hibernate.internal.SessionImpl.merge(SessionImpl.java:834)
	at jdk.internal.reflect.GeneratedMethodAccessor29.invoke(Unknown Source)
	at java.base/jdk.internal.reflect.DelegatingMethodAccessorImpl.invoke(DelegatingMethodAccessorImpl.java:43)
	at java.base/java.lang.reflect.Method.invoke(Method.java:568)
	at org.springframework.orm.jpa.SharedEntityManagerCreator$SharedEntityManagerInvocationHandler.invoke(SharedEntityManagerCreator.java:311)
	at jdk.proxy2/jdk.proxy2.$Proxy119.merge(Unknown Source)
	at org.springframework.data.jpa.repository.support.SimpleJpaRepository.save(SimpleJpaRepository.java:620)
	at jdk.internal.reflect.GeneratedMethodAccessor28.invoke(Unknown Source)
	at java.base/jdk.internal.reflect.DelegatingMethodAccessorImpl.invoke(DelegatingMethodAccessorImpl.java:43)
	at java.base/java.lang.reflect.Method.invoke(Method.java:568)
	at org.springframework.data.repository.core.support.RepositoryMethodInvoker$RepositoryFragmentMethodInvoker.lambda$new$0(RepositoryMethodInvoker.java:288)
	at org.springframework.data.repository.core.support.RepositoryMethodInvoker.doInvoke(RepositoryMethodInvoker.java:136)
	at org.springframework.data.repository.core.support.RepositoryMethodInvoker.invoke(RepositoryMethodInvoker.java:120)
	at org.springframework.data.repository.core.support.RepositoryComposition$RepositoryFragments.invoke(RepositoryComposition.java:516)
	at org.springframework.data.repository.core.support.RepositoryComposition.invoke(RepositoryComposition.java:285)
	at org.springframework.data.repository.core.support.RepositoryFactorySupport$ImplementationMethodExecutionInterceptor.invoke(RepositoryFactorySupport.java:628)
	at org.springframework.aop.framework.ReflectiveMethodInvocation.proceed(ReflectiveMethodInvocation.java:184)
	at org.springframework.data.repository.core.support.QueryExecutorMethodInterceptor.doInvoke(QueryExecutorMethodInterceptor.java:168)
	at org.springframework.data.repository.core.support.QueryExecutorMethodInterceptor.invoke(QueryExecutorMethodInterceptor.java:143)
	at org.springframework.aop.framework.ReflectiveMethodInvocation.proceed(ReflectiveMethodInvocation.java:184)
	at org.springframework.data.projection.DefaultMethodInvokingMethodInterceptor.invoke(DefaultMethodInvokingMethodInterceptor.java:72)
	at org.springframework.aop.framework.ReflectiveMethodInvocation.proceed(ReflectiveMethodInvocation.java:184)
	at org.springframework.transaction.interceptor.TransactionInterceptor$1.proceedWithInvocation(TransactionInterceptor.java:123)
	at org.springframework.transaction.interceptor.TransactionAspectSupport.invokeWithinTransaction(TransactionAspectSupport.java:391)
	at org.springframework.transaction.interceptor.TransactionInterceptor.invoke(TransactionInterceptor.java:119)
	at org.springframework.aop.framework.ReflectiveMethodInvocation.proceed(ReflectiveMethodInvocation.java:184)
	at org.springframework.dao.support.PersistenceExceptionTranslationInterceptor.invoke(PersistenceExceptionTranslationInterceptor.java:137)
	... 93 more
Caused by: java.sql.SQLDataException: Value 'saaaa' is outside of valid range for type java.lang.Byte
	at com.mysql.cj.jdbc.exceptions.SQLError.createSQLException(SQLError.java:114)
	at com.mysql.cj.jdbc.exceptions.SQLError.createSQLException(SQLError.java:97)
	at com.mysql.cj.jdbc.exceptions.SQLError.createSQLException(SQLError.java:89)
	at com.mysql.cj.jdbc.exceptions.SQLError.createSQLException(SQLError.java:63)
	at com.mysql.cj.jdbc.exceptions.SQLError.createSQLException(SQLError.java:73)
	at com.mysql.cj.jdbc.exceptions.SQLExceptionsMapping.translateException(SQLExceptionsMapping.java:92)
	at com.mysql.cj.jdbc.result.ResultSetImpl.getObject(ResultSetImpl.java:1431)
	at com.mysql.cj.jdbc.result.ResultSetImpl.getByte(ResultSetImpl.java:718)
	at com.zaxxer.hikari.pool.HikariProxyResultSet.getByte(HikariProxyResultSet.java)
	at org.hibernate.type.descriptor.jdbc.TinyIntJdbcType$2.doExtract(TinyIntJdbcType.java:91)
	at org.hibernate.type.descriptor.jdbc.BasicExtractor.extract(BasicExtractor.java:44)
	at org.hibernate.sql.results.jdbc.internal.JdbcValuesResultSetImpl.readCurrentRowValues(JdbcValuesResultSetImpl.java:314)
	... 161 more
Caused by: com.mysql.cj.exceptions.NumberOutOfRange: Value 'saaaa' is outside of valid range for type java.lang.Byte
	at com.mysql.cj.result.ByteValueFactory.createFromBytes(ByteValueFactory.java:113)
	at com.mysql.cj.result.ByteValueFactory.createFromBytes(ByteValueFactory.java:46)
	at com.mysql.cj.protocol.a.MysqlTextValueDecoder.decodeByteArray(MysqlTextValueDecoder.java:143)
	at com.mysql.cj.protocol.result.AbstractResultsetRow.decodeAndCreateReturnValue(AbstractResultsetRow.java:135)
	at com.mysql.cj.protocol.result.AbstractResultsetRow.getValueFromBytes(AbstractResultsetRow.java:243)
	at com.mysql.cj.protocol.a.result.ByteArrayRow.getValue(ByteArrayRow.java:91)
	at com.mysql.cj.jdbc.result.ResultSetImpl.getObject(ResultSetImpl.java:1314)
	... 166 more
]]></error>
    <system-out><![CDATA[Standard Commons Logging discovery in action with spring-jcl: please remove commons-logging.jar from classpath in order to avoid potential conflicts
14:12:12.674 [main] INFO org.springframework.test.context.support.AnnotationConfigContextLoaderUtils -- Could not detect default configuration classes for test class [com.example.rentalcars.RentalcarsApplicationTests]: RentalcarsApplicationTests does not declare any static, non-private, non-final, nested classes annotated with @Configuration.
14:12:12.796 [main] INFO org.springframework.boot.test.context.SpringBootTestContextBootstrapper -- Found @SpringBootConfiguration com.example.rentalcars.RentalcarsApplication for test class com.example.rentalcars.RentalcarsApplicationTests

  .   ____          _            __ _ _
 /\\ / ___'_ __ _ _(_)_ __  __ _ \ \ \ \
( ( )\___ | '_ | '_| | '_ \/ _` | \ \ \ \
 \\/  ___)| |_)| | | | | || (_| |  ) ) ) )
  '  |____| .__|_| |_|_| |_\__, | / / / /
 =========|_|==============|___/=/_/_/_/
 :: Spring Boot ::                (v3.1.1)

2023-11-04T14:12:13.284+01:00  INFO 27280 --- [           main] c.e.r.RentalcarsApplicationTests         : Starting RentalcarsApplicationTests using Java 17.0.6 with PID 27280 (started by PROBIZ in E:\lukkulrepo\Rental-Car-App\rentalcars)
2023-11-04T14:12:13.286+01:00  INFO 27280 --- [           main] c.e.r.RentalcarsApplicationTests         : No active profile set, falling back to 1 default profile: "default"
2023-11-04T14:12:14.179+01:00  INFO 27280 --- [           main] .s.d.r.c.RepositoryConfigurationDelegate : Bootstrapping Spring Data JPA repositories in DEFAULT mode.
2023-11-04T14:12:14.282+01:00  INFO 27280 --- [           main] .s.d.r.c.RepositoryConfigurationDelegate : Finished Spring Data repository scanning in 91 ms. Found 10 JPA repository interfaces.
2023-11-04T14:12:14.809+01:00  INFO 27280 --- [           main] o.hibernate.jpa.internal.util.LogHelper  : HHH000204: Processing PersistenceUnitInfo [name: default]
2023-11-04T14:12:14.877+01:00  INFO 27280 --- [           main] org.hibernate.Version                    : HHH000412: Hibernate ORM core version 6.2.5.Final
2023-11-04T14:12:14.879+01:00  INFO 27280 --- [           main] org.hibernate.cfg.Environment            : HHH000406: Using bytecode reflection optimizer
2023-11-04T14:12:15.122+01:00  INFO 27280 --- [           main] o.h.b.i.BytecodeProviderInitiator        : HHH000021: Bytecode provider name : bytebuddy
2023-11-04T14:12:15.290+01:00  INFO 27280 --- [           main] o.s.o.j.p.SpringPersistenceUnitInfo      : No LoadTimeWeaver setup: ignoring JPA class transformer
2023-11-04T14:12:15.309+01:00  INFO 27280 --- [           main] com.zaxxer.hikari.HikariDataSource       : HikariPool-1 - Starting...
2023-11-04T14:12:15.483+01:00  INFO 27280 --- [           main] com.zaxxer.hikari.pool.HikariPool        : HikariPool-1 - Added connection com.mysql.cj.jdbc.ConnectionImpl@1b3bec6c
2023-11-04T14:12:15.485+01:00  INFO 27280 --- [           main] com.zaxxer.hikari.HikariDataSource       : HikariPool-1 - Start completed.
2023-11-04T14:12:15.850+01:00  INFO 27280 --- [           main] o.h.b.i.BytecodeProviderInitiator        : HHH000021: Bytecode provider name : bytebuddy
2023-11-04T14:12:16.593+01:00  INFO 27280 --- [           main] o.h.e.t.j.p.i.JtaPlatformInitiator       : HHH000490: Using JtaPlatform implementation: [org.hibernate.engine.transaction.jta.platform.internal.NoJtaPlatform]
Hibernate: alter table employee_model modify column position  tinyint
2023-11-04T14:12:16.656+01:00  WARN 27280 --- [           main] o.h.t.s.i.ExceptionHandlerLoggedImpl     : GenerationTarget encountered exception accepting command : Error executing DDL "alter table employee_model modify column position  tinyint" via JDBC [Incorrect integer value: 'saaaa' for column 'position' at row 1]

org.hibernate.tool.schema.spi.CommandAcceptanceException: Error executing DDL "alter table employee_model modify column position  tinyint" via JDBC [Incorrect integer value: 'saaaa' for column 'position' at row 1]
	at org.hibernate.tool.schema.internal.exec.GenerationTargetToDatabase.accept(GenerationTargetToDatabase.java:92) ~[hibernate-core-6.2.5.Final.jar:6.2.5.Final]
	at org.hibernate.tool.schema.internal.AbstractSchemaMigrator.applySqlString(AbstractSchemaMigrator.java:574) ~[hibernate-core-6.2.5.Final.jar:6.2.5.Final]
	at org.hibernate.tool.schema.internal.AbstractSchemaMigrator.applySqlStrings(AbstractSchemaMigrator.java:514) ~[hibernate-core-6.2.5.Final.jar:6.2.5.Final]
	at org.hibernate.tool.schema.internal.AbstractSchemaMigrator.migrateTable(AbstractSchemaMigrator.java:333) ~[hibernate-core-6.2.5.Final.jar:6.2.5.Final]
	at org.hibernate.tool.schema.internal.GroupedSchemaMigratorImpl.performTablesMigration(GroupedSchemaMigratorImpl.java:84) ~[hibernate-core-6.2.5.Final.jar:6.2.5.Final]
	at org.hibernate.tool.schema.internal.AbstractSchemaMigrator.performMigration(AbstractSchemaMigrator.java:232) ~[hibernate-core-6.2.5.Final.jar:6.2.5.Final]
	at org.hibernate.tool.schema.internal.AbstractSchemaMigrator.doMigration(AbstractSchemaMigrator.java:117) ~[hibernate-core-6.2.5.Final.jar:6.2.5.Final]
	at org.hibernate.tool.schema.spi.SchemaManagementToolCoordinator.performDatabaseAction(SchemaManagementToolCoordinator.java:284) ~[hibernate-core-6.2.5.Final.jar:6.2.5.Final]
	at org.hibernate.tool.schema.spi.SchemaManagementToolCoordinator.lambda$process$5(SchemaManagementToolCoordinator.java:143) ~[hibernate-core-6.2.5.Final.jar:6.2.5.Final]
	at java.base/java.util.HashMap.forEach(HashMap.java:1421) ~[na:na]
	at org.hibernate.tool.schema.spi.SchemaManagementToolCoordinator.process(SchemaManagementToolCoordinator.java:140) ~[hibernate-core-6.2.5.Final.jar:6.2.5.Final]
	at org.hibernate.boot.internal.SessionFactoryObserverForSchemaExport.sessionFactoryCreated(SessionFactoryObserverForSchemaExport.java:37) ~[hibernate-core-6.2.5.Final.jar:6.2.5.Final]
	at org.hibernate.internal.SessionFactoryObserverChain.sessionFactoryCreated(SessionFactoryObserverChain.java:35) ~[hibernate-core-6.2.5.Final.jar:6.2.5.Final]
	at org.hibernate.internal.SessionFactoryImpl.<init>(SessionFactoryImpl.java:292) ~[hibernate-core-6.2.5.Final.jar:6.2.5.Final]
	at org.hibernate.boot.internal.SessionFactoryBuilderImpl.build(SessionFactoryBuilderImpl.java:431) ~[hibernate-core-6.2.5.Final.jar:6.2.5.Final]
	at org.hibernate.jpa.boot.internal.EntityManagerFactoryBuilderImpl.build(EntityManagerFactoryBuilderImpl.java:1455) ~[hibernate-core-6.2.5.Final.jar:6.2.5.Final]
	at org.springframework.orm.jpa.vendor.SpringHibernateJpaPersistenceProvider.createContainerEntityManagerFactory(SpringHibernateJpaPersistenceProvider.java:75) ~[spring-orm-6.0.10.jar:6.0.10]
	at org.springframework.orm.jpa.LocalContainerEntityManagerFactoryBean.createNativeEntityManagerFactory(LocalContainerEntityManagerFactoryBean.java:376) ~[spring-orm-6.0.10.jar:6.0.10]
	at org.springframework.orm.jpa.AbstractEntityManagerFactoryBean.buildNativeEntityManagerFactory(AbstractEntityManagerFactoryBean.java:409) ~[spring-orm-6.0.10.jar:6.0.10]
	at org.springframework.orm.jpa.AbstractEntityManagerFactoryBean.afterPropertiesSet(AbstractEntityManagerFactoryBean.java:396) ~[spring-orm-6.0.10.jar:6.0.10]
	at org.springframework.orm.jpa.LocalContainerEntityManagerFactoryBean.afterPropertiesSet(LocalContainerEntityManagerFactoryBean.java:352) ~[spring-orm-6.0.10.jar:6.0.10]
	at org.springframework.beans.factory.support.AbstractAutowireCapableBeanFactory.invokeInitMethods(AbstractAutowireCapableBeanFactory.java:1816) ~[spring-beans-6.0.10.jar:6.0.10]
	at org.springframework.beans.factory.support.AbstractAutowireCapableBeanFactory.initializeBean(AbstractAutowireCapableBeanFactory.java:1766) ~[spring-beans-6.0.10.jar:6.0.10]
	at org.springframework.beans.factory.support.AbstractAutowireCapableBeanFactory.doCreateBean(AbstractAutowireCapableBeanFactory.java:598) ~[spring-beans-6.0.10.jar:6.0.10]
	at org.springframework.beans.factory.support.AbstractAutowireCapableBeanFactory.createBean(AbstractAutowireCapableBeanFactory.java:520) ~[spring-beans-6.0.10.jar:6.0.10]
	at org.springframework.beans.factory.support.AbstractBeanFactory.lambda$doGetBean$0(AbstractBeanFactory.java:326) ~[spring-beans-6.0.10.jar:6.0.10]
	at org.springframework.beans.factory.support.DefaultSingletonBeanRegistry.getSingleton(DefaultSingletonBeanRegistry.java:234) ~[spring-beans-6.0.10.jar:6.0.10]
	at org.springframework.beans.factory.support.AbstractBeanFactory.doGetBean(AbstractBeanFactory.java:324) ~[spring-beans-6.0.10.jar:6.0.10]
	at org.springframework.beans.factory.support.AbstractBeanFactory.getBean(AbstractBeanFactory.java:200) ~[spring-beans-6.0.10.jar:6.0.10]
	at org.springframework.context.support.AbstractApplicationContext.getBean(AbstractApplicationContext.java:1154) ~[spring-context-6.0.10.jar:6.0.10]
	at org.springframework.context.support.AbstractApplicationContext.finishBeanFactoryInitialization(AbstractApplicationContext.java:931) ~[spring-context-6.0.10.jar:6.0.10]
	at org.springframework.context.support.AbstractApplicationContext.refresh(AbstractApplicationContext.java:608) ~[spring-context-6.0.10.jar:6.0.10]
	at org.springframework.boot.SpringApplication.refresh(SpringApplication.java:734) ~[spring-boot-3.1.1.jar:3.1.1]
	at org.springframework.boot.SpringApplication.refreshContext(SpringApplication.java:436) ~[spring-boot-3.1.1.jar:3.1.1]
	at org.springframework.boot.SpringApplication.run(SpringApplication.java:312) ~[spring-boot-3.1.1.jar:3.1.1]
	at org.springframework.boot.test.context.SpringBootContextLoader.lambda$loadContext$3(SpringBootContextLoader.java:137) ~[spring-boot-test-3.1.1.jar:3.1.1]
	at org.springframework.util.function.ThrowingSupplier.get(ThrowingSupplier.java:58) ~[spring-core-6.0.10.jar:6.0.10]
	at org.springframework.util.function.ThrowingSupplier.get(ThrowingSupplier.java:46) ~[spring-core-6.0.10.jar:6.0.10]
	at org.springframework.boot.SpringApplication.withHook(SpringApplication.java:1406) ~[spring-boot-3.1.1.jar:3.1.1]
	at org.springframework.boot.test.context.SpringBootContextLoader$ContextLoaderHook.run(SpringBootContextLoader.java:545) ~[spring-boot-test-3.1.1.jar:3.1.1]
	at org.springframework.boot.test.context.SpringBootContextLoader.loadContext(SpringBootContextLoader.java:137) ~[spring-boot-test-3.1.1.jar:3.1.1]
	at org.springframework.boot.test.context.SpringBootContextLoader.loadContext(SpringBootContextLoader.java:108) ~[spring-boot-test-3.1.1.jar:3.1.1]
	at org.springframework.test.context.cache.DefaultCacheAwareContextLoaderDelegate.loadContextInternal(DefaultCacheAwareContextLoaderDelegate.java:187) ~[spring-test-6.0.10.jar:6.0.10]
	at org.springframework.test.context.cache.DefaultCacheAwareContextLoaderDelegate.loadContext(DefaultCacheAwareContextLoaderDelegate.java:119) ~[spring-test-6.0.10.jar:6.0.10]
	at org.springframework.test.context.support.DefaultTestContext.getApplicationContext(DefaultTestContext.java:127) ~[spring-test-6.0.10.jar:6.0.10]
	at org.springframework.test.context.web.ServletTestExecutionListener.setUpRequestContextIfNecessary(ServletTestExecutionListener.java:191) ~[spring-test-6.0.10.jar:6.0.10]
	at org.springframework.test.context.web.ServletTestExecutionListener.prepareTestInstance(ServletTestExecutionListener.java:130) ~[spring-test-6.0.10.jar:6.0.10]
	at org.springframework.test.context.TestContextManager.prepareTestInstance(TestContextManager.java:241) ~[spring-test-6.0.10.jar:6.0.10]
	at org.springframework.test.context.junit.jupiter.SpringExtension.postProcessTestInstance(SpringExtension.java:138) ~[spring-test-6.0.10.jar:6.0.10]
	at org.junit.jupiter.engine.descriptor.ClassBasedTestDescriptor.lambda$invokeTestInstancePostProcessors$10(ClassBasedTestDescriptor.java:377) ~[junit-jupiter-engine-5.9.3.jar:5.9.3]
	at org.junit.jupiter.engine.descriptor.ClassBasedTestDescriptor.executeAndMaskThrowable(ClassBasedTestDescriptor.java:382) ~[junit-jupiter-engine-5.9.3.jar:5.9.3]
	at org.junit.jupiter.engine.descriptor.ClassBasedTestDescriptor.lambda$invokeTestInstancePostProcessors$11(ClassBasedTestDescriptor.java:377) ~[junit-jupiter-engine-5.9.3.jar:5.9.3]
	at java.base/java.util.stream.ReferencePipeline$3$1.accept(ReferencePipeline.java:197) ~[na:na]
	at java.base/java.util.stream.ReferencePipeline$2$1.accept(ReferencePipeline.java:179) ~[na:na]
	at java.base/java.util.ArrayList$ArrayListSpliterator.forEachRemaining(ArrayList.java:1625) ~[na:na]
	at java.base/java.util.stream.AbstractPipeline.copyInto(AbstractPipeline.java:509) ~[na:na]
	at java.base/java.util.stream.AbstractPipeline.wrapAndCopyInto(AbstractPipeline.java:499) ~[na:na]
	at java.base/java.util.stream.StreamSpliterators$WrappingSpliterator.forEachRemaining(StreamSpliterators.java:310) ~[na:na]
	at java.base/java.util.stream.Streams$ConcatSpliterator.forEachRemaining(Streams.java:735) ~[na:na]
	at java.base/java.util.stream.Streams$ConcatSpliterator.forEachRemaining(Streams.java:734) ~[na:na]
	at java.base/java.util.stream.ReferencePipeline$Head.forEach(ReferencePipeline.java:762) ~[na:na]
	at org.junit.jupiter.engine.descriptor.ClassBasedTestDescriptor.invokeTestInstancePostProcessors(ClassBasedTestDescriptor.java:376) ~[junit-jupiter-engine-5.9.3.jar:5.9.3]
	at org.junit.jupiter.engine.descriptor.ClassBasedTestDescriptor.lambda$instantiateAndPostProcessTestInstance$6(ClassBasedTestDescriptor.java:289) ~[junit-jupiter-engine-5.9.3.jar:5.9.3]
	at org.junit.platform.engine.support.hierarchical.ThrowableCollector.execute(ThrowableCollector.java:73) ~[junit-platform-engine-1.9.3.jar:1.9.3]
	at org.junit.jupiter.engine.descriptor.ClassBasedTestDescriptor.instantiateAndPostProcessTestInstance(ClassBasedTestDescriptor.java:288) ~[junit-jupiter-engine-5.9.3.jar:5.9.3]
	at org.junit.jupiter.engine.descriptor.ClassBasedTestDescriptor.lambda$testInstancesProvider$4(ClassBasedTestDescriptor.java:278) ~[junit-jupiter-engine-5.9.3.jar:5.9.3]
	at java.base/java.util.Optional.orElseGet(Optional.java:364) ~[na:na]
	at org.junit.jupiter.engine.descriptor.ClassBasedTestDescriptor.lambda$testInstancesProvider$5(ClassBasedTestDescriptor.java:277) ~[junit-jupiter-engine-5.9.3.jar:5.9.3]
	at org.junit.jupiter.engine.execution.TestInstancesProvider.getTestInstances(TestInstancesProvider.java:31) ~[junit-jupiter-engine-5.9.3.jar:5.9.3]
	at org.junit.jupiter.engine.descriptor.TestMethodTestDescriptor.lambda$prepare$0(TestMethodTestDescriptor.java:105) ~[junit-jupiter-engine-5.9.3.jar:5.9.3]
	at org.junit.platform.engine.support.hierarchical.ThrowableCollector.execute(ThrowableCollector.java:73) ~[junit-platform-engine-1.9.3.jar:1.9.3]
	at org.junit.jupiter.engine.descriptor.TestMethodTestDescriptor.prepare(TestMethodTestDescriptor.java:104) ~[junit-jupiter-engine-5.9.3.jar:5.9.3]
	at org.junit.jupiter.engine.descriptor.TestMethodTestDescriptor.prepare(TestMethodTestDescriptor.java:68) ~[junit-jupiter-engine-5.9.3.jar:5.9.3]
	at org.junit.platform.engine.support.hierarchical.NodeTestTask.lambda$prepare$2(NodeTestTask.java:123) ~[junit-platform-engine-1.9.3.jar:1.9.3]
	at org.junit.platform.engine.support.hierarchical.ThrowableCollector.execute(ThrowableCollector.java:73) ~[junit-platform-engine-1.9.3.jar:1.9.3]
	at org.junit.platform.engine.support.hierarchical.NodeTestTask.prepare(NodeTestTask.java:123) ~[junit-platform-engine-1.9.3.jar:1.9.3]
	at org.junit.platform.engine.support.hierarchical.NodeTestTask.execute(NodeTestTask.java:90) ~[junit-platform-engine-1.9.3.jar:1.9.3]
	at java.base/java.util.ArrayList.forEach(ArrayList.java:1511) ~[na:na]
	at org.junit.platform.engine.support.hierarchical.SameThreadHierarchicalTestExecutorService.invokeAll(SameThreadHierarchicalTestExecutorService.java:41) ~[junit-platform-engine-1.9.3.jar:1.9.3]
	at org.junit.platform.engine.support.hierarchical.NodeTestTask.lambda$executeRecursively$6(NodeTestTask.java:155) ~[junit-platform-engine-1.9.3.jar:1.9.3]
	at org.junit.platform.engine.support.hierarchical.ThrowableCollector.execute(ThrowableCollector.java:73) ~[junit-platform-engine-1.9.3.jar:1.9.3]
	at org.junit.platform.engine.support.hierarchical.NodeTestTask.lambda$executeRecursively$8(NodeTestTask.java:141) ~[junit-platform-engine-1.9.3.jar:1.9.3]
	at org.junit.platform.engine.support.hierarchical.Node.around(Node.java:137) ~[junit-platform-engine-1.9.3.jar:1.9.3]
	at org.junit.platform.engine.support.hierarchical.NodeTestTask.lambda$executeRecursively$9(NodeTestTask.java:139) ~[junit-platform-engine-1.9.3.jar:1.9.3]
	at org.junit.platform.engine.support.hierarchical.ThrowableCollector.execute(ThrowableCollector.java:73) ~[junit-platform-engine-1.9.3.jar:1.9.3]
	at org.junit.platform.engine.support.hierarchical.NodeTestTask.executeRecursively(NodeTestTask.java:138) ~[junit-platform-engine-1.9.3.jar:1.9.3]
	at org.junit.platform.engine.support.hierarchical.NodeTestTask.execute(NodeTestTask.java:95) ~[junit-platform-engine-1.9.3.jar:1.9.3]
	at java.base/java.util.ArrayList.forEach(ArrayList.java:1511) ~[na:na]
	at org.junit.platform.engine.support.hierarchical.SameThreadHierarchicalTestExecutorService.invokeAll(SameThreadHierarchicalTestExecutorService.java:41) ~[junit-platform-engine-1.9.3.jar:1.9.3]
	at org.junit.platform.engine.support.hierarchical.NodeTestTask.lambda$executeRecursively$6(NodeTestTask.java:155) ~[junit-platform-engine-1.9.3.jar:1.9.3]
	at org.junit.platform.engine.support.hierarchical.ThrowableCollector.execute(ThrowableCollector.java:73) ~[junit-platform-engine-1.9.3.jar:1.9.3]
	at org.junit.platform.engine.support.hierarchical.NodeTestTask.lambda$executeRecursively$8(NodeTestTask.java:141) ~[junit-platform-engine-1.9.3.jar:1.9.3]
	at org.junit.platform.engine.support.hierarchical.Node.around(Node.java:137) ~[junit-platform-engine-1.9.3.jar:1.9.3]
	at org.junit.platform.engine.support.hierarchical.NodeTestTask.lambda$executeRecursively$9(NodeTestTask.java:139) ~[junit-platform-engine-1.9.3.jar:1.9.3]
	at org.junit.platform.engine.support.hierarchical.ThrowableCollector.execute(ThrowableCollector.java:73) ~[junit-platform-engine-1.9.3.jar:1.9.3]
	at org.junit.platform.engine.support.hierarchical.NodeTestTask.executeRecursively(NodeTestTask.java:138) ~[junit-platform-engine-1.9.3.jar:1.9.3]
	at org.junit.platform.engine.support.hierarchical.NodeTestTask.execute(NodeTestTask.java:95) ~[junit-platform-engine-1.9.3.jar:1.9.3]
	at org.junit.platform.engine.support.hierarchical.SameThreadHierarchicalTestExecutorService.submit(SameThreadHierarchicalTestExecutorService.java:35) ~[junit-platform-engine-1.9.3.jar:1.9.3]
	at org.junit.platform.engine.support.hierarchical.HierarchicalTestExecutor.execute(HierarchicalTestExecutor.java:57) ~[junit-platform-engine-1.9.3.jar:1.9.3]
	at org.junit.platform.engine.support.hierarchical.HierarchicalTestEngine.execute(HierarchicalTestEngine.java:54) ~[junit-platform-engine-1.9.3.jar:1.9.3]
	at org.junit.platform.launcher.core.EngineExecutionOrchestrator.execute(EngineExecutionOrchestrator.java:147) ~[junit-platform-launcher-1.9.3.jar:1.9.3]
	at org.junit.platform.launcher.core.EngineExecutionOrchestrator.execute(EngineExecutionOrchestrator.java:127) ~[junit-platform-launcher-1.9.3.jar:1.9.3]
	at org.junit.platform.launcher.core.EngineExecutionOrchestrator.execute(EngineExecutionOrchestrator.java:90) ~[junit-platform-launcher-1.9.3.jar:1.9.3]
	at org.junit.platform.launcher.core.EngineExecutionOrchestrator.lambda$execute$0(EngineExecutionOrchestrator.java:55) ~[junit-platform-launcher-1.9.3.jar:1.9.3]
	at org.junit.platform.launcher.core.EngineExecutionOrchestrator.withInterceptedStreams(EngineExecutionOrchestrator.java:102) ~[junit-platform-launcher-1.9.3.jar:1.9.3]
	at org.junit.platform.launcher.core.EngineExecutionOrchestrator.execute(EngineExecutionOrchestrator.java:54) ~[junit-platform-launcher-1.9.3.jar:1.9.3]
	at org.junit.platform.launcher.core.DefaultLauncher.execute(DefaultLauncher.java:114) ~[junit-platform-launcher-1.9.3.jar:1.9.3]
	at org.junit.platform.launcher.core.DefaultLauncher.execute(DefaultLauncher.java:86) ~[junit-platform-launcher-1.9.3.jar:1.9.3]
	at org.junit.platform.launcher.core.DefaultLauncherSession$DelegatingLauncher.execute(DefaultLauncherSession.java:86) ~[junit-platform-launcher-1.9.3.jar:1.9.3]
	at org.apache.maven.surefire.junitplatform.LazyLauncher.execute(LazyLauncher.java:50) ~[surefire-junit-platform-3.0.0.jar:3.0.0]
	at org.apache.maven.surefire.junitplatform.JUnitPlatformProvider.execute(JUnitPlatformProvider.java:184) ~[surefire-junit-platform-3.0.0.jar:3.0.0]
	at org.apache.maven.surefire.junitplatform.JUnitPlatformProvider.invokeAllTests(JUnitPlatformProvider.java:148) ~[surefire-junit-platform-3.0.0.jar:3.0.0]
	at org.apache.maven.surefire.junitplatform.JUnitPlatformProvider.invoke(JUnitPlatformProvider.java:122) ~[surefire-junit-platform-3.0.0.jar:3.0.0]
	at org.apache.maven.surefire.booter.ForkedBooter.runSuitesInProcess(ForkedBooter.java:385) ~[surefire-booter-3.0.0.jar:3.0.0]
	at org.apache.maven.surefire.booter.ForkedBooter.execute(ForkedBooter.java:162) ~[surefire-booter-3.0.0.jar:3.0.0]
	at org.apache.maven.surefire.booter.ForkedBooter.run(ForkedBooter.java:507) ~[surefire-booter-3.0.0.jar:3.0.0]
	at org.apache.maven.surefire.booter.ForkedBooter.main(ForkedBooter.java:495) ~[surefire-booter-3.0.0.jar:3.0.0]
Caused by: java.sql.SQLException: Incorrect integer value: 'saaaa' for column 'position' at row 1
	at com.mysql.cj.jdbc.exceptions.SQLError.createSQLException(SQLError.java:129) ~[mysql-connector-java-8.0.28.jar:8.0.28]
	at com.mysql.cj.jdbc.exceptions.SQLExceptionsMapping.translateException(SQLExceptionsMapping.java:122) ~[mysql-connector-java-8.0.28.jar:8.0.28]
	at com.mysql.cj.jdbc.StatementImpl.executeInternal(StatementImpl.java:763) ~[mysql-connector-java-8.0.28.jar:8.0.28]
	at com.mysql.cj.jdbc.StatementImpl.execute(StatementImpl.java:648) ~[mysql-connector-java-8.0.28.jar:8.0.28]
	at com.zaxxer.hikari.pool.ProxyStatement.execute(ProxyStatement.java:94) ~[HikariCP-5.0.1.jar:na]
	at com.zaxxer.hikari.pool.HikariProxyStatement.execute(HikariProxyStatement.java) ~[HikariCP-5.0.1.jar:na]
	at org.hibernate.tool.schema.internal.exec.GenerationTargetToDatabase.accept(GenerationTargetToDatabase.java:78) ~[hibernate-core-6.2.5.Final.jar:6.2.5.Final]
	... 116 common frames omitted

2023-11-04T14:12:16.733+01:00  INFO 27280 --- [           main] j.LocalContainerEntityManagerFactoryBean : Initialized JPA EntityManagerFactory for persistence unit 'default'
2023-11-04T14:12:17.448+01:00  WARN 27280 --- [           main] JpaBaseConfiguration$JpaWebConfiguration : spring.jpa.open-in-view is enabled by default. Therefore, database queries may be performed during view rendering. Explicitly configure spring.jpa.open-in-view to disable this warning
2023-11-04T14:12:17.880+01:00  INFO 27280 --- [           main] o.s.s.web.DefaultSecurityFilterChain     : Will secure any request with [org.springframework.security.web.session.DisableEncodeUrlFilter@18c95fbb, org.springframework.security.web.context.request.async.WebAsyncManagerIntegrationFilter@36c5a4b7, org.springframework.security.web.context.SecurityContextHolderFilter@3b48361e, org.springframework.security.web.header.HeaderWriterFilter@18fcfe7e, org.springframework.security.web.csrf.CsrfFilter@488c608a, org.springframework.security.web.authentication.logout.LogoutFilter@7e44f989, org.springframework.security.web.authentication.UsernamePasswordAuthenticationFilter@2ee5fe1e, org.springframework.security.web.savedrequest.RequestCacheAwareFilter@5ae22651, org.springframework.security.web.servletapi.SecurityContextHolderAwareRequestFilter@72e4ffa2, org.springframework.security.web.authentication.AnonymousAuthenticationFilter@1bb3e150, org.springframework.security.web.access.ExceptionTranslationFilter@390e814c, org.springframework.security.web.access.intercept.AuthorizationFilter@5432be12]
2023-11-04T14:12:17.883+01:00  WARN 27280 --- [           main] o.s.s.c.a.web.builders.WebSecurity       : You are asking Spring Security to ignore Mvc [pattern='/images/**']. This is not recommended -- please use permitAll via HttpSecurity#authorizeHttpRequests instead.
2023-11-04T14:12:17.883+01:00  INFO 27280 --- [           main] o.s.s.web.DefaultSecurityFilterChain     : Will not secure Mvc [pattern='/images/**']
2023-11-04T14:12:18.185+01:00  INFO 27280 --- [           main] c.e.r.RentalcarsApplicationTests         : Started RentalcarsApplicationTests in 5.205 seconds (process running for 6.246)
Hibernate: select d1_0.id,d1_0.address,d1_0.city,e1_0.department_model_id,e1_1.id,e1_1.first_name,e1_1.last_name,e1_1.position,u1_0.id,u1_0.active,u1_0.email,u1_0.name,u1_0.password,u1_0.role_id from department_model d1_0 left join (department_model_employees e1_0 join employee_model e1_1 on e1_1.id=e1_0.employees_id) on d1_0.id=e1_0.department_model_id left join user_model u1_0 on u1_0.id=e1_1.user_id where d1_0.id=?
Hibernate: select c1_0.department_model_id,c1_1.id,c1_1.availability,c1_1.bail,c1_1.body,c1_1.color,c1_1.fuel_type,c1_1.gearbox,c1_1.mark,c1_1.mileage,c1_1.model,c1_1.number_of_doors,c1_1.number_of_seats,c1_1.price,c1_1.production_date,c1_1.trunk from department_model_cars c1_0 join car_model c1_1 on c1_1.id=c1_0.cars_id where c1_0.department_model_id=?
Hibernate: delete from department_model_cars where department_model_id=?
Hibernate: select d1_0.id,d1_0.address,d1_0.city,e1_0.department_model_id,e1_1.id,e1_1.first_name,e1_1.last_name,e1_1.position,u1_0.id,u1_0.active,u1_0.email,u1_0.name,u1_0.password,u1_0.role_id from department_model d1_0 left join (department_model_employees e1_0 join employee_model e1_1 on e1_1.id=e1_0.employees_id) on d1_0.id=e1_0.department_model_id left join user_model u1_0 on u1_0.id=e1_1.user_id where d1_0.id=?
Hibernate: select c1_0.department_model_id,c1_1.id,c1_1.availability,c1_1.bail,c1_1.body,c1_1.color,c1_1.fuel_type,c1_1.gearbox,c1_1.mark,c1_1.mileage,c1_1.model,c1_1.number_of_doors,c1_1.number_of_seats,c1_1.price,c1_1.production_date,c1_1.trunk from department_model_cars c1_0 join car_model c1_1 on c1_1.id=c1_0.cars_id where c1_0.department_model_id=?
Hibernate: delete from department_model_cars where department_model_id=?
Hibernate: select d1_0.id,d1_0.address,d1_0.city,e1_0.department_model_id,e1_1.id,e1_1.first_name,e1_1.last_name,e1_1.position,u1_0.id,u1_0.active,u1_0.email,u1_0.name,u1_0.password,u1_0.role_id from department_model d1_0 left join (department_model_employees e1_0 join employee_model e1_1 on e1_1.id=e1_0.employees_id) on d1_0.id=e1_0.department_model_id left join user_model u1_0 on u1_0.id=e1_1.user_id where d1_0.id=?
Hibernate: select c1_0.department_model_id,c1_1.id,c1_1.availability,c1_1.bail,c1_1.body,c1_1.color,c1_1.fuel_type,c1_1.gearbox,c1_1.mark,c1_1.mileage,c1_1.model,c1_1.number_of_doors,c1_1.number_of_seats,c1_1.price,c1_1.production_date,c1_1.trunk from department_model_cars c1_0 join car_model c1_1 on c1_1.id=c1_0.cars_id where c1_0.department_model_id=?
Hibernate: delete from department_model_cars where department_model_id=?
Hibernate: select d1_0.id,d1_0.address,d1_0.city,e1_0.department_model_id,e1_1.id,e1_1.first_name,e1_1.last_name,e1_1.position,u1_0.id,u1_0.active,u1_0.email,u1_0.name,u1_0.password,u1_0.role_id from department_model d1_0 left join (department_model_employees e1_0 join employee_model e1_1 on e1_1.id=e1_0.employees_id) on d1_0.id=e1_0.department_model_id left join user_model u1_0 on u1_0.id=e1_1.user_id where d1_0.id=?
Hibernate: select c1_0.department_model_id,c1_1.id,c1_1.availability,c1_1.bail,c1_1.body,c1_1.color,c1_1.fuel_type,c1_1.gearbox,c1_1.mark,c1_1.mileage,c1_1.model,c1_1.number_of_doors,c1_1.number_of_seats,c1_1.price,c1_1.production_date,c1_1.trunk from department_model_cars c1_0 join car_model c1_1 on c1_1.id=c1_0.cars_id where c1_0.department_model_id=?
Hibernate: select c1_0.id,c1_0.availability,c1_0.bail,c1_0.body,c1_0.color,c1_0.fuel_type,c1_0.gearbox,c1_0.mark,c1_0.mileage,c1_0.model,c1_0.number_of_doors,c1_0.number_of_seats,c1_0.price,c1_0.production_date,c1_0.trunk from car_model c1_0 where c1_0.id=?
Hibernate: select c1_0.id,c1_0.availability,c1_0.bail,c1_0.body,c1_0.color,c1_0.fuel_type,c1_0.gearbox,c1_0.mark,c1_0.mileage,c1_0.model,c1_0.number_of_doors,c1_0.number_of_seats,c1_0.price,c1_0.production_date,c1_0.trunk from car_model c1_0 where c1_0.id=?
Hibernate: select c1_0.id,c1_0.availability,c1_0.bail,c1_0.body,c1_0.color,c1_0.fuel_type,c1_0.gearbox,c1_0.mark,c1_0.mileage,c1_0.model,c1_0.number_of_doors,c1_0.number_of_seats,c1_0.price,c1_0.production_date,c1_0.trunk from car_model c1_0 where c1_0.id=?
Hibernate: select c1_0.id,c1_0.availability,c1_0.bail,c1_0.body,c1_0.color,c1_0.fuel_type,c1_0.gearbox,c1_0.mark,c1_0.mileage,c1_0.model,c1_0.number_of_doors,c1_0.number_of_seats,c1_0.price,c1_0.production_date,c1_0.trunk from car_model c1_0 where c1_0.id=?
Hibernate: select d1_0.id,d1_0.address,d1_0.city,e1_0.department_model_id,e1_1.id,e1_1.first_name,e1_1.last_name,e1_1.position,u1_0.id,u1_0.active,u1_0.email,u1_0.name,u1_0.password,u1_0.role_id from department_model d1_0 left join (department_model_employees e1_0 join employee_model e1_1 on e1_1.id=e1_0.employees_id) on d1_0.id=e1_0.department_model_id left join user_model u1_0 on u1_0.id=e1_1.user_id where d1_0.id=?
Hibernate: select c1_0.department_model_id,c1_1.id,c1_1.availability,c1_1.bail,c1_1.body,c1_1.color,c1_1.fuel_type,c1_1.gearbox,c1_1.mark,c1_1.mileage,c1_1.model,c1_1.number_of_doors,c1_1.number_of_seats,c1_1.price,c1_1.production_date,c1_1.trunk from department_model_cars c1_0 join car_model c1_1 on c1_1.id=c1_0.cars_id where c1_0.department_model_id=?
Hibernate: select c1_0.id,c1_0.availability,c1_0.bail,c1_0.body,c1_0.color,c1_0.fuel_type,c1_0.gearbox,c1_0.mark,c1_0.mileage,c1_0.model,c1_0.number_of_doors,c1_0.number_of_seats,c1_0.price,c1_0.production_date,c1_0.trunk from car_model c1_0 where c1_0.id=?
Hibernate: select d1_0.id,d1_0.address,d1_0.city,e1_0.department_model_id,e1_1.id,e1_1.first_name,e1_1.last_name,e1_1.position,u1_0.id,u1_0.active,u1_0.email,u1_0.name,u1_0.password,u1_0.role_id from department_model d1_0 left join (department_model_employees e1_0 join employee_model e1_1 on e1_1.id=e1_0.employees_id) on d1_0.id=e1_0.department_model_id left join user_model u1_0 on u1_0.id=e1_1.user_id where d1_0.id=?
Hibernate: select c1_0.department_model_id,c1_1.id,c1_1.availability,c1_1.bail,c1_1.body,c1_1.color,c1_1.fuel_type,c1_1.gearbox,c1_1.mark,c1_1.mileage,c1_1.model,c1_1.number_of_doors,c1_1.number_of_seats,c1_1.price,c1_1.production_date,c1_1.trunk from department_model_cars c1_0 join car_model c1_1 on c1_1.id=c1_0.cars_id where c1_0.department_model_id=?
Hibernate: select c1_0.id,c1_0.availability,c1_0.bail,c1_0.body,c1_0.color,c1_0.fuel_type,c1_0.gearbox,c1_0.mark,c1_0.mileage,c1_0.model,c1_0.number_of_doors,c1_0.number_of_seats,c1_0.price,c1_0.production_date,c1_0.trunk from car_model c1_0 where c1_0.id=?
Hibernate: insert into department_model_cars (department_model_id,cars_id) values (?,?)
Hibernate: select d1_0.id,d1_0.address,d1_0.city,e1_0.department_model_id,e1_1.id,e1_1.first_name,e1_1.last_name,e1_1.position,u1_0.id,u1_0.active,u1_0.email,u1_0.name,u1_0.password,u1_0.role_id from department_model d1_0 left join (department_model_employees e1_0 join employee_model e1_1 on e1_1.id=e1_0.employees_id) on d1_0.id=e1_0.department_model_id left join user_model u1_0 on u1_0.id=e1_1.user_id where d1_0.id=?
Hibernate: select c1_0.department_model_id,c1_1.id,c1_1.availability,c1_1.bail,c1_1.body,c1_1.color,c1_1.fuel_type,c1_1.gearbox,c1_1.mark,c1_1.mileage,c1_1.model,c1_1.number_of_doors,c1_1.number_of_seats,c1_1.price,c1_1.production_date,c1_1.trunk from department_model_cars c1_0 join car_model c1_1 on c1_1.id=c1_0.cars_id where c1_0.department_model_id=?
Hibernate: select c1_0.id,c1_0.availability,c1_0.bail,c1_0.body,c1_0.color,c1_0.fuel_type,c1_0.gearbox,c1_0.mark,c1_0.mileage,c1_0.model,c1_0.number_of_doors,c1_0.number_of_seats,c1_0.price,c1_0.production_date,c1_0.trunk from car_model c1_0 where c1_0.id=?
Hibernate: select d1_0.id,d1_0.address,d1_0.city,e1_0.department_model_id,e1_1.id,e1_1.first_name,e1_1.last_name,e1_1.position,u1_0.id,u1_0.active,u1_0.email,u1_0.name,u1_0.password,u1_0.role_id from department_model d1_0 left join (department_model_employees e1_0 join employee_model e1_1 on e1_1.id=e1_0.employees_id) on d1_0.id=e1_0.department_model_id left join user_model u1_0 on u1_0.id=e1_1.user_id where d1_0.id=?
Hibernate: select c1_0.department_model_id,c1_1.id,c1_1.availability,c1_1.bail,c1_1.body,c1_1.color,c1_1.fuel_type,c1_1.gearbox,c1_1.mark,c1_1.mileage,c1_1.model,c1_1.number_of_doors,c1_1.number_of_seats,c1_1.price,c1_1.production_date,c1_1.trunk from department_model_cars c1_0 join car_model c1_1 on c1_1.id=c1_0.cars_id where c1_0.department_model_id=?
Hibernate: select c1_0.id,c1_0.availability,c1_0.bail,c1_0.body,c1_0.color,c1_0.fuel_type,c1_0.gearbox,c1_0.mark,c1_0.mileage,c1_0.model,c1_0.number_of_doors,c1_0.number_of_seats,c1_0.price,c1_0.production_date,c1_0.trunk from car_model c1_0 where c1_0.id=?
Hibernate: insert into department_model_cars (department_model_id,cars_id) values (?,?)
Hibernate: select d1_0.id,d1_0.address,d1_0.city,e1_0.department_model_id,e1_1.id,e1_1.first_name,e1_1.last_name,e1_1.position,u1_0.id,u1_0.active,u1_0.email,u1_0.name,u1_0.password,u1_0.role_id from department_model d1_0 left join (department_model_employees e1_0 join employee_model e1_1 on e1_1.id=e1_0.employees_id) on d1_0.id=e1_0.department_model_id left join user_model u1_0 on u1_0.id=e1_1.user_id where d1_0.id=?
Hibernate: select c1_0.department_model_id,c1_1.id,c1_1.availability,c1_1.bail,c1_1.body,c1_1.color,c1_1.fuel_type,c1_1.gearbox,c1_1.mark,c1_1.mileage,c1_1.model,c1_1.number_of_doors,c1_1.number_of_seats,c1_1.price,c1_1.production_date,c1_1.trunk from department_model_cars c1_0 join car_model c1_1 on c1_1.id=c1_0.cars_id where c1_0.department_model_id=?
Hibernate: select c1_0.id,c1_0.availability,c1_0.bail,c1_0.body,c1_0.color,c1_0.fuel_type,c1_0.gearbox,c1_0.mark,c1_0.mileage,c1_0.model,c1_0.number_of_doors,c1_0.number_of_seats,c1_0.price,c1_0.production_date,c1_0.trunk from car_model c1_0 where c1_0.id=?
Hibernate: select d1_0.id,d1_0.address,d1_0.city,e1_0.department_model_id,e1_1.id,e1_1.first_name,e1_1.last_name,e1_1.position,u1_0.id,u1_0.active,u1_0.email,u1_0.name,u1_0.password,u1_0.role_id from department_model d1_0 left join (department_model_employees e1_0 join employee_model e1_1 on e1_1.id=e1_0.employees_id) on d1_0.id=e1_0.department_model_id left join user_model u1_0 on u1_0.id=e1_1.user_id where d1_0.id=?
Hibernate: select c1_0.department_model_id,c1_1.id,c1_1.availability,c1_1.bail,c1_1.body,c1_1.color,c1_1.fuel_type,c1_1.gearbox,c1_1.mark,c1_1.mileage,c1_1.model,c1_1.number_of_doors,c1_1.number_of_seats,c1_1.price,c1_1.production_date,c1_1.trunk from department_model_cars c1_0 join car_model c1_1 on c1_1.id=c1_0.cars_id where c1_0.department_model_id=?
Hibernate: select c1_0.id,c1_0.availability,c1_0.bail,c1_0.body,c1_0.color,c1_0.fuel_type,c1_0.gearbox,c1_0.mark,c1_0.mileage,c1_0.model,c1_0.number_of_doors,c1_0.number_of_seats,c1_0.price,c1_0.production_date,c1_0.trunk from car_model c1_0 where c1_0.id=?
Hibernate: insert into department_model_cars (department_model_id,cars_id) values (?,?)
Hibernate: select d1_0.id,d1_0.address,d1_0.city,e1_0.department_model_id,e1_1.id,e1_1.first_name,e1_1.last_name,e1_1.position,u1_0.id,u1_0.active,u1_0.email,u1_0.name,u1_0.password,u1_0.role_id from department_model d1_0 left join (department_model_employees e1_0 join employee_model e1_1 on e1_1.id=e1_0.employees_id) on d1_0.id=e1_0.department_model_id left join user_model u1_0 on u1_0.id=e1_1.user_id where d1_0.id=?
Hibernate: select c1_0.department_model_id,c1_1.id,c1_1.availability,c1_1.bail,c1_1.body,c1_1.color,c1_1.fuel_type,c1_1.gearbox,c1_1.mark,c1_1.mileage,c1_1.model,c1_1.number_of_doors,c1_1.number_of_seats,c1_1.price,c1_1.production_date,c1_1.trunk from department_model_cars c1_0 join car_model c1_1 on c1_1.id=c1_0.cars_id where c1_0.department_model_id=?
Hibernate: select c1_0.id,c1_0.availability,c1_0.bail,c1_0.body,c1_0.color,c1_0.fuel_type,c1_0.gearbox,c1_0.mark,c1_0.mileage,c1_0.model,c1_0.number_of_doors,c1_0.number_of_seats,c1_0.price,c1_0.production_date,c1_0.trunk from car_model c1_0 where c1_0.id=?
Hibernate: select d1_0.id,d1_0.address,d1_0.city,e1_0.department_model_id,e1_1.id,e1_1.first_name,e1_1.last_name,e1_1.position,u1_0.id,u1_0.active,u1_0.email,u1_0.name,u1_0.password,u1_0.role_id from department_model d1_0 left join (department_model_employees e1_0 join employee_model e1_1 on e1_1.id=e1_0.employees_id) on d1_0.id=e1_0.department_model_id left join user_model u1_0 on u1_0.id=e1_1.user_id where d1_0.id=?
Hibernate: select c1_0.department_model_id,c1_1.id,c1_1.availability,c1_1.bail,c1_1.body,c1_1.color,c1_1.fuel_type,c1_1.gearbox,c1_1.mark,c1_1.mileage,c1_1.model,c1_1.number_of_doors,c1_1.number_of_seats,c1_1.price,c1_1.production_date,c1_1.trunk from department_model_cars c1_0 join car_model c1_1 on c1_1.id=c1_0.cars_id where c1_0.department_model_id=?
Hibernate: select c1_0.id,c1_0.availability,c1_0.bail,c1_0.body,c1_0.color,c1_0.fuel_type,c1_0.gearbox,c1_0.mark,c1_0.mileage,c1_0.model,c1_0.number_of_doors,c1_0.number_of_seats,c1_0.price,c1_0.production_date,c1_0.trunk from car_model c1_0 where c1_0.id=?
Hibernate: delete from department_model_cars where department_model_id=?
Hibernate: insert into department_model_cars (department_model_id,cars_id) values (?,?)
Hibernate: insert into department_model_cars (department_model_id,cars_id) values (?,?)
Hibernate: select d1_0.id,d1_0.address,d1_0.city,e1_0.department_model_id,e1_1.id,e1_1.first_name,e1_1.last_name,e1_1.position,u1_0.id,u1_0.active,u1_0.email,u1_0.name,u1_0.password,u1_0.role_id from department_model d1_0 left join (department_model_employees e1_0 join employee_model e1_1 on e1_1.id=e1_0.employees_id) on d1_0.id=e1_0.department_model_id left join user_model u1_0 on u1_0.id=e1_1.user_id where d1_0.id=?
Hibernate: select c1_0.department_model_id,c1_1.id,c1_1.availability,c1_1.bail,c1_1.body,c1_1.color,c1_1.fuel_type,c1_1.gearbox,c1_1.mark,c1_1.mileage,c1_1.model,c1_1.number_of_doors,c1_1.number_of_seats,c1_1.price,c1_1.production_date,c1_1.trunk from department_model_cars c1_0 join car_model c1_1 on c1_1.id=c1_0.cars_id where c1_0.department_model_id=?
Hibernate: select c1_0.id,c1_0.availability,c1_0.bail,c1_0.body,c1_0.color,c1_0.fuel_type,c1_0.gearbox,c1_0.mark,c1_0.mileage,c1_0.model,c1_0.number_of_doors,c1_0.number_of_seats,c1_0.price,c1_0.production_date,c1_0.trunk from car_model c1_0 where c1_0.id=?
Hibernate: select r1_0.id,r1_0.name from role_model r1_0 where r1_0.id=?
Hibernate: select r1_0.id,r1_0.name from role_model r1_0 where r1_0.id=?
Hibernate: select u1_0.id,u1_0.active,u1_0.email,u1_0.name,u1_0.password,r1_0.id,r1_0.name from user_model u1_0 left join role_model r1_0 on r1_0.id=u1_0.role_id where u1_0.id=?
Hibernate: select u1_0.id,u1_0.active,u1_0.email,u1_0.name,u1_0.password,r1_0.id,r1_0.name from user_model u1_0 left join role_model r1_0 on r1_0.id=u1_0.role_id where u1_0.id=?
Hibernate: select u1_0.id,u1_0.active,u1_0.email,u1_0.name,u1_0.password,r1_0.id,r1_0.name from user_model u1_0 left join role_model r1_0 on r1_0.id=u1_0.role_id where u1_0.id=?
Hibernate: select e1_0.id,e1_0.first_name,e1_0.last_name,e1_0.position,u1_0.id,u1_0.active,u1_0.email,u1_0.name,u1_0.password,r1_0.id,r1_0.name from employee_model e1_0 left join user_model u1_0 on u1_0.id=e1_0.user_id left join role_model r1_0 on r1_0.id=u1_0.role_id where e1_0.id=?
2023-11-04T14:12:18.424+01:00  WARN 27280 --- [           main] o.h.engine.jdbc.spi.SqlExceptionHelper   : SQL Error: 0, SQLState: 22003
2023-11-04T14:12:18.424+01:00 ERROR 27280 --- [           main] o.h.engine.jdbc.spi.SqlExceptionHelper   : Value 'saaaa' is outside of valid range for type java.lang.Byte
2023-11-04T14:12:18.426+01:00  INFO 27280 --- [           main] o.h.e.internal.DefaultLoadEventListener  : HHH000327: Error performing load command

org.hibernate.exception.DataException: Could not extract column [4] from JDBC ResultSet [Value 'saaaa' is outside of valid range for type java.lang.Byte] [n/a]
	at org.hibernate.exception.internal.SQLExceptionTypeDelegate.convert(SQLExceptionTypeDelegate.java:53) ~[hibernate-core-6.2.5.Final.jar:6.2.5.Final]
	at org.hibernate.exception.internal.StandardSQLExceptionConverter.convert(StandardSQLExceptionConverter.java:56) ~[hibernate-core-6.2.5.Final.jar:6.2.5.Final]
	at org.hibernate.engine.jdbc.spi.SqlExceptionHelper.convert(SqlExceptionHelper.java:108) ~[hibernate-core-6.2.5.Final.jar:6.2.5.Final]
	at org.hibernate.engine.jdbc.spi.SqlExceptionHelper.convert(SqlExceptionHelper.java:94) ~[hibernate-core-6.2.5.Final.jar:6.2.5.Final]
	at org.hibernate.sql.results.jdbc.internal.JdbcValuesResultSetImpl.readCurrentRowValues(JdbcValuesResultSetImpl.java:322) ~[hibernate-core-6.2.5.Final.jar:6.2.5.Final]
	at org.hibernate.sql.results.jdbc.internal.JdbcValuesResultSetImpl.advance(JdbcValuesResultSetImpl.java:293) ~[hibernate-core-6.2.5.Final.jar:6.2.5.Final]
	at org.hibernate.sql.results.jdbc.internal.JdbcValuesResultSetImpl.processNext(JdbcValuesResultSetImpl.java:134) ~[hibernate-core-6.2.5.Final.jar:6.2.5.Final]
	at org.hibernate.sql.results.jdbc.internal.AbstractJdbcValues.next(AbstractJdbcValues.java:19) ~[hibernate-core-6.2.5.Final.jar:6.2.5.Final]
	at org.hibernate.sql.results.internal.RowProcessingStateStandardImpl.next(RowProcessingStateStandardImpl.java:66) ~[hibernate-core-6.2.5.Final.jar:6.2.5.Final]
	at org.hibernate.sql.results.spi.ListResultsConsumer.consume(ListResultsConsumer.java:184) ~[hibernate-core-6.2.5.Final.jar:6.2.5.Final]
	at org.hibernate.sql.results.spi.ListResultsConsumer.consume(ListResultsConsumer.java:33) ~[hibernate-core-6.2.5.Final.jar:6.2.5.Final]
	at org.hibernate.sql.exec.internal.JdbcSelectExecutorStandardImpl.doExecuteQuery(JdbcSelectExecutorStandardImpl.java:361) ~[hibernate-core-6.2.5.Final.jar:6.2.5.Final]
	at org.hibernate.sql.exec.internal.JdbcSelectExecutorStandardImpl.executeQuery(JdbcSelectExecutorStandardImpl.java:168) ~[hibernate-core-6.2.5.Final.jar:6.2.5.Final]
	at org.hibernate.sql.exec.internal.JdbcSelectExecutorStandardImpl.list(JdbcSelectExecutorStandardImpl.java:93) ~[hibernate-core-6.2.5.Final.jar:6.2.5.Final]
	at org.hibernate.sql.exec.spi.JdbcSelectExecutor.list(JdbcSelectExecutor.java:31) ~[hibernate-core-6.2.5.Final.jar:6.2.5.Final]
	at org.hibernate.loader.ast.internal.SingleIdLoadPlan.load(SingleIdLoadPlan.java:146) ~[hibernate-core-6.2.5.Final.jar:6.2.5.Final]
	at org.hibernate.loader.ast.internal.SingleIdLoadPlan.load(SingleIdLoadPlan.java:118) ~[hibernate-core-6.2.5.Final.jar:6.2.5.Final]
	at org.hibernate.loader.ast.internal.SingleIdEntityLoaderStandardImpl.load(SingleIdEntityLoaderStandardImpl.java:73) ~[hibernate-core-6.2.5.Final.jar:6.2.5.Final]
	at org.hibernate.persister.entity.AbstractEntityPersister.doLoad(AbstractEntityPersister.java:3481) ~[hibernate-core-6.2.5.Final.jar:6.2.5.Final]
	at org.hibernate.persister.entity.AbstractEntityPersister.load(AbstractEntityPersister.java:3471) ~[hibernate-core-6.2.5.Final.jar:6.2.5.Final]
	at org.hibernate.event.internal.DefaultLoadEventListener.loadFromDatasource(DefaultLoadEventListener.java:581) ~[hibernate-core-6.2.5.Final.jar:6.2.5.Final]
	at org.hibernate.event.internal.DefaultLoadEventListener.loadFromCacheOrDatasource(DefaultLoadEventListener.java:567) ~[hibernate-core-6.2.5.Final.jar:6.2.5.Final]
	at org.hibernate.event.internal.DefaultLoadEventListener.load(DefaultLoadEventListener.java:536) ~[hibernate-core-6.2.5.Final.jar:6.2.5.Final]
	at org.hibernate.event.internal.DefaultLoadEventListener.doLoad(DefaultLoadEventListener.java:529) ~[hibernate-core-6.2.5.Final.jar:6.2.5.Final]
	at org.hibernate.event.internal.DefaultLoadEventListener.load(DefaultLoadEventListener.java:202) ~[hibernate-core-6.2.5.Final.jar:6.2.5.Final]
	at org.hibernate.event.internal.DefaultLoadEventListener.loadWithRegularProxy(DefaultLoadEventListener.java:282) ~[hibernate-core-6.2.5.Final.jar:6.2.5.Final]
	at org.hibernate.event.internal.DefaultLoadEventListener.proxyOrLoad(DefaultLoadEventListener.java:237) ~[hibernate-core-6.2.5.Final.jar:6.2.5.Final]
	at org.hibernate.event.internal.DefaultLoadEventListener.doOnLoad(DefaultLoadEventListener.java:106) ~[hibernate-core-6.2.5.Final.jar:6.2.5.Final]
	at org.hibernate.event.internal.DefaultLoadEventListener.onLoad(DefaultLoadEventListener.java:78) ~[hibernate-core-6.2.5.Final.jar:6.2.5.Final]
	at org.hibernate.event.service.internal.EventListenerGroupImpl.fireEventOnEachListener(EventListenerGroupImpl.java:138) ~[hibernate-core-6.2.5.Final.jar:6.2.5.Final]
	at org.hibernate.internal.SessionImpl.fireLoadNoChecks(SessionImpl.java:1231) ~[hibernate-core-6.2.5.Final.jar:6.2.5.Final]
	at org.hibernate.internal.SessionImpl.fireLoad(SessionImpl.java:1219) ~[hibernate-core-6.2.5.Final.jar:6.2.5.Final]
	at org.hibernate.loader.internal.IdentifierLoadAccessImpl.doLoad(IdentifierLoadAccessImpl.java:194) ~[hibernate-core-6.2.5.Final.jar:6.2.5.Final]
	at org.hibernate.loader.internal.IdentifierLoadAccessImpl.lambda$load$1(IdentifierLoadAccessImpl.java:160) ~[hibernate-core-6.2.5.Final.jar:6.2.5.Final]
	at org.hibernate.loader.internal.IdentifierLoadAccessImpl.perform(IdentifierLoadAccessImpl.java:107) ~[hibernate-core-6.2.5.Final.jar:6.2.5.Final]
	at org.hibernate.loader.internal.IdentifierLoadAccessImpl.load(IdentifierLoadAccessImpl.java:160) ~[hibernate-core-6.2.5.Final.jar:6.2.5.Final]
	at org.hibernate.internal.SessionImpl.get(SessionImpl.java:1024) ~[hibernate-core-6.2.5.Final.jar:6.2.5.Final]
	at org.hibernate.event.internal.DefaultMergeEventListener.lambda$entityIsDetached$0(DefaultMergeEventListener.java:334) ~[hibernate-core-6.2.5.Final.jar:6.2.5.Final]
	at org.hibernate.engine.spi.LoadQueryInfluencers.fromInternalFetchProfile(LoadQueryInfluencers.java:79) ~[hibernate-core-6.2.5.Final.jar:6.2.5.Final]
	at org.hibernate.event.internal.DefaultMergeEventListener.entityIsDetached(DefaultMergeEventListener.java:332) ~[hibernate-core-6.2.5.Final.jar:6.2.5.Final]
	at org.hibernate.event.internal.DefaultMergeEventListener.merge(DefaultMergeEventListener.java:149) ~[hibernate-core-6.2.5.Final.jar:6.2.5.Final]
	at org.hibernate.event.internal.DefaultMergeEventListener.doMerge(DefaultMergeEventListener.java:142) ~[hibernate-core-6.2.5.Final.jar:6.2.5.Final]
	at org.hibernate.event.internal.DefaultMergeEventListener.onMerge(DefaultMergeEventListener.java:126) ~[hibernate-core-6.2.5.Final.jar:6.2.5.Final]
	at org.hibernate.event.internal.DefaultMergeEventListener.onMerge(DefaultMergeEventListener.java:80) ~[hibernate-core-6.2.5.Final.jar:6.2.5.Final]
	at org.hibernate.event.service.internal.EventListenerGroupImpl.fireEventOnEachListener(EventListenerGroupImpl.java:127) ~[hibernate-core-6.2.5.Final.jar:6.2.5.Final]
	at org.hibernate.internal.SessionImpl.fireMerge(SessionImpl.java:848) ~[hibernate-core-6.2.5.Final.jar:6.2.5.Final]
	at org.hibernate.internal.SessionImpl.merge(SessionImpl.java:834) ~[hibernate-core-6.2.5.Final.jar:6.2.5.Final]
	at jdk.internal.reflect.GeneratedMethodAccessor29.invoke(Unknown Source) ~[na:na]
	at java.base/jdk.internal.reflect.DelegatingMethodAccessorImpl.invoke(DelegatingMethodAccessorImpl.java:43) ~[na:na]
	at java.base/java.lang.reflect.Method.invoke(Method.java:568) ~[na:na]
	at org.springframework.orm.jpa.SharedEntityManagerCreator$SharedEntityManagerInvocationHandler.invoke(SharedEntityManagerCreator.java:311) ~[spring-orm-6.0.10.jar:6.0.10]
	at jdk.proxy2/jdk.proxy2.$Proxy119.merge(Unknown Source) ~[na:na]
	at org.springframework.data.jpa.repository.support.SimpleJpaRepository.save(SimpleJpaRepository.java:620) ~[spring-data-jpa-3.1.1.jar:3.1.1]
	at jdk.internal.reflect.GeneratedMethodAccessor28.invoke(Unknown Source) ~[na:na]
	at java.base/jdk.internal.reflect.DelegatingMethodAccessorImpl.invoke(DelegatingMethodAccessorImpl.java:43) ~[na:na]
	at java.base/java.lang.reflect.Method.invoke(Method.java:568) ~[na:na]
	at org.springframework.data.repository.core.support.RepositoryMethodInvoker$RepositoryFragmentMethodInvoker.lambda$new$0(RepositoryMethodInvoker.java:288) ~[spring-data-commons-3.1.1.jar:3.1.1]
	at org.springframework.data.repository.core.support.RepositoryMethodInvoker.doInvoke(RepositoryMethodInvoker.java:136) ~[spring-data-commons-3.1.1.jar:3.1.1]
	at org.springframework.data.repository.core.support.RepositoryMethodInvoker.invoke(RepositoryMethodInvoker.java:120) ~[spring-data-commons-3.1.1.jar:3.1.1]
	at org.springframework.data.repository.core.support.RepositoryComposition$RepositoryFragments.invoke(RepositoryComposition.java:516) ~[spring-data-commons-3.1.1.jar:3.1.1]
	at org.springframework.data.repository.core.support.RepositoryComposition.invoke(RepositoryComposition.java:285) ~[spring-data-commons-3.1.1.jar:3.1.1]
	at org.springframework.data.repository.core.support.RepositoryFactorySupport$ImplementationMethodExecutionInterceptor.invoke(RepositoryFactorySupport.java:628) ~[spring-data-commons-3.1.1.jar:3.1.1]
	at org.springframework.aop.framework.ReflectiveMethodInvocation.proceed(ReflectiveMethodInvocation.java:184) ~[spring-aop-6.0.10.jar:6.0.10]
	at org.springframework.data.repository.core.support.QueryExecutorMethodInterceptor.doInvoke(QueryExecutorMethodInterceptor.java:168) ~[spring-data-commons-3.1.1.jar:3.1.1]
	at org.springframework.data.repository.core.support.QueryExecutorMethodInterceptor.invoke(QueryExecutorMethodInterceptor.java:143) ~[spring-data-commons-3.1.1.jar:3.1.1]
	at org.springframework.aop.framework.ReflectiveMethodInvocation.proceed(ReflectiveMethodInvocation.java:184) ~[spring-aop-6.0.10.jar:6.0.10]
	at org.springframework.data.projection.DefaultMethodInvokingMethodInterceptor.invoke(DefaultMethodInvokingMethodInterceptor.java:72) ~[spring-data-commons-3.1.1.jar:3.1.1]
	at org.springframework.aop.framework.ReflectiveMethodInvocation.proceed(ReflectiveMethodInvocation.java:184) ~[spring-aop-6.0.10.jar:6.0.10]
	at org.springframework.transaction.interceptor.TransactionInterceptor$1.proceedWithInvocation(TransactionInterceptor.java:123) ~[spring-tx-6.0.10.jar:6.0.10]
	at org.springframework.transaction.interceptor.TransactionAspectSupport.invokeWithinTransaction(TransactionAspectSupport.java:391) ~[spring-tx-6.0.10.jar:6.0.10]
	at org.springframework.transaction.interceptor.TransactionInterceptor.invoke(TransactionInterceptor.java:119) ~[spring-tx-6.0.10.jar:6.0.10]
	at org.springframework.aop.framework.ReflectiveMethodInvocation.proceed(ReflectiveMethodInvocation.java:184) ~[spring-aop-6.0.10.jar:6.0.10]
	at org.springframework.dao.support.PersistenceExceptionTranslationInterceptor.invoke(PersistenceExceptionTranslationInterceptor.java:137) ~[spring-tx-6.0.10.jar:6.0.10]
	at org.springframework.aop.framework.ReflectiveMethodInvocation.proceed(ReflectiveMethodInvocation.java:184) ~[spring-aop-6.0.10.jar:6.0.10]
	at org.springframework.data.jpa.repository.support.CrudMethodMetadataPostProcessor$CrudMethodMetadataPopulatingMethodInterceptor.invoke(CrudMethodMetadataPostProcessor.java:164) ~[spring-data-jpa-3.1.1.jar:3.1.1]
	at org.springframework.aop.framework.ReflectiveMethodInvocation.proceed(ReflectiveMethodInvocation.java:184) ~[spring-aop-6.0.10.jar:6.0.10]
	at org.springframework.aop.interceptor.ExposeInvocationInterceptor.invoke(ExposeInvocationInterceptor.java:97) ~[spring-aop-6.0.10.jar:6.0.10]
	at org.springframework.aop.framework.ReflectiveMethodInvocation.proceed(ReflectiveMethodInvocation.java:184) ~[spring-aop-6.0.10.jar:6.0.10]
	at org.springframework.aop.framework.JdkDynamicAopProxy.invoke(JdkDynamicAopProxy.java:244) ~[spring-aop-6.0.10.jar:6.0.10]
	at jdk.proxy2/jdk.proxy2.$Proxy127.save(Unknown Source) ~[na:na]
	at com.example.rentalcars.DbInitializer.run(DbInitializer.java:71) ~[classes/:na]
	at org.springframework.boot.SpringApplication.callRunner(SpringApplication.java:762) ~[spring-boot-3.1.1.jar:3.1.1]
	at org.springframework.boot.SpringApplication.callRunners(SpringApplication.java:752) ~[spring-boot-3.1.1.jar:3.1.1]
	at org.springframework.boot.SpringApplication.run(SpringApplication.java:319) ~[spring-boot-3.1.1.jar:3.1.1]
	at org.springframework.boot.test.context.SpringBootContextLoader.lambda$loadContext$3(SpringBootContextLoader.java:137) ~[spring-boot-test-3.1.1.jar:3.1.1]
	at org.springframework.util.function.ThrowingSupplier.get(ThrowingSupplier.java:58) ~[spring-core-6.0.10.jar:6.0.10]
	at org.springframework.util.function.ThrowingSupplier.get(ThrowingSupplier.java:46) ~[spring-core-6.0.10.jar:6.0.10]
	at org.springframework.boot.SpringApplication.withHook(SpringApplication.java:1406) ~[spring-boot-3.1.1.jar:3.1.1]
	at org.springframework.boot.test.context.SpringBootContextLoader$ContextLoaderHook.run(SpringBootContextLoader.java:545) ~[spring-boot-test-3.1.1.jar:3.1.1]
	at org.springframework.boot.test.context.SpringBootContextLoader.loadContext(SpringBootContextLoader.java:137) ~[spring-boot-test-3.1.1.jar:3.1.1]
	at org.springframework.boot.test.context.SpringBootContextLoader.loadContext(SpringBootContextLoader.java:108) ~[spring-boot-test-3.1.1.jar:3.1.1]
	at org.springframework.test.context.cache.DefaultCacheAwareContextLoaderDelegate.loadContextInternal(DefaultCacheAwareContextLoaderDelegate.java:187) ~[spring-test-6.0.10.jar:6.0.10]
	at org.springframework.test.context.cache.DefaultCacheAwareContextLoaderDelegate.loadContext(DefaultCacheAwareContextLoaderDelegate.java:119) ~[spring-test-6.0.10.jar:6.0.10]
	at org.springframework.test.context.support.DefaultTestContext.getApplicationContext(DefaultTestContext.java:127) ~[spring-test-6.0.10.jar:6.0.10]
	at org.springframework.test.context.web.ServletTestExecutionListener.setUpRequestContextIfNecessary(ServletTestExecutionListener.java:191) ~[spring-test-6.0.10.jar:6.0.10]
	at org.springframework.test.context.web.ServletTestExecutionListener.prepareTestInstance(ServletTestExecutionListener.java:130) ~[spring-test-6.0.10.jar:6.0.10]
	at org.springframework.test.context.TestContextManager.prepareTestInstance(TestContextManager.java:241) ~[spring-test-6.0.10.jar:6.0.10]
	at org.springframework.test.context.junit.jupiter.SpringExtension.postProcessTestInstance(SpringExtension.java:138) ~[spring-test-6.0.10.jar:6.0.10]
	at org.junit.jupiter.engine.descriptor.ClassBasedTestDescriptor.lambda$invokeTestInstancePostProcessors$10(ClassBasedTestDescriptor.java:377) ~[junit-jupiter-engine-5.9.3.jar:5.9.3]
	at org.junit.jupiter.engine.descriptor.ClassBasedTestDescriptor.executeAndMaskThrowable(ClassBasedTestDescriptor.java:382) ~[junit-jupiter-engine-5.9.3.jar:5.9.3]
	at org.junit.jupiter.engine.descriptor.ClassBasedTestDescriptor.lambda$invokeTestInstancePostProcessors$11(ClassBasedTestDescriptor.java:377) ~[junit-jupiter-engine-5.9.3.jar:5.9.3]
	at java.base/java.util.stream.ReferencePipeline$3$1.accept(ReferencePipeline.java:197) ~[na:na]
	at java.base/java.util.stream.ReferencePipeline$2$1.accept(ReferencePipeline.java:179) ~[na:na]
	at java.base/java.util.ArrayList$ArrayListSpliterator.forEachRemaining(ArrayList.java:1625) ~[na:na]
	at java.base/java.util.stream.AbstractPipeline.copyInto(AbstractPipeline.java:509) ~[na:na]
	at java.base/java.util.stream.AbstractPipeline.wrapAndCopyInto(AbstractPipeline.java:499) ~[na:na]
	at java.base/java.util.stream.StreamSpliterators$WrappingSpliterator.forEachRemaining(StreamSpliterators.java:310) ~[na:na]
	at java.base/java.util.stream.Streams$ConcatSpliterator.forEachRemaining(Streams.java:735) ~[na:na]
	at java.base/java.util.stream.Streams$ConcatSpliterator.forEachRemaining(Streams.java:734) ~[na:na]
	at java.base/java.util.stream.ReferencePipeline$Head.forEach(ReferencePipeline.java:762) ~[na:na]
	at org.junit.jupiter.engine.descriptor.ClassBasedTestDescriptor.invokeTestInstancePostProcessors(ClassBasedTestDescriptor.java:376) ~[junit-jupiter-engine-5.9.3.jar:5.9.3]
	at org.junit.jupiter.engine.descriptor.ClassBasedTestDescriptor.lambda$instantiateAndPostProcessTestInstance$6(ClassBasedTestDescriptor.java:289) ~[junit-jupiter-engine-5.9.3.jar:5.9.3]
	at org.junit.platform.engine.support.hierarchical.ThrowableCollector.execute(ThrowableCollector.java:73) ~[junit-platform-engine-1.9.3.jar:1.9.3]
	at org.junit.jupiter.engine.descriptor.ClassBasedTestDescriptor.instantiateAndPostProcessTestInstance(ClassBasedTestDescriptor.java:288) ~[junit-jupiter-engine-5.9.3.jar:5.9.3]
	at org.junit.jupiter.engine.descriptor.ClassBasedTestDescriptor.lambda$testInstancesProvider$4(ClassBasedTestDescriptor.java:278) ~[junit-jupiter-engine-5.9.3.jar:5.9.3]
	at java.base/java.util.Optional.orElseGet(Optional.java:364) ~[na:na]
	at org.junit.jupiter.engine.descriptor.ClassBasedTestDescriptor.lambda$testInstancesProvider$5(ClassBasedTestDescriptor.java:277) ~[junit-jupiter-engine-5.9.3.jar:5.9.3]
	at org.junit.jupiter.engine.execution.TestInstancesProvider.getTestInstances(TestInstancesProvider.java:31) ~[junit-jupiter-engine-5.9.3.jar:5.9.3]
	at org.junit.jupiter.engine.descriptor.TestMethodTestDescriptor.lambda$prepare$0(TestMethodTestDescriptor.java:105) ~[junit-jupiter-engine-5.9.3.jar:5.9.3]
	at org.junit.platform.engine.support.hierarchical.ThrowableCollector.execute(ThrowableCollector.java:73) ~[junit-platform-engine-1.9.3.jar:1.9.3]
	at org.junit.jupiter.engine.descriptor.TestMethodTestDescriptor.prepare(TestMethodTestDescriptor.java:104) ~[junit-jupiter-engine-5.9.3.jar:5.9.3]
	at org.junit.jupiter.engine.descriptor.TestMethodTestDescriptor.prepare(TestMethodTestDescriptor.java:68) ~[junit-jupiter-engine-5.9.3.jar:5.9.3]
	at org.junit.platform.engine.support.hierarchical.NodeTestTask.lambda$prepare$2(NodeTestTask.java:123) ~[junit-platform-engine-1.9.3.jar:1.9.3]
	at org.junit.platform.engine.support.hierarchical.ThrowableCollector.execute(ThrowableCollector.java:73) ~[junit-platform-engine-1.9.3.jar:1.9.3]
	at org.junit.platform.engine.support.hierarchical.NodeTestTask.prepare(NodeTestTask.java:123) ~[junit-platform-engine-1.9.3.jar:1.9.3]
	at org.junit.platform.engine.support.hierarchical.NodeTestTask.execute(NodeTestTask.java:90) ~[junit-platform-engine-1.9.3.jar:1.9.3]
	at java.base/java.util.ArrayList.forEach(ArrayList.java:1511) ~[na:na]
	at org.junit.platform.engine.support.hierarchical.SameThreadHierarchicalTestExecutorService.invokeAll(SameThreadHierarchicalTestExecutorService.java:41) ~[junit-platform-engine-1.9.3.jar:1.9.3]
	at org.junit.platform.engine.support.hierarchical.NodeTestTask.lambda$executeRecursively$6(NodeTestTask.java:155) ~[junit-platform-engine-1.9.3.jar:1.9.3]
	at org.junit.platform.engine.support.hierarchical.ThrowableCollector.execute(ThrowableCollector.java:73) ~[junit-platform-engine-1.9.3.jar:1.9.3]
	at org.junit.platform.engine.support.hierarchical.NodeTestTask.lambda$executeRecursively$8(NodeTestTask.java:141) ~[junit-platform-engine-1.9.3.jar:1.9.3]
	at org.junit.platform.engine.support.hierarchical.Node.around(Node.java:137) ~[junit-platform-engine-1.9.3.jar:1.9.3]
	at org.junit.platform.engine.support.hierarchical.NodeTestTask.lambda$executeRecursively$9(NodeTestTask.java:139) ~[junit-platform-engine-1.9.3.jar:1.9.3]
	at org.junit.platform.engine.support.hierarchical.ThrowableCollector.execute(ThrowableCollector.java:73) ~[junit-platform-engine-1.9.3.jar:1.9.3]
	at org.junit.platform.engine.support.hierarchical.NodeTestTask.executeRecursively(NodeTestTask.java:138) ~[junit-platform-engine-1.9.3.jar:1.9.3]
	at org.junit.platform.engine.support.hierarchical.NodeTestTask.execute(NodeTestTask.java:95) ~[junit-platform-engine-1.9.3.jar:1.9.3]
	at java.base/java.util.ArrayList.forEach(ArrayList.java:1511) ~[na:na]
	at org.junit.platform.engine.support.hierarchical.SameThreadHierarchicalTestExecutorService.invokeAll(SameThreadHierarchicalTestExecutorService.java:41) ~[junit-platform-engine-1.9.3.jar:1.9.3]
	at org.junit.platform.engine.support.hierarchical.NodeTestTask.lambda$executeRecursively$6(NodeTestTask.java:155) ~[junit-platform-engine-1.9.3.jar:1.9.3]
	at org.junit.platform.engine.support.hierarchical.ThrowableCollector.execute(ThrowableCollector.java:73) ~[junit-platform-engine-1.9.3.jar:1.9.3]
	at org.junit.platform.engine.support.hierarchical.NodeTestTask.lambda$executeRecursively$8(NodeTestTask.java:141) ~[junit-platform-engine-1.9.3.jar:1.9.3]
	at org.junit.platform.engine.support.hierarchical.Node.around(Node.java:137) ~[junit-platform-engine-1.9.3.jar:1.9.3]
	at org.junit.platform.engine.support.hierarchical.NodeTestTask.lambda$executeRecursively$9(NodeTestTask.java:139) ~[junit-platform-engine-1.9.3.jar:1.9.3]
	at org.junit.platform.engine.support.hierarchical.ThrowableCollector.execute(ThrowableCollector.java:73) ~[junit-platform-engine-1.9.3.jar:1.9.3]
	at org.junit.platform.engine.support.hierarchical.NodeTestTask.executeRecursively(NodeTestTask.java:138) ~[junit-platform-engine-1.9.3.jar:1.9.3]
	at org.junit.platform.engine.support.hierarchical.NodeTestTask.execute(NodeTestTask.java:95) ~[junit-platform-engine-1.9.3.jar:1.9.3]
	at org.junit.platform.engine.support.hierarchical.SameThreadHierarchicalTestExecutorService.submit(SameThreadHierarchicalTestExecutorService.java:35) ~[junit-platform-engine-1.9.3.jar:1.9.3]
	at org.junit.platform.engine.support.hierarchical.HierarchicalTestExecutor.execute(HierarchicalTestExecutor.java:57) ~[junit-platform-engine-1.9.3.jar:1.9.3]
	at org.junit.platform.engine.support.hierarchical.HierarchicalTestEngine.execute(HierarchicalTestEngine.java:54) ~[junit-platform-engine-1.9.3.jar:1.9.3]
	at org.junit.platform.launcher.core.EngineExecutionOrchestrator.execute(EngineExecutionOrchestrator.java:147) ~[junit-platform-launcher-1.9.3.jar:1.9.3]
	at org.junit.platform.launcher.core.EngineExecutionOrchestrator.execute(EngineExecutionOrchestrator.java:127) ~[junit-platform-launcher-1.9.3.jar:1.9.3]
	at org.junit.platform.launcher.core.EngineExecutionOrchestrator.execute(EngineExecutionOrchestrator.java:90) ~[junit-platform-launcher-1.9.3.jar:1.9.3]
	at org.junit.platform.launcher.core.EngineExecutionOrchestrator.lambda$execute$0(EngineExecutionOrchestrator.java:55) ~[junit-platform-launcher-1.9.3.jar:1.9.3]
	at org.junit.platform.launcher.core.EngineExecutionOrchestrator.withInterceptedStreams(EngineExecutionOrchestrator.java:102) ~[junit-platform-launcher-1.9.3.jar:1.9.3]
	at org.junit.platform.launcher.core.EngineExecutionOrchestrator.execute(EngineExecutionOrchestrator.java:54) ~[junit-platform-launcher-1.9.3.jar:1.9.3]
	at org.junit.platform.launcher.core.DefaultLauncher.execute(DefaultLauncher.java:114) ~[junit-platform-launcher-1.9.3.jar:1.9.3]
	at org.junit.platform.launcher.core.DefaultLauncher.execute(DefaultLauncher.java:86) ~[junit-platform-launcher-1.9.3.jar:1.9.3]
	at org.junit.platform.launcher.core.DefaultLauncherSession$DelegatingLauncher.execute(DefaultLauncherSession.java:86) ~[junit-platform-launcher-1.9.3.jar:1.9.3]
	at org.apache.maven.surefire.junitplatform.LazyLauncher.execute(LazyLauncher.java:50) ~[surefire-junit-platform-3.0.0.jar:3.0.0]
	at org.apache.maven.surefire.junitplatform.JUnitPlatformProvider.execute(JUnitPlatformProvider.java:184) ~[surefire-junit-platform-3.0.0.jar:3.0.0]
	at org.apache.maven.surefire.junitplatform.JUnitPlatformProvider.invokeAllTests(JUnitPlatformProvider.java:148) ~[surefire-junit-platform-3.0.0.jar:3.0.0]
	at org.apache.maven.surefire.junitplatform.JUnitPlatformProvider.invoke(JUnitPlatformProvider.java:122) ~[surefire-junit-platform-3.0.0.jar:3.0.0]
	at org.apache.maven.surefire.booter.ForkedBooter.runSuitesInProcess(ForkedBooter.java:385) ~[surefire-booter-3.0.0.jar:3.0.0]
	at org.apache.maven.surefire.booter.ForkedBooter.execute(ForkedBooter.java:162) ~[surefire-booter-3.0.0.jar:3.0.0]
	at org.apache.maven.surefire.booter.ForkedBooter.run(ForkedBooter.java:507) ~[surefire-booter-3.0.0.jar:3.0.0]
	at org.apache.maven.surefire.booter.ForkedBooter.main(ForkedBooter.java:495) ~[surefire-booter-3.0.0.jar:3.0.0]
Caused by: java.sql.SQLDataException: Value 'saaaa' is outside of valid range for type java.lang.Byte
	at com.mysql.cj.jdbc.exceptions.SQLError.createSQLException(SQLError.java:114) ~[mysql-connector-java-8.0.28.jar:8.0.28]
	at com.mysql.cj.jdbc.exceptions.SQLError.createSQLException(SQLError.java:97) ~[mysql-connector-java-8.0.28.jar:8.0.28]
	at com.mysql.cj.jdbc.exceptions.SQLError.createSQLException(SQLError.java:89) ~[mysql-connector-java-8.0.28.jar:8.0.28]
	at com.mysql.cj.jdbc.exceptions.SQLError.createSQLException(SQLError.java:63) ~[mysql-connector-java-8.0.28.jar:8.0.28]
	at com.mysql.cj.jdbc.exceptions.SQLError.createSQLException(SQLError.java:73) ~[mysql-connector-java-8.0.28.jar:8.0.28]
	at com.mysql.cj.jdbc.exceptions.SQLExceptionsMapping.translateException(SQLExceptionsMapping.java:92) ~[mysql-connector-java-8.0.28.jar:8.0.28]
	at com.mysql.cj.jdbc.result.ResultSetImpl.getObject(ResultSetImpl.java:1431) ~[mysql-connector-java-8.0.28.jar:8.0.28]
	at com.mysql.cj.jdbc.result.ResultSetImpl.getByte(ResultSetImpl.java:718) ~[mysql-connector-java-8.0.28.jar:8.0.28]
	at com.zaxxer.hikari.pool.HikariProxyResultSet.getByte(HikariProxyResultSet.java) ~[HikariCP-5.0.1.jar:na]
	at org.hibernate.type.descriptor.jdbc.TinyIntJdbcType$2.doExtract(TinyIntJdbcType.java:91) ~[hibernate-core-6.2.5.Final.jar:6.2.5.Final]
	at org.hibernate.type.descriptor.jdbc.BasicExtractor.extract(BasicExtractor.java:44) ~[hibernate-core-6.2.5.Final.jar:6.2.5.Final]
	at org.hibernate.sql.results.jdbc.internal.JdbcValuesResultSetImpl.readCurrentRowValues(JdbcValuesResultSetImpl.java:314) ~[hibernate-core-6.2.5.Final.jar:6.2.5.Final]
	... 161 common frames omitted
Caused by: com.mysql.cj.exceptions.NumberOutOfRange: Value 'saaaa' is outside of valid range for type java.lang.Byte
	at com.mysql.cj.result.ByteValueFactory.createFromBytes(ByteValueFactory.java:113) ~[mysql-connector-java-8.0.28.jar:8.0.28]
	at com.mysql.cj.result.ByteValueFactory.createFromBytes(ByteValueFactory.java:46) ~[mysql-connector-java-8.0.28.jar:8.0.28]
	at com.mysql.cj.protocol.a.MysqlTextValueDecoder.decodeByteArray(MysqlTextValueDecoder.java:143) ~[mysql-connector-java-8.0.28.jar:8.0.28]
	at com.mysql.cj.protocol.result.AbstractResultsetRow.decodeAndCreateReturnValue(AbstractResultsetRow.java:135) ~[mysql-connector-java-8.0.28.jar:8.0.28]
	at com.mysql.cj.protocol.result.AbstractResultsetRow.getValueFromBytes(AbstractResultsetRow.java:243) ~[mysql-connector-java-8.0.28.jar:8.0.28]
	at com.mysql.cj.protocol.a.result.ByteArrayRow.getValue(ByteArrayRow.java:91) ~[mysql-connector-java-8.0.28.jar:8.0.28]
	at com.mysql.cj.jdbc.result.ResultSetImpl.getObject(ResultSetImpl.java:1314) ~[mysql-connector-java-8.0.28.jar:8.0.28]
	... 166 common frames omitted

2023-11-04T14:12:18.441+01:00  INFO 27280 --- [           main] .s.b.a.l.ConditionEvaluationReportLogger : 

Error starting ApplicationContext. To display the condition evaluation report re-run your application with 'debug' enabled.
2023-11-04T14:12:18.463+01:00 ERROR 27280 --- [           main] o.s.boot.SpringApplication               : Application run failed

java.lang.IllegalStateException: Failed to execute ApplicationRunner
	at org.springframework.boot.SpringApplication.callRunner(SpringApplication.java:765) ~[spring-boot-3.1.1.jar:3.1.1]
	at org.springframework.boot.SpringApplication.callRunners(SpringApplication.java:752) ~[spring-boot-3.1.1.jar:3.1.1]
	at org.springframework.boot.SpringApplication.run(SpringApplication.java:319) ~[spring-boot-3.1.1.jar:3.1.1]
	at org.springframework.boot.test.context.SpringBootContextLoader.lambda$loadContext$3(SpringBootContextLoader.java:137) ~[spring-boot-test-3.1.1.jar:3.1.1]
	at org.springframework.util.function.ThrowingSupplier.get(ThrowingSupplier.java:58) ~[spring-core-6.0.10.jar:6.0.10]
	at org.springframework.util.function.ThrowingSupplier.get(ThrowingSupplier.java:46) ~[spring-core-6.0.10.jar:6.0.10]
	at org.springframework.boot.SpringApplication.withHook(SpringApplication.java:1406) ~[spring-boot-3.1.1.jar:3.1.1]
	at org.springframework.boot.test.context.SpringBootContextLoader$ContextLoaderHook.run(SpringBootContextLoader.java:545) ~[spring-boot-test-3.1.1.jar:3.1.1]
	at org.springframework.boot.test.context.SpringBootContextLoader.loadContext(SpringBootContextLoader.java:137) ~[spring-boot-test-3.1.1.jar:3.1.1]
	at org.springframework.boot.test.context.SpringBootContextLoader.loadContext(SpringBootContextLoader.java:108) ~[spring-boot-test-3.1.1.jar:3.1.1]
	at org.springframework.test.context.cache.DefaultCacheAwareContextLoaderDelegate.loadContextInternal(DefaultCacheAwareContextLoaderDelegate.java:187) ~[spring-test-6.0.10.jar:6.0.10]
	at org.springframework.test.context.cache.DefaultCacheAwareContextLoaderDelegate.loadContext(DefaultCacheAwareContextLoaderDelegate.java:119) ~[spring-test-6.0.10.jar:6.0.10]
	at org.springframework.test.context.support.DefaultTestContext.getApplicationContext(DefaultTestContext.java:127) ~[spring-test-6.0.10.jar:6.0.10]
	at org.springframework.test.context.web.ServletTestExecutionListener.setUpRequestContextIfNecessary(ServletTestExecutionListener.java:191) ~[spring-test-6.0.10.jar:6.0.10]
	at org.springframework.test.context.web.ServletTestExecutionListener.prepareTestInstance(ServletTestExecutionListener.java:130) ~[spring-test-6.0.10.jar:6.0.10]
	at org.springframework.test.context.TestContextManager.prepareTestInstance(TestContextManager.java:241) ~[spring-test-6.0.10.jar:6.0.10]
	at org.springframework.test.context.junit.jupiter.SpringExtension.postProcessTestInstance(SpringExtension.java:138) ~[spring-test-6.0.10.jar:6.0.10]
	at org.junit.jupiter.engine.descriptor.ClassBasedTestDescriptor.lambda$invokeTestInstancePostProcessors$10(ClassBasedTestDescriptor.java:377) ~[junit-jupiter-engine-5.9.3.jar:5.9.3]
	at org.junit.jupiter.engine.descriptor.ClassBasedTestDescriptor.executeAndMaskThrowable(ClassBasedTestDescriptor.java:382) ~[junit-jupiter-engine-5.9.3.jar:5.9.3]
	at org.junit.jupiter.engine.descriptor.ClassBasedTestDescriptor.lambda$invokeTestInstancePostProcessors$11(ClassBasedTestDescriptor.java:377) ~[junit-jupiter-engine-5.9.3.jar:5.9.3]
	at java.base/java.util.stream.ReferencePipeline$3$1.accept(ReferencePipeline.java:197) ~[na:na]
	at java.base/java.util.stream.ReferencePipeline$2$1.accept(ReferencePipeline.java:179) ~[na:na]
	at java.base/java.util.ArrayList$ArrayListSpliterator.forEachRemaining(ArrayList.java:1625) ~[na:na]
	at java.base/java.util.stream.AbstractPipeline.copyInto(AbstractPipeline.java:509) ~[na:na]
	at java.base/java.util.stream.AbstractPipeline.wrapAndCopyInto(AbstractPipeline.java:499) ~[na:na]
	at java.base/java.util.stream.StreamSpliterators$WrappingSpliterator.forEachRemaining(StreamSpliterators.java:310) ~[na:na]
	at java.base/java.util.stream.Streams$ConcatSpliterator.forEachRemaining(Streams.java:735) ~[na:na]
	at java.base/java.util.stream.Streams$ConcatSpliterator.forEachRemaining(Streams.java:734) ~[na:na]
	at java.base/java.util.stream.ReferencePipeline$Head.forEach(ReferencePipeline.java:762) ~[na:na]
	at org.junit.jupiter.engine.descriptor.ClassBasedTestDescriptor.invokeTestInstancePostProcessors(ClassBasedTestDescriptor.java:376) ~[junit-jupiter-engine-5.9.3.jar:5.9.3]
	at org.junit.jupiter.engine.descriptor.ClassBasedTestDescriptor.lambda$instantiateAndPostProcessTestInstance$6(ClassBasedTestDescriptor.java:289) ~[junit-jupiter-engine-5.9.3.jar:5.9.3]
	at org.junit.platform.engine.support.hierarchical.ThrowableCollector.execute(ThrowableCollector.java:73) ~[junit-platform-engine-1.9.3.jar:1.9.3]
	at org.junit.jupiter.engine.descriptor.ClassBasedTestDescriptor.instantiateAndPostProcessTestInstance(ClassBasedTestDescriptor.java:288) ~[junit-jupiter-engine-5.9.3.jar:5.9.3]
	at org.junit.jupiter.engine.descriptor.ClassBasedTestDescriptor.lambda$testInstancesProvider$4(ClassBasedTestDescriptor.java:278) ~[junit-jupiter-engine-5.9.3.jar:5.9.3]
	at java.base/java.util.Optional.orElseGet(Optional.java:364) ~[na:na]
	at org.junit.jupiter.engine.descriptor.ClassBasedTestDescriptor.lambda$testInstancesProvider$5(ClassBasedTestDescriptor.java:277) ~[junit-jupiter-engine-5.9.3.jar:5.9.3]
	at org.junit.jupiter.engine.execution.TestInstancesProvider.getTestInstances(TestInstancesProvider.java:31) ~[junit-jupiter-engine-5.9.3.jar:5.9.3]
	at org.junit.jupiter.engine.descriptor.TestMethodTestDescriptor.lambda$prepare$0(TestMethodTestDescriptor.java:105) ~[junit-jupiter-engine-5.9.3.jar:5.9.3]
	at org.junit.platform.engine.support.hierarchical.ThrowableCollector.execute(ThrowableCollector.java:73) ~[junit-platform-engine-1.9.3.jar:1.9.3]
	at org.junit.jupiter.engine.descriptor.TestMethodTestDescriptor.prepare(TestMethodTestDescriptor.java:104) ~[junit-jupiter-engine-5.9.3.jar:5.9.3]
	at org.junit.jupiter.engine.descriptor.TestMethodTestDescriptor.prepare(TestMethodTestDescriptor.java:68) ~[junit-jupiter-engine-5.9.3.jar:5.9.3]
	at org.junit.platform.engine.support.hierarchical.NodeTestTask.lambda$prepare$2(NodeTestTask.java:123) ~[junit-platform-engine-1.9.3.jar:1.9.3]
	at org.junit.platform.engine.support.hierarchical.ThrowableCollector.execute(ThrowableCollector.java:73) ~[junit-platform-engine-1.9.3.jar:1.9.3]
	at org.junit.platform.engine.support.hierarchical.NodeTestTask.prepare(NodeTestTask.java:123) ~[junit-platform-engine-1.9.3.jar:1.9.3]
	at org.junit.platform.engine.support.hierarchical.NodeTestTask.execute(NodeTestTask.java:90) ~[junit-platform-engine-1.9.3.jar:1.9.3]
	at java.base/java.util.ArrayList.forEach(ArrayList.java:1511) ~[na:na]
	at org.junit.platform.engine.support.hierarchical.SameThreadHierarchicalTestExecutorService.invokeAll(SameThreadHierarchicalTestExecutorService.java:41) ~[junit-platform-engine-1.9.3.jar:1.9.3]
	at org.junit.platform.engine.support.hierarchical.NodeTestTask.lambda$executeRecursively$6(NodeTestTask.java:155) ~[junit-platform-engine-1.9.3.jar:1.9.3]
	at org.junit.platform.engine.support.hierarchical.ThrowableCollector.execute(ThrowableCollector.java:73) ~[junit-platform-engine-1.9.3.jar:1.9.3]
	at org.junit.platform.engine.support.hierarchical.NodeTestTask.lambda$executeRecursively$8(NodeTestTask.java:141) ~[junit-platform-engine-1.9.3.jar:1.9.3]
	at org.junit.platform.engine.support.hierarchical.Node.around(Node.java:137) ~[junit-platform-engine-1.9.3.jar:1.9.3]
	at org.junit.platform.engine.support.hierarchical.NodeTestTask.lambda$executeRecursively$9(NodeTestTask.java:139) ~[junit-platform-engine-1.9.3.jar:1.9.3]
	at org.junit.platform.engine.support.hierarchical.ThrowableCollector.execute(ThrowableCollector.java:73) ~[junit-platform-engine-1.9.3.jar:1.9.3]
	at org.junit.platform.engine.support.hierarchical.NodeTestTask.executeRecursively(NodeTestTask.java:138) ~[junit-platform-engine-1.9.3.jar:1.9.3]
	at org.junit.platform.engine.support.hierarchical.NodeTestTask.execute(NodeTestTask.java:95) ~[junit-platform-engine-1.9.3.jar:1.9.3]
	at java.base/java.util.ArrayList.forEach(ArrayList.java:1511) ~[na:na]
	at org.junit.platform.engine.support.hierarchical.SameThreadHierarchicalTestExecutorService.invokeAll(SameThreadHierarchicalTestExecutorService.java:41) ~[junit-platform-engine-1.9.3.jar:1.9.3]
	at org.junit.platform.engine.support.hierarchical.NodeTestTask.lambda$executeRecursively$6(NodeTestTask.java:155) ~[junit-platform-engine-1.9.3.jar:1.9.3]
	at org.junit.platform.engine.support.hierarchical.ThrowableCollector.execute(ThrowableCollector.java:73) ~[junit-platform-engine-1.9.3.jar:1.9.3]
	at org.junit.platform.engine.support.hierarchical.NodeTestTask.lambda$executeRecursively$8(NodeTestTask.java:141) ~[junit-platform-engine-1.9.3.jar:1.9.3]
	at org.junit.platform.engine.support.hierarchical.Node.around(Node.java:137) ~[junit-platform-engine-1.9.3.jar:1.9.3]
	at org.junit.platform.engine.support.hierarchical.NodeTestTask.lambda$executeRecursively$9(NodeTestTask.java:139) ~[junit-platform-engine-1.9.3.jar:1.9.3]
	at org.junit.platform.engine.support.hierarchical.ThrowableCollector.execute(ThrowableCollector.java:73) ~[junit-platform-engine-1.9.3.jar:1.9.3]
	at org.junit.platform.engine.support.hierarchical.NodeTestTask.executeRecursively(NodeTestTask.java:138) ~[junit-platform-engine-1.9.3.jar:1.9.3]
	at org.junit.platform.engine.support.hierarchical.NodeTestTask.execute(NodeTestTask.java:95) ~[junit-platform-engine-1.9.3.jar:1.9.3]
	at org.junit.platform.engine.support.hierarchical.SameThreadHierarchicalTestExecutorService.submit(SameThreadHierarchicalTestExecutorService.java:35) ~[junit-platform-engine-1.9.3.jar:1.9.3]
	at org.junit.platform.engine.support.hierarchical.HierarchicalTestExecutor.execute(HierarchicalTestExecutor.java:57) ~[junit-platform-engine-1.9.3.jar:1.9.3]
	at org.junit.platform.engine.support.hierarchical.HierarchicalTestEngine.execute(HierarchicalTestEngine.java:54) ~[junit-platform-engine-1.9.3.jar:1.9.3]
	at org.junit.platform.launcher.core.EngineExecutionOrchestrator.execute(EngineExecutionOrchestrator.java:147) ~[junit-platform-launcher-1.9.3.jar:1.9.3]
	at org.junit.platform.launcher.core.EngineExecutionOrchestrator.execute(EngineExecutionOrchestrator.java:127) ~[junit-platform-launcher-1.9.3.jar:1.9.3]
	at org.junit.platform.launcher.core.EngineExecutionOrchestrator.execute(EngineExecutionOrchestrator.java:90) ~[junit-platform-launcher-1.9.3.jar:1.9.3]
	at org.junit.platform.launcher.core.EngineExecutionOrchestrator.lambda$execute$0(EngineExecutionOrchestrator.java:55) ~[junit-platform-launcher-1.9.3.jar:1.9.3]
	at org.junit.platform.launcher.core.EngineExecutionOrchestrator.withInterceptedStreams(EngineExecutionOrchestrator.java:102) ~[junit-platform-launcher-1.9.3.jar:1.9.3]
	at org.junit.platform.launcher.core.EngineExecutionOrchestrator.execute(EngineExecutionOrchestrator.java:54) ~[junit-platform-launcher-1.9.3.jar:1.9.3]
	at org.junit.platform.launcher.core.DefaultLauncher.execute(DefaultLauncher.java:114) ~[junit-platform-launcher-1.9.3.jar:1.9.3]
	at org.junit.platform.launcher.core.DefaultLauncher.execute(DefaultLauncher.java:86) ~[junit-platform-launcher-1.9.3.jar:1.9.3]
	at org.junit.platform.launcher.core.DefaultLauncherSession$DelegatingLauncher.execute(DefaultLauncherSession.java:86) ~[junit-platform-launcher-1.9.3.jar:1.9.3]
	at org.apache.maven.surefire.junitplatform.LazyLauncher.execute(LazyLauncher.java:50) ~[surefire-junit-platform-3.0.0.jar:3.0.0]
	at org.apache.maven.surefire.junitplatform.JUnitPlatformProvider.execute(JUnitPlatformProvider.java:184) ~[surefire-junit-platform-3.0.0.jar:3.0.0]
	at org.apache.maven.surefire.junitplatform.JUnitPlatformProvider.invokeAllTests(JUnitPlatformProvider.java:148) ~[surefire-junit-platform-3.0.0.jar:3.0.0]
	at org.apache.maven.surefire.junitplatform.JUnitPlatformProvider.invoke(JUnitPlatformProvider.java:122) ~[surefire-junit-platform-3.0.0.jar:3.0.0]
	at org.apache.maven.surefire.booter.ForkedBooter.runSuitesInProcess(ForkedBooter.java:385) ~[surefire-booter-3.0.0.jar:3.0.0]
	at org.apache.maven.surefire.booter.ForkedBooter.execute(ForkedBooter.java:162) ~[surefire-booter-3.0.0.jar:3.0.0]
	at org.apache.maven.surefire.booter.ForkedBooter.run(ForkedBooter.java:507) ~[surefire-booter-3.0.0.jar:3.0.0]
	at org.apache.maven.surefire.booter.ForkedBooter.main(ForkedBooter.java:495) ~[surefire-booter-3.0.0.jar:3.0.0]
Caused by: org.springframework.dao.DataIntegrityViolationException: Could not extract column [4] from JDBC ResultSet [Value 'saaaa' is outside of valid range for type java.lang.Byte] [n/a]; SQL [n/a]
	at org.springframework.orm.jpa.vendor.HibernateJpaDialect.convertHibernateAccessException(HibernateJpaDialect.java:272) ~[spring-orm-6.0.10.jar:6.0.10]
	at org.springframework.orm.jpa.vendor.HibernateJpaDialect.translateExceptionIfPossible(HibernateJpaDialect.java:229) ~[spring-orm-6.0.10.jar:6.0.10]
	at org.springframework.orm.jpa.AbstractEntityManagerFactoryBean.translateExceptionIfPossible(AbstractEntityManagerFactoryBean.java:550) ~[spring-orm-6.0.10.jar:6.0.10]
	at org.springframework.dao.support.ChainedPersistenceExceptionTranslator.translateExceptionIfPossible(ChainedPersistenceExceptionTranslator.java:61) ~[spring-tx-6.0.10.jar:6.0.10]
	at org.springframework.dao.support.DataAccessUtils.translateIfNecessary(DataAccessUtils.java:242) ~[spring-tx-6.0.10.jar:6.0.10]
	at org.springframework.dao.support.PersistenceExceptionTranslationInterceptor.invoke(PersistenceExceptionTranslationInterceptor.java:152) ~[spring-tx-6.0.10.jar:6.0.10]
	at org.springframework.aop.framework.ReflectiveMethodInvocation.proceed(ReflectiveMethodInvocation.java:184) ~[spring-aop-6.0.10.jar:6.0.10]
	at org.springframework.data.jpa.repository.support.CrudMethodMetadataPostProcessor$CrudMethodMetadataPopulatingMethodInterceptor.invoke(CrudMethodMetadataPostProcessor.java:164) ~[spring-data-jpa-3.1.1.jar:3.1.1]
	at org.springframework.aop.framework.ReflectiveMethodInvocation.proceed(ReflectiveMethodInvocation.java:184) ~[spring-aop-6.0.10.jar:6.0.10]
	at org.springframework.aop.interceptor.ExposeInvocationInterceptor.invoke(ExposeInvocationInterceptor.java:97) ~[spring-aop-6.0.10.jar:6.0.10]
	at org.springframework.aop.framework.ReflectiveMethodInvocation.proceed(ReflectiveMethodInvocation.java:184) ~[spring-aop-6.0.10.jar:6.0.10]
	at org.springframework.aop.framework.JdkDynamicAopProxy.invoke(JdkDynamicAopProxy.java:244) ~[spring-aop-6.0.10.jar:6.0.10]
	at jdk.proxy2/jdk.proxy2.$Proxy127.save(Unknown Source) ~[na:na]
	at com.example.rentalcars.DbInitializer.run(DbInitializer.java:71) ~[classes/:na]
	at org.springframework.boot.SpringApplication.callRunner(SpringApplication.java:762) ~[spring-boot-3.1.1.jar:3.1.1]
	... 84 common frames omitted
Caused by: org.hibernate.exception.DataException: Could not extract column [4] from JDBC ResultSet [Value 'saaaa' is outside of valid range for type java.lang.Byte] [n/a]
	at org.hibernate.exception.internal.SQLExceptionTypeDelegate.convert(SQLExceptionTypeDelegate.java:53) ~[hibernate-core-6.2.5.Final.jar:6.2.5.Final]
	at org.hibernate.exception.internal.StandardSQLExceptionConverter.convert(StandardSQLExceptionConverter.java:56) ~[hibernate-core-6.2.5.Final.jar:6.2.5.Final]
	at org.hibernate.engine.jdbc.spi.SqlExceptionHelper.convert(SqlExceptionHelper.java:108) ~[hibernate-core-6.2.5.Final.jar:6.2.5.Final]
	at org.hibernate.engine.jdbc.spi.SqlExceptionHelper.convert(SqlExceptionHelper.java:94) ~[hibernate-core-6.2.5.Final.jar:6.2.5.Final]
	at org.hibernate.sql.results.jdbc.internal.JdbcValuesResultSetImpl.readCurrentRowValues(JdbcValuesResultSetImpl.java:322) ~[hibernate-core-6.2.5.Final.jar:6.2.5.Final]
	at org.hibernate.sql.results.jdbc.internal.JdbcValuesResultSetImpl.advance(JdbcValuesResultSetImpl.java:293) ~[hibernate-core-6.2.5.Final.jar:6.2.5.Final]
	at org.hibernate.sql.results.jdbc.internal.JdbcValuesResultSetImpl.processNext(JdbcValuesResultSetImpl.java:134) ~[hibernate-core-6.2.5.Final.jar:6.2.5.Final]
	at org.hibernate.sql.results.jdbc.internal.AbstractJdbcValues.next(AbstractJdbcValues.java:19) ~[hibernate-core-6.2.5.Final.jar:6.2.5.Final]
	at org.hibernate.sql.results.internal.RowProcessingStateStandardImpl.next(RowProcessingStateStandardImpl.java:66) ~[hibernate-core-6.2.5.Final.jar:6.2.5.Final]
	at org.hibernate.sql.results.spi.ListResultsConsumer.consume(ListResultsConsumer.java:184) ~[hibernate-core-6.2.5.Final.jar:6.2.5.Final]
	at org.hibernate.sql.results.spi.ListResultsConsumer.consume(ListResultsConsumer.java:33) ~[hibernate-core-6.2.5.Final.jar:6.2.5.Final]
	at org.hibernate.sql.exec.internal.JdbcSelectExecutorStandardImpl.doExecuteQuery(JdbcSelectExecutorStandardImpl.java:361) ~[hibernate-core-6.2.5.Final.jar:6.2.5.Final]
	at org.hibernate.sql.exec.internal.JdbcSelectExecutorStandardImpl.executeQuery(JdbcSelectExecutorStandardImpl.java:168) ~[hibernate-core-6.2.5.Final.jar:6.2.5.Final]
	at org.hibernate.sql.exec.internal.JdbcSelectExecutorStandardImpl.list(JdbcSelectExecutorStandardImpl.java:93) ~[hibernate-core-6.2.5.Final.jar:6.2.5.Final]
	at org.hibernate.sql.exec.spi.JdbcSelectExecutor.list(JdbcSelectExecutor.java:31) ~[hibernate-core-6.2.5.Final.jar:6.2.5.Final]
	at org.hibernate.loader.ast.internal.SingleIdLoadPlan.load(SingleIdLoadPlan.java:146) ~[hibernate-core-6.2.5.Final.jar:6.2.5.Final]
	at org.hibernate.loader.ast.internal.SingleIdLoadPlan.load(SingleIdLoadPlan.java:118) ~[hibernate-core-6.2.5.Final.jar:6.2.5.Final]
	at org.hibernate.loader.ast.internal.SingleIdEntityLoaderStandardImpl.load(SingleIdEntityLoaderStandardImpl.java:73) ~[hibernate-core-6.2.5.Final.jar:6.2.5.Final]
	at org.hibernate.persister.entity.AbstractEntityPersister.doLoad(AbstractEntityPersister.java:3481) ~[hibernate-core-6.2.5.Final.jar:6.2.5.Final]
	at org.hibernate.persister.entity.AbstractEntityPersister.load(AbstractEntityPersister.java:3471) ~[hibernate-core-6.2.5.Final.jar:6.2.5.Final]
	at org.hibernate.event.internal.DefaultLoadEventListener.loadFromDatasource(DefaultLoadEventListener.java:581) ~[hibernate-core-6.2.5.Final.jar:6.2.5.Final]
	at org.hibernate.event.internal.DefaultLoadEventListener.loadFromCacheOrDatasource(DefaultLoadEventListener.java:567) ~[hibernate-core-6.2.5.Final.jar:6.2.5.Final]
	at org.hibernate.event.internal.DefaultLoadEventListener.load(DefaultLoadEventListener.java:536) ~[hibernate-core-6.2.5.Final.jar:6.2.5.Final]
	at org.hibernate.event.internal.DefaultLoadEventListener.doLoad(DefaultLoadEventListener.java:529) ~[hibernate-core-6.2.5.Final.jar:6.2.5.Final]
	at org.hibernate.event.internal.DefaultLoadEventListener.load(DefaultLoadEventListener.java:202) ~[hibernate-core-6.2.5.Final.jar:6.2.5.Final]
	at org.hibernate.event.internal.DefaultLoadEventListener.loadWithRegularProxy(DefaultLoadEventListener.java:282) ~[hibernate-core-6.2.5.Final.jar:6.2.5.Final]
	at org.hibernate.event.internal.DefaultLoadEventListener.proxyOrLoad(DefaultLoadEventListener.java:237) ~[hibernate-core-6.2.5.Final.jar:6.2.5.Final]
	at org.hibernate.event.internal.DefaultLoadEventListener.doOnLoad(DefaultLoadEventListener.java:106) ~[hibernate-core-6.2.5.Final.jar:6.2.5.Final]
	at org.hibernate.event.internal.DefaultLoadEventListener.onLoad(DefaultLoadEventListener.java:78) ~[hibernate-core-6.2.5.Final.jar:6.2.5.Final]
	at org.hibernate.event.service.internal.EventListenerGroupImpl.fireEventOnEachListener(EventListenerGroupImpl.java:138) ~[hibernate-core-6.2.5.Final.jar:6.2.5.Final]
	at org.hibernate.internal.SessionImpl.fireLoadNoChecks(SessionImpl.java:1231) ~[hibernate-core-6.2.5.Final.jar:6.2.5.Final]
	at org.hibernate.internal.SessionImpl.fireLoad(SessionImpl.java:1219) ~[hibernate-core-6.2.5.Final.jar:6.2.5.Final]
	at org.hibernate.loader.internal.IdentifierLoadAccessImpl.doLoad(IdentifierLoadAccessImpl.java:194) ~[hibernate-core-6.2.5.Final.jar:6.2.5.Final]
	at org.hibernate.loader.internal.IdentifierLoadAccessImpl.lambda$load$1(IdentifierLoadAccessImpl.java:160) ~[hibernate-core-6.2.5.Final.jar:6.2.5.Final]
	at org.hibernate.loader.internal.IdentifierLoadAccessImpl.perform(IdentifierLoadAccessImpl.java:107) ~[hibernate-core-6.2.5.Final.jar:6.2.5.Final]
	at org.hibernate.loader.internal.IdentifierLoadAccessImpl.load(IdentifierLoadAccessImpl.java:160) ~[hibernate-core-6.2.5.Final.jar:6.2.5.Final]
	at org.hibernate.internal.SessionImpl.get(SessionImpl.java:1024) ~[hibernate-core-6.2.5.Final.jar:6.2.5.Final]
	at org.hibernate.event.internal.DefaultMergeEventListener.lambda$entityIsDetached$0(DefaultMergeEventListener.java:334) ~[hibernate-core-6.2.5.Final.jar:6.2.5.Final]
	at org.hibernate.engine.spi.LoadQueryInfluencers.fromInternalFetchProfile(LoadQueryInfluencers.java:79) ~[hibernate-core-6.2.5.Final.jar:6.2.5.Final]
	at org.hibernate.event.internal.DefaultMergeEventListener.entityIsDetached(DefaultMergeEventListener.java:332) ~[hibernate-core-6.2.5.Final.jar:6.2.5.Final]
	at org.hibernate.event.internal.DefaultMergeEventListener.merge(DefaultMergeEventListener.java:149) ~[hibernate-core-6.2.5.Final.jar:6.2.5.Final]
	at org.hibernate.event.internal.DefaultMergeEventListener.doMerge(DefaultMergeEventListener.java:142) ~[hibernate-core-6.2.5.Final.jar:6.2.5.Final]
	at org.hibernate.event.internal.DefaultMergeEventListener.onMerge(DefaultMergeEventListener.java:126) ~[hibernate-core-6.2.5.Final.jar:6.2.5.Final]
	at org.hibernate.event.internal.DefaultMergeEventListener.onMerge(DefaultMergeEventListener.java:80) ~[hibernate-core-6.2.5.Final.jar:6.2.5.Final]
	at org.hibernate.event.service.internal.EventListenerGroupImpl.fireEventOnEachListener(EventListenerGroupImpl.java:127) ~[hibernate-core-6.2.5.Final.jar:6.2.5.Final]
	at org.hibernate.internal.SessionImpl.fireMerge(SessionImpl.java:848) ~[hibernate-core-6.2.5.Final.jar:6.2.5.Final]
	at org.hibernate.internal.SessionImpl.merge(SessionImpl.java:834) ~[hibernate-core-6.2.5.Final.jar:6.2.5.Final]
	at jdk.internal.reflect.GeneratedMethodAccessor29.invoke(Unknown Source) ~[na:na]
	at java.base/jdk.internal.reflect.DelegatingMethodAccessorImpl.invoke(DelegatingMethodAccessorImpl.java:43) ~[na:na]
	at java.base/java.lang.reflect.Method.invoke(Method.java:568) ~[na:na]
	at org.springframework.orm.jpa.SharedEntityManagerCreator$SharedEntityManagerInvocationHandler.invoke(SharedEntityManagerCreator.java:311) ~[spring-orm-6.0.10.jar:6.0.10]
	at jdk.proxy2/jdk.proxy2.$Proxy119.merge(Unknown Source) ~[na:na]
	at org.springframework.data.jpa.repository.support.SimpleJpaRepository.save(SimpleJpaRepository.java:620) ~[spring-data-jpa-3.1.1.jar:3.1.1]
	at jdk.internal.reflect.GeneratedMethodAccessor28.invoke(Unknown Source) ~[na:na]
	at java.base/jdk.internal.reflect.DelegatingMethodAccessorImpl.invoke(DelegatingMethodAccessorImpl.java:43) ~[na:na]
	at java.base/java.lang.reflect.Method.invoke(Method.java:568) ~[na:na]
	at org.springframework.data.repository.core.support.RepositoryMethodInvoker$RepositoryFragmentMethodInvoker.lambda$new$0(RepositoryMethodInvoker.java:288) ~[spring-data-commons-3.1.1.jar:3.1.1]
	at org.springframework.data.repository.core.support.RepositoryMethodInvoker.doInvoke(RepositoryMethodInvoker.java:136) ~[spring-data-commons-3.1.1.jar:3.1.1]
	at org.springframework.data.repository.core.support.RepositoryMethodInvoker.invoke(RepositoryMethodInvoker.java:120) ~[spring-data-commons-3.1.1.jar:3.1.1]
	at org.springframework.data.repository.core.support.RepositoryComposition$RepositoryFragments.invoke(RepositoryComposition.java:516) ~[spring-data-commons-3.1.1.jar:3.1.1]
	at org.springframework.data.repository.core.support.RepositoryComposition.invoke(RepositoryComposition.java:285) ~[spring-data-commons-3.1.1.jar:3.1.1]
	at org.springframework.data.repository.core.support.RepositoryFactorySupport$ImplementationMethodExecutionInterceptor.invoke(RepositoryFactorySupport.java:628) ~[spring-data-commons-3.1.1.jar:3.1.1]
	at org.springframework.aop.framework.ReflectiveMethodInvocation.proceed(ReflectiveMethodInvocation.java:184) ~[spring-aop-6.0.10.jar:6.0.10]
	at org.springframework.data.repository.core.support.QueryExecutorMethodInterceptor.doInvoke(QueryExecutorMethodInterceptor.java:168) ~[spring-data-commons-3.1.1.jar:3.1.1]
	at org.springframework.data.repository.core.support.QueryExecutorMethodInterceptor.invoke(QueryExecutorMethodInterceptor.java:143) ~[spring-data-commons-3.1.1.jar:3.1.1]
	at org.springframework.aop.framework.ReflectiveMethodInvocation.proceed(ReflectiveMethodInvocation.java:184) ~[spring-aop-6.0.10.jar:6.0.10]
	at org.springframework.data.projection.DefaultMethodInvokingMethodInterceptor.invoke(DefaultMethodInvokingMethodInterceptor.java:72) ~[spring-data-commons-3.1.1.jar:3.1.1]
	at org.springframework.aop.framework.ReflectiveMethodInvocation.proceed(ReflectiveMethodInvocation.java:184) ~[spring-aop-6.0.10.jar:6.0.10]
	at org.springframework.transaction.interceptor.TransactionInterceptor$1.proceedWithInvocation(TransactionInterceptor.java:123) ~[spring-tx-6.0.10.jar:6.0.10]
	at org.springframework.transaction.interceptor.TransactionAspectSupport.invokeWithinTransaction(TransactionAspectSupport.java:391) ~[spring-tx-6.0.10.jar:6.0.10]
	at org.springframework.transaction.interceptor.TransactionInterceptor.invoke(TransactionInterceptor.java:119) ~[spring-tx-6.0.10.jar:6.0.10]
	at org.springframework.aop.framework.ReflectiveMethodInvocation.proceed(ReflectiveMethodInvocation.java:184) ~[spring-aop-6.0.10.jar:6.0.10]
	at org.springframework.dao.support.PersistenceExceptionTranslationInterceptor.invoke(PersistenceExceptionTranslationInterceptor.java:137) ~[spring-tx-6.0.10.jar:6.0.10]
	... 93 common frames omitted
Caused by: java.sql.SQLDataException: Value 'saaaa' is outside of valid range for type java.lang.Byte
	at com.mysql.cj.jdbc.exceptions.SQLError.createSQLException(SQLError.java:114) ~[mysql-connector-java-8.0.28.jar:8.0.28]
	at com.mysql.cj.jdbc.exceptions.SQLError.createSQLException(SQLError.java:97) ~[mysql-connector-java-8.0.28.jar:8.0.28]
	at com.mysql.cj.jdbc.exceptions.SQLError.createSQLException(SQLError.java:89) ~[mysql-connector-java-8.0.28.jar:8.0.28]
	at com.mysql.cj.jdbc.exceptions.SQLError.createSQLException(SQLError.java:63) ~[mysql-connector-java-8.0.28.jar:8.0.28]
	at com.mysql.cj.jdbc.exceptions.SQLError.createSQLException(SQLError.java:73) ~[mysql-connector-java-8.0.28.jar:8.0.28]
	at com.mysql.cj.jdbc.exceptions.SQLExceptionsMapping.translateException(SQLExceptionsMapping.java:92) ~[mysql-connector-java-8.0.28.jar:8.0.28]
	at com.mysql.cj.jdbc.result.ResultSetImpl.getObject(ResultSetImpl.java:1431) ~[mysql-connector-java-8.0.28.jar:8.0.28]
	at com.mysql.cj.jdbc.result.ResultSetImpl.getByte(ResultSetImpl.java:718) ~[mysql-connector-java-8.0.28.jar:8.0.28]
	at com.zaxxer.hikari.pool.HikariProxyResultSet.getByte(HikariProxyResultSet.java) ~[HikariCP-5.0.1.jar:na]
	at org.hibernate.type.descriptor.jdbc.TinyIntJdbcType$2.doExtract(TinyIntJdbcType.java:91) ~[hibernate-core-6.2.5.Final.jar:6.2.5.Final]
	at org.hibernate.type.descriptor.jdbc.BasicExtractor.extract(BasicExtractor.java:44) ~[hibernate-core-6.2.5.Final.jar:6.2.5.Final]
	at org.hibernate.sql.results.jdbc.internal.JdbcValuesResultSetImpl.readCurrentRowValues(JdbcValuesResultSetImpl.java:314) ~[hibernate-core-6.2.5.Final.jar:6.2.5.Final]
	... 161 common frames omitted
Caused by: com.mysql.cj.exceptions.NumberOutOfRange: Value 'saaaa' is outside of valid range for type java.lang.Byte
	at com.mysql.cj.result.ByteValueFactory.createFromBytes(ByteValueFactory.java:113) ~[mysql-connector-java-8.0.28.jar:8.0.28]
	at com.mysql.cj.result.ByteValueFactory.createFromBytes(ByteValueFactory.java:46) ~[mysql-connector-java-8.0.28.jar:8.0.28]
	at com.mysql.cj.protocol.a.MysqlTextValueDecoder.decodeByteArray(MysqlTextValueDecoder.java:143) ~[mysql-connector-java-8.0.28.jar:8.0.28]
	at com.mysql.cj.protocol.result.AbstractResultsetRow.decodeAndCreateReturnValue(AbstractResultsetRow.java:135) ~[mysql-connector-java-8.0.28.jar:8.0.28]
	at com.mysql.cj.protocol.result.AbstractResultsetRow.getValueFromBytes(AbstractResultsetRow.java:243) ~[mysql-connector-java-8.0.28.jar:8.0.28]
	at com.mysql.cj.protocol.a.result.ByteArrayRow.getValue(ByteArrayRow.java:91) ~[mysql-connector-java-8.0.28.jar:8.0.28]
	at com.mysql.cj.jdbc.result.ResultSetImpl.getObject(ResultSetImpl.java:1314) ~[mysql-connector-java-8.0.28.jar:8.0.28]
	... 166 common frames omitted

2023-11-04T14:12:18.471+01:00  INFO 27280 --- [           main] j.LocalContainerEntityManagerFactoryBean : Closing JPA EntityManagerFactory for persistence unit 'default'
2023-11-04T14:12:18.473+01:00  INFO 27280 --- [           main] com.zaxxer.hikari.HikariDataSource       : HikariPool-1 - Shutdown initiated...
2023-11-04T14:12:18.481+01:00  INFO 27280 --- [           main] com.zaxxer.hikari.HikariDataSource       : HikariPool-1 - Shutdown completed.
2023-11-04T14:12:18.490+01:00 ERROR 27280 --- [           main] o.s.test.context.TestContextManager      : Caught exception while allowing TestExecutionListener [org.springframework.test.context.web.ServletTestExecutionListener] to prepare test instance [com.example.rentalcars.RentalcarsApplicationTests@6810465]

java.lang.IllegalStateException: Failed to load ApplicationContext for [WebMergedContextConfiguration@57e2d15c testClass = com.example.rentalcars.RentalcarsApplicationTests, locations = [], classes = [com.example.rentalcars.RentalcarsApplication], contextInitializerClasses = [], activeProfiles = [], propertySourceLocations = [], propertySourceProperties = ["org.springframework.boot.test.context.SpringBootTestContextBootstrapper=true"], contextCustomizers = [org.springframework.boot.test.context.filter.ExcludeFilterContextCustomizer@2bdd8394, org.springframework.boot.test.json.DuplicateJsonObjectContextCustomizerFactory$DuplicateJsonObjectContextCustomizer@41488b16, org.springframework.boot.test.mock.mockito.MockitoContextCustomizer@0, org.springframework.boot.test.web.client.TestRestTemplateContextCustomizer@3e62d773, org.springframework.boot.test.autoconfigure.actuate.observability.ObservabilityContextCustomizerFactory$DisableObservabilityContextCustomizer@1f, org.springframework.boot.test.autoconfigure.properties.PropertyMappingContextCustomizer@0, org.springframework.boot.test.autoconfigure.web.servlet.WebDriverContextCustomizerFactory$Customizer@452e19ca, org.springframework.boot.test.context.SpringBootTestAnnotation@1f5390dc], resourceBasePath = "src/main/webapp", contextLoader = org.springframework.boot.test.context.SpringBootContextLoader, parent = null]
	at org.springframework.test.context.cache.DefaultCacheAwareContextLoaderDelegate.loadContext(DefaultCacheAwareContextLoaderDelegate.java:143) ~[spring-test-6.0.10.jar:6.0.10]
	at org.springframework.test.context.support.DefaultTestContext.getApplicationContext(DefaultTestContext.java:127) ~[spring-test-6.0.10.jar:6.0.10]
	at org.springframework.test.context.web.ServletTestExecutionListener.setUpRequestContextIfNecessary(ServletTestExecutionListener.java:191) ~[spring-test-6.0.10.jar:6.0.10]
	at org.springframework.test.context.web.ServletTestExecutionListener.prepareTestInstance(ServletTestExecutionListener.java:130) ~[spring-test-6.0.10.jar:6.0.10]
	at org.springframework.test.context.TestContextManager.prepareTestInstance(TestContextManager.java:241) ~[spring-test-6.0.10.jar:6.0.10]
	at org.springframework.test.context.junit.jupiter.SpringExtension.postProcessTestInstance(SpringExtension.java:138) ~[spring-test-6.0.10.jar:6.0.10]
	at org.junit.jupiter.engine.descriptor.ClassBasedTestDescriptor.lambda$invokeTestInstancePostProcessors$10(ClassBasedTestDescriptor.java:377) ~[junit-jupiter-engine-5.9.3.jar:5.9.3]
	at org.junit.jupiter.engine.descriptor.ClassBasedTestDescriptor.executeAndMaskThrowable(ClassBasedTestDescriptor.java:382) ~[junit-jupiter-engine-5.9.3.jar:5.9.3]
	at org.junit.jupiter.engine.descriptor.ClassBasedTestDescriptor.lambda$invokeTestInstancePostProcessors$11(ClassBasedTestDescriptor.java:377) ~[junit-jupiter-engine-5.9.3.jar:5.9.3]
	at java.base/java.util.stream.ReferencePipeline$3$1.accept(ReferencePipeline.java:197) ~[na:na]
	at java.base/java.util.stream.ReferencePipeline$2$1.accept(ReferencePipeline.java:179) ~[na:na]
	at java.base/java.util.ArrayList$ArrayListSpliterator.forEachRemaining(ArrayList.java:1625) ~[na:na]
	at java.base/java.util.stream.AbstractPipeline.copyInto(AbstractPipeline.java:509) ~[na:na]
	at java.base/java.util.stream.AbstractPipeline.wrapAndCopyInto(AbstractPipeline.java:499) ~[na:na]
	at java.base/java.util.stream.StreamSpliterators$WrappingSpliterator.forEachRemaining(StreamSpliterators.java:310) ~[na:na]
	at java.base/java.util.stream.Streams$ConcatSpliterator.forEachRemaining(Streams.java:735) ~[na:na]
	at java.base/java.util.stream.Streams$ConcatSpliterator.forEachRemaining(Streams.java:734) ~[na:na]
	at java.base/java.util.stream.ReferencePipeline$Head.forEach(ReferencePipeline.java:762) ~[na:na]
	at org.junit.jupiter.engine.descriptor.ClassBasedTestDescriptor.invokeTestInstancePostProcessors(ClassBasedTestDescriptor.java:376) ~[junit-jupiter-engine-5.9.3.jar:5.9.3]
	at org.junit.jupiter.engine.descriptor.ClassBasedTestDescriptor.lambda$instantiateAndPostProcessTestInstance$6(ClassBasedTestDescriptor.java:289) ~[junit-jupiter-engine-5.9.3.jar:5.9.3]
	at org.junit.platform.engine.support.hierarchical.ThrowableCollector.execute(ThrowableCollector.java:73) ~[junit-platform-engine-1.9.3.jar:1.9.3]
	at org.junit.jupiter.engine.descriptor.ClassBasedTestDescriptor.instantiateAndPostProcessTestInstance(ClassBasedTestDescriptor.java:288) ~[junit-jupiter-engine-5.9.3.jar:5.9.3]
	at org.junit.jupiter.engine.descriptor.ClassBasedTestDescriptor.lambda$testInstancesProvider$4(ClassBasedTestDescriptor.java:278) ~[junit-jupiter-engine-5.9.3.jar:5.9.3]
	at java.base/java.util.Optional.orElseGet(Optional.java:364) ~[na:na]
	at org.junit.jupiter.engine.descriptor.ClassBasedTestDescriptor.lambda$testInstancesProvider$5(ClassBasedTestDescriptor.java:277) ~[junit-jupiter-engine-5.9.3.jar:5.9.3]
	at org.junit.jupiter.engine.execution.TestInstancesProvider.getTestInstances(TestInstancesProvider.java:31) ~[junit-jupiter-engine-5.9.3.jar:5.9.3]
	at org.junit.jupiter.engine.descriptor.TestMethodTestDescriptor.lambda$prepare$0(TestMethodTestDescriptor.java:105) ~[junit-jupiter-engine-5.9.3.jar:5.9.3]
	at org.junit.platform.engine.support.hierarchical.ThrowableCollector.execute(ThrowableCollector.java:73) ~[junit-platform-engine-1.9.3.jar:1.9.3]
	at org.junit.jupiter.engine.descriptor.TestMethodTestDescriptor.prepare(TestMethodTestDescriptor.java:104) ~[junit-jupiter-engine-5.9.3.jar:5.9.3]
	at org.junit.jupiter.engine.descriptor.TestMethodTestDescriptor.prepare(TestMethodTestDescriptor.java:68) ~[junit-jupiter-engine-5.9.3.jar:5.9.3]
	at org.junit.platform.engine.support.hierarchical.NodeTestTask.lambda$prepare$2(NodeTestTask.java:123) ~[junit-platform-engine-1.9.3.jar:1.9.3]
	at org.junit.platform.engine.support.hierarchical.ThrowableCollector.execute(ThrowableCollector.java:73) ~[junit-platform-engine-1.9.3.jar:1.9.3]
	at org.junit.platform.engine.support.hierarchical.NodeTestTask.prepare(NodeTestTask.java:123) ~[junit-platform-engine-1.9.3.jar:1.9.3]
	at org.junit.platform.engine.support.hierarchical.NodeTestTask.execute(NodeTestTask.java:90) ~[junit-platform-engine-1.9.3.jar:1.9.3]
	at java.base/java.util.ArrayList.forEach(ArrayList.java:1511) ~[na:na]
	at org.junit.platform.engine.support.hierarchical.SameThreadHierarchicalTestExecutorService.invokeAll(SameThreadHierarchicalTestExecutorService.java:41) ~[junit-platform-engine-1.9.3.jar:1.9.3]
	at org.junit.platform.engine.support.hierarchical.NodeTestTask.lambda$executeRecursively$6(NodeTestTask.java:155) ~[junit-platform-engine-1.9.3.jar:1.9.3]
	at org.junit.platform.engine.support.hierarchical.ThrowableCollector.execute(ThrowableCollector.java:73) ~[junit-platform-engine-1.9.3.jar:1.9.3]
	at org.junit.platform.engine.support.hierarchical.NodeTestTask.lambda$executeRecursively$8(NodeTestTask.java:141) ~[junit-platform-engine-1.9.3.jar:1.9.3]
	at org.junit.platform.engine.support.hierarchical.Node.around(Node.java:137) ~[junit-platform-engine-1.9.3.jar:1.9.3]
	at org.junit.platform.engine.support.hierarchical.NodeTestTask.lambda$executeRecursively$9(NodeTestTask.java:139) ~[junit-platform-engine-1.9.3.jar:1.9.3]
	at org.junit.platform.engine.support.hierarchical.ThrowableCollector.execute(ThrowableCollector.java:73) ~[junit-platform-engine-1.9.3.jar:1.9.3]
	at org.junit.platform.engine.support.hierarchical.NodeTestTask.executeRecursively(NodeTestTask.java:138) ~[junit-platform-engine-1.9.3.jar:1.9.3]
	at org.junit.platform.engine.support.hierarchical.NodeTestTask.execute(NodeTestTask.java:95) ~[junit-platform-engine-1.9.3.jar:1.9.3]
	at java.base/java.util.ArrayList.forEach(ArrayList.java:1511) ~[na:na]
	at org.junit.platform.engine.support.hierarchical.SameThreadHierarchicalTestExecutorService.invokeAll(SameThreadHierarchicalTestExecutorService.java:41) ~[junit-platform-engine-1.9.3.jar:1.9.3]
	at org.junit.platform.engine.support.hierarchical.NodeTestTask.lambda$executeRecursively$6(NodeTestTask.java:155) ~[junit-platform-engine-1.9.3.jar:1.9.3]
	at org.junit.platform.engine.support.hierarchical.ThrowableCollector.execute(ThrowableCollector.java:73) ~[junit-platform-engine-1.9.3.jar:1.9.3]
	at org.junit.platform.engine.support.hierarchical.NodeTestTask.lambda$executeRecursively$8(NodeTestTask.java:141) ~[junit-platform-engine-1.9.3.jar:1.9.3]
	at org.junit.platform.engine.support.hierarchical.Node.around(Node.java:137) ~[junit-platform-engine-1.9.3.jar:1.9.3]
	at org.junit.platform.engine.support.hierarchical.NodeTestTask.lambda$executeRecursively$9(NodeTestTask.java:139) ~[junit-platform-engine-1.9.3.jar:1.9.3]
	at org.junit.platform.engine.support.hierarchical.ThrowableCollector.execute(ThrowableCollector.java:73) ~[junit-platform-engine-1.9.3.jar:1.9.3]
	at org.junit.platform.engine.support.hierarchical.NodeTestTask.executeRecursively(NodeTestTask.java:138) ~[junit-platform-engine-1.9.3.jar:1.9.3]
	at org.junit.platform.engine.support.hierarchical.NodeTestTask.execute(NodeTestTask.java:95) ~[junit-platform-engine-1.9.3.jar:1.9.3]
	at org.junit.platform.engine.support.hierarchical.SameThreadHierarchicalTestExecutorService.submit(SameThreadHierarchicalTestExecutorService.java:35) ~[junit-platform-engine-1.9.3.jar:1.9.3]
	at org.junit.platform.engine.support.hierarchical.HierarchicalTestExecutor.execute(HierarchicalTestExecutor.java:57) ~[junit-platform-engine-1.9.3.jar:1.9.3]
	at org.junit.platform.engine.support.hierarchical.HierarchicalTestEngine.execute(HierarchicalTestEngine.java:54) ~[junit-platform-engine-1.9.3.jar:1.9.3]
	at org.junit.platform.launcher.core.EngineExecutionOrchestrator.execute(EngineExecutionOrchestrator.java:147) ~[junit-platform-launcher-1.9.3.jar:1.9.3]
	at org.junit.platform.launcher.core.EngineExecutionOrchestrator.execute(EngineExecutionOrchestrator.java:127) ~[junit-platform-launcher-1.9.3.jar:1.9.3]
	at org.junit.platform.launcher.core.EngineExecutionOrchestrator.execute(EngineExecutionOrchestrator.java:90) ~[junit-platform-launcher-1.9.3.jar:1.9.3]
	at org.junit.platform.launcher.core.EngineExecutionOrchestrator.lambda$execute$0(EngineExecutionOrchestrator.java:55) ~[junit-platform-launcher-1.9.3.jar:1.9.3]
	at org.junit.platform.launcher.core.EngineExecutionOrchestrator.withInterceptedStreams(EngineExecutionOrchestrator.java:102) ~[junit-platform-launcher-1.9.3.jar:1.9.3]
	at org.junit.platform.launcher.core.EngineExecutionOrchestrator.execute(EngineExecutionOrchestrator.java:54) ~[junit-platform-launcher-1.9.3.jar:1.9.3]
	at org.junit.platform.launcher.core.DefaultLauncher.execute(DefaultLauncher.java:114) ~[junit-platform-launcher-1.9.3.jar:1.9.3]
	at org.junit.platform.launcher.core.DefaultLauncher.execute(DefaultLauncher.java:86) ~[junit-platform-launcher-1.9.3.jar:1.9.3]
	at org.junit.platform.launcher.core.DefaultLauncherSession$DelegatingLauncher.execute(DefaultLauncherSession.java:86) ~[junit-platform-launcher-1.9.3.jar:1.9.3]
	at org.apache.maven.surefire.junitplatform.LazyLauncher.execute(LazyLauncher.java:50) ~[surefire-junit-platform-3.0.0.jar:3.0.0]
	at org.apache.maven.surefire.junitplatform.JUnitPlatformProvider.execute(JUnitPlatformProvider.java:184) ~[surefire-junit-platform-3.0.0.jar:3.0.0]
	at org.apache.maven.surefire.junitplatform.JUnitPlatformProvider.invokeAllTests(JUnitPlatformProvider.java:148) ~[surefire-junit-platform-3.0.0.jar:3.0.0]
	at org.apache.maven.surefire.junitplatform.JUnitPlatformProvider.invoke(JUnitPlatformProvider.java:122) ~[surefire-junit-platform-3.0.0.jar:3.0.0]
	at org.apache.maven.surefire.booter.ForkedBooter.runSuitesInProcess(ForkedBooter.java:385) ~[surefire-booter-3.0.0.jar:3.0.0]
	at org.apache.maven.surefire.booter.ForkedBooter.execute(ForkedBooter.java:162) ~[surefire-booter-3.0.0.jar:3.0.0]
	at org.apache.maven.surefire.booter.ForkedBooter.run(ForkedBooter.java:507) ~[surefire-booter-3.0.0.jar:3.0.0]
	at org.apache.maven.surefire.booter.ForkedBooter.main(ForkedBooter.java:495) ~[surefire-booter-3.0.0.jar:3.0.0]
Caused by: java.lang.IllegalStateException: Failed to execute ApplicationRunner
	at org.springframework.boot.SpringApplication.callRunner(SpringApplication.java:765) ~[spring-boot-3.1.1.jar:3.1.1]
	at org.springframework.boot.SpringApplication.callRunners(SpringApplication.java:752) ~[spring-boot-3.1.1.jar:3.1.1]
	at org.springframework.boot.SpringApplication.run(SpringApplication.java:319) ~[spring-boot-3.1.1.jar:3.1.1]
	at org.springframework.boot.test.context.SpringBootContextLoader.lambda$loadContext$3(SpringBootContextLoader.java:137) ~[spring-boot-test-3.1.1.jar:3.1.1]
	at org.springframework.util.function.ThrowingSupplier.get(ThrowingSupplier.java:58) ~[spring-core-6.0.10.jar:6.0.10]
	at org.springframework.util.function.ThrowingSupplier.get(ThrowingSupplier.java:46) ~[spring-core-6.0.10.jar:6.0.10]
	at org.springframework.boot.SpringApplication.withHook(SpringApplication.java:1406) ~[spring-boot-3.1.1.jar:3.1.1]
	at org.springframework.boot.test.context.SpringBootContextLoader$ContextLoaderHook.run(SpringBootContextLoader.java:545) ~[spring-boot-test-3.1.1.jar:3.1.1]
	at org.springframework.boot.test.context.SpringBootContextLoader.loadContext(SpringBootContextLoader.java:137) ~[spring-boot-test-3.1.1.jar:3.1.1]
	at org.springframework.boot.test.context.SpringBootContextLoader.loadContext(SpringBootContextLoader.java:108) ~[spring-boot-test-3.1.1.jar:3.1.1]
	at org.springframework.test.context.cache.DefaultCacheAwareContextLoaderDelegate.loadContextInternal(DefaultCacheAwareContextLoaderDelegate.java:187) ~[spring-test-6.0.10.jar:6.0.10]
	at org.springframework.test.context.cache.DefaultCacheAwareContextLoaderDelegate.loadContext(DefaultCacheAwareContextLoaderDelegate.java:119) ~[spring-test-6.0.10.jar:6.0.10]
	... 73 common frames omitted
Caused by: org.springframework.dao.DataIntegrityViolationException: Could not extract column [4] from JDBC ResultSet [Value 'saaaa' is outside of valid range for type java.lang.Byte] [n/a]; SQL [n/a]
	at org.springframework.orm.jpa.vendor.HibernateJpaDialect.convertHibernateAccessException(HibernateJpaDialect.java:272) ~[spring-orm-6.0.10.jar:6.0.10]
	at org.springframework.orm.jpa.vendor.HibernateJpaDialect.translateExceptionIfPossible(HibernateJpaDialect.java:229) ~[spring-orm-6.0.10.jar:6.0.10]
	at org.springframework.orm.jpa.AbstractEntityManagerFactoryBean.translateExceptionIfPossible(AbstractEntityManagerFactoryBean.java:550) ~[spring-orm-6.0.10.jar:6.0.10]
	at org.springframework.dao.support.ChainedPersistenceExceptionTranslator.translateExceptionIfPossible(ChainedPersistenceExceptionTranslator.java:61) ~[spring-tx-6.0.10.jar:6.0.10]
	at org.springframework.dao.support.DataAccessUtils.translateIfNecessary(DataAccessUtils.java:242) ~[spring-tx-6.0.10.jar:6.0.10]
	at org.springframework.dao.support.PersistenceExceptionTranslationInterceptor.invoke(PersistenceExceptionTranslationInterceptor.java:152) ~[spring-tx-6.0.10.jar:6.0.10]
	at org.springframework.aop.framework.ReflectiveMethodInvocation.proceed(ReflectiveMethodInvocation.java:184) ~[spring-aop-6.0.10.jar:6.0.10]
	at org.springframework.data.jpa.repository.support.CrudMethodMetadataPostProcessor$CrudMethodMetadataPopulatingMethodInterceptor.invoke(CrudMethodMetadataPostProcessor.java:164) ~[spring-data-jpa-3.1.1.jar:3.1.1]
	at org.springframework.aop.framework.ReflectiveMethodInvocation.proceed(ReflectiveMethodInvocation.java:184) ~[spring-aop-6.0.10.jar:6.0.10]
	at org.springframework.aop.interceptor.ExposeInvocationInterceptor.invoke(ExposeInvocationInterceptor.java:97) ~[spring-aop-6.0.10.jar:6.0.10]
	at org.springframework.aop.framework.ReflectiveMethodInvocation.proceed(ReflectiveMethodInvocation.java:184) ~[spring-aop-6.0.10.jar:6.0.10]
	at org.springframework.aop.framework.JdkDynamicAopProxy.invoke(JdkDynamicAopProxy.java:244) ~[spring-aop-6.0.10.jar:6.0.10]
	at jdk.proxy2/jdk.proxy2.$Proxy127.save(Unknown Source) ~[na:na]
	at com.example.rentalcars.DbInitializer.run(DbInitializer.java:71) ~[classes/:na]
	at org.springframework.boot.SpringApplication.callRunner(SpringApplication.java:762) ~[spring-boot-3.1.1.jar:3.1.1]
	... 84 common frames omitted
Caused by: org.hibernate.exception.DataException: Could not extract column [4] from JDBC ResultSet [Value 'saaaa' is outside of valid range for type java.lang.Byte] [n/a]
	at org.hibernate.exception.internal.SQLExceptionTypeDelegate.convert(SQLExceptionTypeDelegate.java:53) ~[hibernate-core-6.2.5.Final.jar:6.2.5.Final]
	at org.hibernate.exception.internal.StandardSQLExceptionConverter.convert(StandardSQLExceptionConverter.java:56) ~[hibernate-core-6.2.5.Final.jar:6.2.5.Final]
	at org.hibernate.engine.jdbc.spi.SqlExceptionHelper.convert(SqlExceptionHelper.java:108) ~[hibernate-core-6.2.5.Final.jar:6.2.5.Final]
	at org.hibernate.engine.jdbc.spi.SqlExceptionHelper.convert(SqlExceptionHelper.java:94) ~[hibernate-core-6.2.5.Final.jar:6.2.5.Final]
	at org.hibernate.sql.results.jdbc.internal.JdbcValuesResultSetImpl.readCurrentRowValues(JdbcValuesResultSetImpl.java:322) ~[hibernate-core-6.2.5.Final.jar:6.2.5.Final]
	at org.hibernate.sql.results.jdbc.internal.JdbcValuesResultSetImpl.advance(JdbcValuesResultSetImpl.java:293) ~[hibernate-core-6.2.5.Final.jar:6.2.5.Final]
	at org.hibernate.sql.results.jdbc.internal.JdbcValuesResultSetImpl.processNext(JdbcValuesResultSetImpl.java:134) ~[hibernate-core-6.2.5.Final.jar:6.2.5.Final]
	at org.hibernate.sql.results.jdbc.internal.AbstractJdbcValues.next(AbstractJdbcValues.java:19) ~[hibernate-core-6.2.5.Final.jar:6.2.5.Final]
	at org.hibernate.sql.results.internal.RowProcessingStateStandardImpl.next(RowProcessingStateStandardImpl.java:66) ~[hibernate-core-6.2.5.Final.jar:6.2.5.Final]
	at org.hibernate.sql.results.spi.ListResultsConsumer.consume(ListResultsConsumer.java:184) ~[hibernate-core-6.2.5.Final.jar:6.2.5.Final]
	at org.hibernate.sql.results.spi.ListResultsConsumer.consume(ListResultsConsumer.java:33) ~[hibernate-core-6.2.5.Final.jar:6.2.5.Final]
	at org.hibernate.sql.exec.internal.JdbcSelectExecutorStandardImpl.doExecuteQuery(JdbcSelectExecutorStandardImpl.java:361) ~[hibernate-core-6.2.5.Final.jar:6.2.5.Final]
	at org.hibernate.sql.exec.internal.JdbcSelectExecutorStandardImpl.executeQuery(JdbcSelectExecutorStandardImpl.java:168) ~[hibernate-core-6.2.5.Final.jar:6.2.5.Final]
	at org.hibernate.sql.exec.internal.JdbcSelectExecutorStandardImpl.list(JdbcSelectExecutorStandardImpl.java:93) ~[hibernate-core-6.2.5.Final.jar:6.2.5.Final]
	at org.hibernate.sql.exec.spi.JdbcSelectExecutor.list(JdbcSelectExecutor.java:31) ~[hibernate-core-6.2.5.Final.jar:6.2.5.Final]
	at org.hibernate.loader.ast.internal.SingleIdLoadPlan.load(SingleIdLoadPlan.java:146) ~[hibernate-core-6.2.5.Final.jar:6.2.5.Final]
	at org.hibernate.loader.ast.internal.SingleIdLoadPlan.load(SingleIdLoadPlan.java:118) ~[hibernate-core-6.2.5.Final.jar:6.2.5.Final]
	at org.hibernate.loader.ast.internal.SingleIdEntityLoaderStandardImpl.load(SingleIdEntityLoaderStandardImpl.java:73) ~[hibernate-core-6.2.5.Final.jar:6.2.5.Final]
	at org.hibernate.persister.entity.AbstractEntityPersister.doLoad(AbstractEntityPersister.java:3481) ~[hibernate-core-6.2.5.Final.jar:6.2.5.Final]
	at org.hibernate.persister.entity.AbstractEntityPersister.load(AbstractEntityPersister.java:3471) ~[hibernate-core-6.2.5.Final.jar:6.2.5.Final]
	at org.hibernate.event.internal.DefaultLoadEventListener.loadFromDatasource(DefaultLoadEventListener.java:581) ~[hibernate-core-6.2.5.Final.jar:6.2.5.Final]
	at org.hibernate.event.internal.DefaultLoadEventListener.loadFromCacheOrDatasource(DefaultLoadEventListener.java:567) ~[hibernate-core-6.2.5.Final.jar:6.2.5.Final]
	at org.hibernate.event.internal.DefaultLoadEventListener.load(DefaultLoadEventListener.java:536) ~[hibernate-core-6.2.5.Final.jar:6.2.5.Final]
	at org.hibernate.event.internal.DefaultLoadEventListener.doLoad(DefaultLoadEventListener.java:529) ~[hibernate-core-6.2.5.Final.jar:6.2.5.Final]
	at org.hibernate.event.internal.DefaultLoadEventListener.load(DefaultLoadEventListener.java:202) ~[hibernate-core-6.2.5.Final.jar:6.2.5.Final]
	at org.hibernate.event.internal.DefaultLoadEventListener.loadWithRegularProxy(DefaultLoadEventListener.java:282) ~[hibernate-core-6.2.5.Final.jar:6.2.5.Final]
	at org.hibernate.event.internal.DefaultLoadEventListener.proxyOrLoad(DefaultLoadEventListener.java:237) ~[hibernate-core-6.2.5.Final.jar:6.2.5.Final]
	at org.hibernate.event.internal.DefaultLoadEventListener.doOnLoad(DefaultLoadEventListener.java:106) ~[hibernate-core-6.2.5.Final.jar:6.2.5.Final]
	at org.hibernate.event.internal.DefaultLoadEventListener.onLoad(DefaultLoadEventListener.java:78) ~[hibernate-core-6.2.5.Final.jar:6.2.5.Final]
	at org.hibernate.event.service.internal.EventListenerGroupImpl.fireEventOnEachListener(EventListenerGroupImpl.java:138) ~[hibernate-core-6.2.5.Final.jar:6.2.5.Final]
	at org.hibernate.internal.SessionImpl.fireLoadNoChecks(SessionImpl.java:1231) ~[hibernate-core-6.2.5.Final.jar:6.2.5.Final]
	at org.hibernate.internal.SessionImpl.fireLoad(SessionImpl.java:1219) ~[hibernate-core-6.2.5.Final.jar:6.2.5.Final]
	at org.hibernate.loader.internal.IdentifierLoadAccessImpl.doLoad(IdentifierLoadAccessImpl.java:194) ~[hibernate-core-6.2.5.Final.jar:6.2.5.Final]
	at org.hibernate.loader.internal.IdentifierLoadAccessImpl.lambda$load$1(IdentifierLoadAccessImpl.java:160) ~[hibernate-core-6.2.5.Final.jar:6.2.5.Final]
	at org.hibernate.loader.internal.IdentifierLoadAccessImpl.perform(IdentifierLoadAccessImpl.java:107) ~[hibernate-core-6.2.5.Final.jar:6.2.5.Final]
	at org.hibernate.loader.internal.IdentifierLoadAccessImpl.load(IdentifierLoadAccessImpl.java:160) ~[hibernate-core-6.2.5.Final.jar:6.2.5.Final]
	at org.hibernate.internal.SessionImpl.get(SessionImpl.java:1024) ~[hibernate-core-6.2.5.Final.jar:6.2.5.Final]
	at org.hibernate.event.internal.DefaultMergeEventListener.lambda$entityIsDetached$0(DefaultMergeEventListener.java:334) ~[hibernate-core-6.2.5.Final.jar:6.2.5.Final]
	at org.hibernate.engine.spi.LoadQueryInfluencers.fromInternalFetchProfile(LoadQueryInfluencers.java:79) ~[hibernate-core-6.2.5.Final.jar:6.2.5.Final]
	at org.hibernate.event.internal.DefaultMergeEventListener.entityIsDetached(DefaultMergeEventListener.java:332) ~[hibernate-core-6.2.5.Final.jar:6.2.5.Final]
	at org.hibernate.event.internal.DefaultMergeEventListener.merge(DefaultMergeEventListener.java:149) ~[hibernate-core-6.2.5.Final.jar:6.2.5.Final]
	at org.hibernate.event.internal.DefaultMergeEventListener.doMerge(DefaultMergeEventListener.java:142) ~[hibernate-core-6.2.5.Final.jar:6.2.5.Final]
	at org.hibernate.event.internal.DefaultMergeEventListener.onMerge(DefaultMergeEventListener.java:126) ~[hibernate-core-6.2.5.Final.jar:6.2.5.Final]
	at org.hibernate.event.internal.DefaultMergeEventListener.onMerge(DefaultMergeEventListener.java:80) ~[hibernate-core-6.2.5.Final.jar:6.2.5.Final]
	at org.hibernate.event.service.internal.EventListenerGroupImpl.fireEventOnEachListener(EventListenerGroupImpl.java:127) ~[hibernate-core-6.2.5.Final.jar:6.2.5.Final]
	at org.hibernate.internal.SessionImpl.fireMerge(SessionImpl.java:848) ~[hibernate-core-6.2.5.Final.jar:6.2.5.Final]
	at org.hibernate.internal.SessionImpl.merge(SessionImpl.java:834) ~[hibernate-core-6.2.5.Final.jar:6.2.5.Final]
	at jdk.internal.reflect.GeneratedMethodAccessor29.invoke(Unknown Source) ~[na:na]
	at java.base/jdk.internal.reflect.DelegatingMethodAccessorImpl.invoke(DelegatingMethodAccessorImpl.java:43) ~[na:na]
	at java.base/java.lang.reflect.Method.invoke(Method.java:568) ~[na:na]
	at org.springframework.orm.jpa.SharedEntityManagerCreator$SharedEntityManagerInvocationHandler.invoke(SharedEntityManagerCreator.java:311) ~[spring-orm-6.0.10.jar:6.0.10]
	at jdk.proxy2/jdk.proxy2.$Proxy119.merge(Unknown Source) ~[na:na]
	at org.springframework.data.jpa.repository.support.SimpleJpaRepository.save(SimpleJpaRepository.java:620) ~[spring-data-jpa-3.1.1.jar:3.1.1]
	at jdk.internal.reflect.GeneratedMethodAccessor28.invoke(Unknown Source) ~[na:na]
	at java.base/jdk.internal.reflect.DelegatingMethodAccessorImpl.invoke(DelegatingMethodAccessorImpl.java:43) ~[na:na]
	at java.base/java.lang.reflect.Method.invoke(Method.java:568) ~[na:na]
	at org.springframework.data.repository.core.support.RepositoryMethodInvoker$RepositoryFragmentMethodInvoker.lambda$new$0(RepositoryMethodInvoker.java:288) ~[spring-data-commons-3.1.1.jar:3.1.1]
	at org.springframework.data.repository.core.support.RepositoryMethodInvoker.doInvoke(RepositoryMethodInvoker.java:136) ~[spring-data-commons-3.1.1.jar:3.1.1]
	at org.springframework.data.repository.core.support.RepositoryMethodInvoker.invoke(RepositoryMethodInvoker.java:120) ~[spring-data-commons-3.1.1.jar:3.1.1]
	at org.springframework.data.repository.core.support.RepositoryComposition$RepositoryFragments.invoke(RepositoryComposition.java:516) ~[spring-data-commons-3.1.1.jar:3.1.1]
	at org.springframework.data.repository.core.support.RepositoryComposition.invoke(RepositoryComposition.java:285) ~[spring-data-commons-3.1.1.jar:3.1.1]
	at org.springframework.data.repository.core.support.RepositoryFactorySupport$ImplementationMethodExecutionInterceptor.invoke(RepositoryFactorySupport.java:628) ~[spring-data-commons-3.1.1.jar:3.1.1]
	at org.springframework.aop.framework.ReflectiveMethodInvocation.proceed(ReflectiveMethodInvocation.java:184) ~[spring-aop-6.0.10.jar:6.0.10]
	at org.springframework.data.repository.core.support.QueryExecutorMethodInterceptor.doInvoke(QueryExecutorMethodInterceptor.java:168) ~[spring-data-commons-3.1.1.jar:3.1.1]
	at org.springframework.data.repository.core.support.QueryExecutorMethodInterceptor.invoke(QueryExecutorMethodInterceptor.java:143) ~[spring-data-commons-3.1.1.jar:3.1.1]
	at org.springframework.aop.framework.ReflectiveMethodInvocation.proceed(ReflectiveMethodInvocation.java:184) ~[spring-aop-6.0.10.jar:6.0.10]
	at org.springframework.data.projection.DefaultMethodInvokingMethodInterceptor.invoke(DefaultMethodInvokingMethodInterceptor.java:72) ~[spring-data-commons-3.1.1.jar:3.1.1]
	at org.springframework.aop.framework.ReflectiveMethodInvocation.proceed(ReflectiveMethodInvocation.java:184) ~[spring-aop-6.0.10.jar:6.0.10]
	at org.springframework.transaction.interceptor.TransactionInterceptor$1.proceedWithInvocation(TransactionInterceptor.java:123) ~[spring-tx-6.0.10.jar:6.0.10]
	at org.springframework.transaction.interceptor.TransactionAspectSupport.invokeWithinTransaction(TransactionAspectSupport.java:391) ~[spring-tx-6.0.10.jar:6.0.10]
	at org.springframework.transaction.interceptor.TransactionInterceptor.invoke(TransactionInterceptor.java:119) ~[spring-tx-6.0.10.jar:6.0.10]
	at org.springframework.aop.framework.ReflectiveMethodInvocation.proceed(ReflectiveMethodInvocation.java:184) ~[spring-aop-6.0.10.jar:6.0.10]
	at org.springframework.dao.support.PersistenceExceptionTranslationInterceptor.invoke(PersistenceExceptionTranslationInterceptor.java:137) ~[spring-tx-6.0.10.jar:6.0.10]
	... 93 common frames omitted
Caused by: java.sql.SQLDataException: Value 'saaaa' is outside of valid range for type java.lang.Byte
	at com.mysql.cj.jdbc.exceptions.SQLError.createSQLException(SQLError.java:114) ~[mysql-connector-java-8.0.28.jar:8.0.28]
	at com.mysql.cj.jdbc.exceptions.SQLError.createSQLException(SQLError.java:97) ~[mysql-connector-java-8.0.28.jar:8.0.28]
	at com.mysql.cj.jdbc.exceptions.SQLError.createSQLException(SQLError.java:89) ~[mysql-connector-java-8.0.28.jar:8.0.28]
	at com.mysql.cj.jdbc.exceptions.SQLError.createSQLException(SQLError.java:63) ~[mysql-connector-java-8.0.28.jar:8.0.28]
	at com.mysql.cj.jdbc.exceptions.SQLError.createSQLException(SQLError.java:73) ~[mysql-connector-java-8.0.28.jar:8.0.28]
	at com.mysql.cj.jdbc.exceptions.SQLExceptionsMapping.translateException(SQLExceptionsMapping.java:92) ~[mysql-connector-java-8.0.28.jar:8.0.28]
	at com.mysql.cj.jdbc.result.ResultSetImpl.getObject(ResultSetImpl.java:1431) ~[mysql-connector-java-8.0.28.jar:8.0.28]
	at com.mysql.cj.jdbc.result.ResultSetImpl.getByte(ResultSetImpl.java:718) ~[mysql-connector-java-8.0.28.jar:8.0.28]
	at com.zaxxer.hikari.pool.HikariProxyResultSet.getByte(HikariProxyResultSet.java) ~[HikariCP-5.0.1.jar:na]
	at org.hibernate.type.descriptor.jdbc.TinyIntJdbcType$2.doExtract(TinyIntJdbcType.java:91) ~[hibernate-core-6.2.5.Final.jar:6.2.5.Final]
	at org.hibernate.type.descriptor.jdbc.BasicExtractor.extract(BasicExtractor.java:44) ~[hibernate-core-6.2.5.Final.jar:6.2.5.Final]
	at org.hibernate.sql.results.jdbc.internal.JdbcValuesResultSetImpl.readCurrentRowValues(JdbcValuesResultSetImpl.java:314) ~[hibernate-core-6.2.5.Final.jar:6.2.5.Final]
	... 161 common frames omitted
Caused by: com.mysql.cj.exceptions.NumberOutOfRange: Value 'saaaa' is outside of valid range for type java.lang.Byte
	at com.mysql.cj.result.ByteValueFactory.createFromBytes(ByteValueFactory.java:113) ~[mysql-connector-java-8.0.28.jar:8.0.28]
	at com.mysql.cj.result.ByteValueFactory.createFromBytes(ByteValueFactory.java:46) ~[mysql-connector-java-8.0.28.jar:8.0.28]
	at com.mysql.cj.protocol.a.MysqlTextValueDecoder.decodeByteArray(MysqlTextValueDecoder.java:143) ~[mysql-connector-java-8.0.28.jar:8.0.28]
	at com.mysql.cj.protocol.result.AbstractResultsetRow.decodeAndCreateReturnValue(AbstractResultsetRow.java:135) ~[mysql-connector-java-8.0.28.jar:8.0.28]
	at com.mysql.cj.protocol.result.AbstractResultsetRow.getValueFromBytes(AbstractResultsetRow.java:243) ~[mysql-connector-java-8.0.28.jar:8.0.28]
	at com.mysql.cj.protocol.a.result.ByteArrayRow.getValue(ByteArrayRow.java:91) ~[mysql-connector-java-8.0.28.jar:8.0.28]
	at com.mysql.cj.jdbc.result.ResultSetImpl.getObject(ResultSetImpl.java:1314) ~[mysql-connector-java-8.0.28.jar:8.0.28]
	... 166 common frames omitted

]]></system-out>
    <system-err><![CDATA[


============================
CONDITIONS EVALUATION REPORT
============================


Positive matches:
-----------------

    None


Negative matches:
-----------------

    None


Exclusions:
-----------

    None


Unconditional classes:
----------------------

    None



]]></system-err>
  </testcase>
</testsuite>